#
# There is insufficient memory for the Java Runtime Environment to continue.
# Native memory allocation (malloc) failed to allocate 32744 bytes for Chunk::new
# Possible reasons:
#   The system is out of physical RAM or swap space
#   The process is running with CompressedOops enabled, and the Java Heap may be blocking the growth of the native heap
# Possible solutions:
#   Reduce memory load on the system
#   Increase physical memory or swap space
#   Check if swap backing store is full
#   Decrease Java heap size (-Xmx/-Xms)
#   Decrease number of Java threads
#   Decrease Java thread stack sizes (-Xss)
#   Set larger code cache with -XX:ReservedCodeCacheSize=
#   JVM is running with Unscaled Compressed Oops mode in which the Java heap is
#     placed in the first 4GB address space. The Java Heap base address is the
#     maximum limit for the native heap growth. Please use -XX:HeapBaseMinAddress
#     to set the Java Heap base and to place the Java Heap above 4GB virtual address.
# This output file may be truncated or incomplete.
#
#  Out of Memory Error (arena.cpp:184), pid=11784, tid=14856
#
# JRE version: Java(TM) SE Runtime Environment (18.0.2+9) (build 18.0.2+9-61)
# Java VM: Java HotSpot(TM) 64-Bit Server VM (18.0.2+9-61, mixed mode, sharing, tiered, compressed oops, compressed class ptrs, g1 gc, windows-amd64)
# No core dump will be written. Minidumps are not enabled by default on client versions of Windows
#

---------------  S U M M A R Y ------------

Command Line: -Dfile.encoding=UTF-8 mainlibrary.MainLibrary

Host: Intel(R) Xeon(R) Platinum 8272CL CPU @ 2.60GHz, 2 cores, 7G,  Windows 11 , 64 bit Build 22000 (10.0.22000.708)
Time: Sat Aug 13 21:02:19 2022 India Standard Time elapsed time: 0.220428 seconds (0d 0h 0m 0s)

---------------  T H R E A D  ---------------

Current thread (0x0000021d759d3650):  JavaThread "C1 CompilerThread0" daemon [_thread_in_native, id=14856, stack(0x0000007b64400000,0x0000007b64500000)]


Current CompileTask:
C1:    220  202       3       jdk.internal.org.objectweb.asm.Frame::execute (2305 bytes)

Stack: [0x0000007b64400000,0x0000007b64500000]
Native frames: (J=compiled Java code, j=interpreted, Vv=VM code, C=native code)
V  [jvm.dll+0x6993ca]
V  [jvm.dll+0x7f481d]
V  [jvm.dll+0x7f612e]
V  [jvm.dll+0x7f67e3]
V  [jvm.dll+0x25cdaf]
V  [jvm.dll+0xb8c2f]
V  [jvm.dll+0xb8fa5]
V  [jvm.dll+0x17b58c]
V  [jvm.dll+0x17254e]
V  [jvm.dll+0x160490]
V  [jvm.dll+0x148f67]
V  [jvm.dll+0x1488cf]
V  [jvm.dll+0x148b26]
V  [jvm.dll+0x147f9a]
V  [jvm.dll+0x149c81]
V  [jvm.dll+0x23ec9a]
V  [jvm.dll+0x23cf85]
V  [jvm.dll+0x7a6e21]
V  [jvm.dll+0x7a125a]
V  [jvm.dll+0x698275]
C  [ucrtbase.dll+0x26c0c]
C  [KERNEL32.DLL+0x154e0]
C  [ntdll.dll+0x485b]


---------------  P R O C E S S  ---------------

Threads class SMR info:
_java_thread_list=0x0000021d79c808b0, length=12, elements={
0x0000021d584e0460, 0x0000021d759b1f50, 0x0000021d759b2800, 0x0000021d759cfc10,
0x0000021d759d04c0, 0x0000021d759d0e60, 0x0000021d759d1800, 0x0000021d759d24d0,
0x0000021d759d3650, 0x0000021d759f7f30, 0x0000021d79c827e0, 0x0000021d79c85740
}

Java Threads: ( => current thread )
  0x0000021d584e0460 JavaThread "main" [_thread_in_vm, id=10660, stack(0x0000007b63600000,0x0000007b63700000)]
  0x0000021d759b1f50 JavaThread "Reference Handler" daemon [_thread_blocked, id=7556, stack(0x0000007b63d00000,0x0000007b63e00000)]
  0x0000021d759b2800 JavaThread "Finalizer" daemon [_thread_blocked, id=8900, stack(0x0000007b63e00000,0x0000007b63f00000)]
  0x0000021d759cfc10 JavaThread "Signal Dispatcher" daemon [_thread_blocked, id=13652, stack(0x0000007b63f00000,0x0000007b64000000)]
  0x0000021d759d04c0 JavaThread "Attach Listener" daemon [_thread_blocked, id=368, stack(0x0000007b64000000,0x0000007b64100000)]
  0x0000021d759d0e60 JavaThread "Service Thread" daemon [_thread_blocked, id=10424, stack(0x0000007b64100000,0x0000007b64200000)]
  0x0000021d759d1800 JavaThread "Monitor Deflation Thread" daemon [_thread_blocked, id=15376, stack(0x0000007b64200000,0x0000007b64300000)]
  0x0000021d759d24d0 JavaThread "C2 CompilerThread0" daemon [_thread_blocked, id=4556, stack(0x0000007b64300000,0x0000007b64400000)]
=>0x0000021d759d3650 JavaThread "C1 CompilerThread0" daemon [_thread_in_native, id=14856, stack(0x0000007b64400000,0x0000007b64500000)]
  0x0000021d759f7f30 JavaThread "Sweeper thread" daemon [_thread_blocked, id=16276, stack(0x0000007b64500000,0x0000007b64600000)]
  0x0000021d79c827e0 JavaThread "Notification Thread" daemon [_thread_blocked, id=16788, stack(0x0000007b64600000,0x0000007b64700000)]
  0x0000021d79c85740 JavaThread "Common-Cleaner" daemon [_thread_blocked, id=14384, stack(0x0000007b64800000,0x0000007b64900000)]

Other Threads:
  0x0000021d585add80 VMThread "VM Thread" [stack: 0x0000007b63c00000,0x0000007b63d00000] [id=11164]
  0x0000021d79c850c0 WatcherThread "VM Periodic Task Thread" [stack: 0x0000007b64700000,0x0000007b64800000] [id=3704]
  0x0000021d585405e0 WorkerThread "GC Thread#0" [stack: 0x0000007b63700000,0x0000007b63800000] [id=17340]
  0x0000021d58551510 ConcurrentGCThread "G1 Main Marker" [stack: 0x0000007b63800000,0x0000007b63900000] [id=15488]
  0x0000021d58552060 WorkerThread "G1 Conc#0" [stack: 0x0000007b63900000,0x0000007b63a00000] [id=14560]
  0x0000021d58587130 ConcurrentGCThread "G1 Refine#0" [stack: 0x0000007b63a00000,0x0000007b63b00000] [id=12132]
  0x0000021d58587ba0 ConcurrentGCThread "G1 Service" [stack: 0x0000007b63b00000,0x0000007b63c00000] [id=11116]

Threads with active compile tasks:
C1 CompilerThread0      254  202       3       jdk.internal.org.objectweb.asm.Frame::execute (2305 bytes)

VM state: not at safepoint (normal execution)

VM Mutex/Monitor currently owned by a thread: None

Heap address: 0x0000000080000000, size: 2048 MB, Compressed Oops mode: 32-bit

CDS archive(s) mapped at: [0x0000000800000000-0x0000000800ba0000-0x0000000800ba0000), size 12189696, SharedBaseAddress: 0x0000000800000000, ArchiveRelocationMode: 0.
Compressed class space mapped at: 0x0000000800c00000-0x0000000840c00000, reserved size: 1073741824
Narrow klass base: 0x0000000800000000, Narrow klass shift: 0, Narrow klass range: 0x100000000

GC Precious Log:
 CardTable entry size: 512
 Card Set container configuration: InlinePtr #cards 5 size 8 Array Of Cards #cards 12 size 40 Howl #buckets 4 coarsen threshold 1843 Howl Bitmap #cards 512 size 80 coarsen threshold 460 Card regions per heap region 1 cards per card region 2048
 CPUs: 2 total, 2 available
 Memory: 8190M
 Large Page Support: Disabled
 NUMA Support: Disabled
 Compressed Oops: Enabled (32-bit)
 Heap Region Size: 1M
 Heap Min Capacity: 8M
 Heap Initial Capacity: 128M
 Heap Max Capacity: 2G
 Pre-touch: Disabled
 Parallel Workers: 2
 Concurrent Workers: 1
 Concurrent Refinement Workers: 2
 Periodic GC: Disabled

Heap:
 garbage-first heap   total 131072K, used 1024K [0x0000000080000000, 0x0000000100000000)
  region size 1024K, 2 young (2048K), 0 survivors (0K)
 Metaspace       used 1057K, committed 1216K, reserved 1114112K
  class space    used 83K, committed 192K, reserved 1048576K

Heap Regions: E=young(eden), S=young(survivor), O=old, HS=humongous(starts), HC=humongous(continues), CS=collection set, F=free, OA=open archive, CA=closed archive, TAMS=top-at-mark-start (previous, next)
|   0|0x0000000080000000, 0x0000000080000000, 0x0000000080100000|  0%| F|  |TAMS 0x0000000080000000, 0x0000000080000000| Untracked 
|   1|0x0000000080100000, 0x0000000080100000, 0x0000000080200000|  0%| F|  |TAMS 0x0000000080100000, 0x0000000080100000| Untracked 
|   2|0x0000000080200000, 0x0000000080200000, 0x0000000080300000|  0%| F|  |TAMS 0x0000000080200000, 0x0000000080200000| Untracked 
|   3|0x0000000080300000, 0x0000000080300000, 0x0000000080400000|  0%| F|  |TAMS 0x0000000080300000, 0x0000000080300000| Untracked 
|   4|0x0000000080400000, 0x0000000080400000, 0x0000000080500000|  0%| F|  |TAMS 0x0000000080400000, 0x0000000080400000| Untracked 
|   5|0x0000000080500000, 0x0000000080500000, 0x0000000080600000|  0%| F|  |TAMS 0x0000000080500000, 0x0000000080500000| Untracked 
|   6|0x0000000080600000, 0x0000000080600000, 0x0000000080700000|  0%| F|  |TAMS 0x0000000080600000, 0x0000000080600000| Untracked 
|   7|0x0000000080700000, 0x0000000080700000, 0x0000000080800000|  0%| F|  |TAMS 0x0000000080700000, 0x0000000080700000| Untracked 
|   8|0x0000000080800000, 0x0000000080800000, 0x0000000080900000|  0%| F|  |TAMS 0x0000000080800000, 0x0000000080800000| Untracked 
|   9|0x0000000080900000, 0x0000000080900000, 0x0000000080a00000|  0%| F|  |TAMS 0x0000000080900000, 0x0000000080900000| Untracked 
|  10|0x0000000080a00000, 0x0000000080a00000, 0x0000000080b00000|  0%| F|  |TAMS 0x0000000080a00000, 0x0000000080a00000| Untracked 
|  11|0x0000000080b00000, 0x0000000080b00000, 0x0000000080c00000|  0%| F|  |TAMS 0x0000000080b00000, 0x0000000080b00000| Untracked 
|  12|0x0000000080c00000, 0x0000000080c00000, 0x0000000080d00000|  0%| F|  |TAMS 0x0000000080c00000, 0x0000000080c00000| Untracked 
|  13|0x0000000080d00000, 0x0000000080d00000, 0x0000000080e00000|  0%| F|  |TAMS 0x0000000080d00000, 0x0000000080d00000| Untracked 
|  14|0x0000000080e00000, 0x0000000080e00000, 0x0000000080f00000|  0%| F|  |TAMS 0x0000000080e00000, 0x0000000080e00000| Untracked 
|  15|0x0000000080f00000, 0x0000000080f00000, 0x0000000081000000|  0%| F|  |TAMS 0x0000000080f00000, 0x0000000080f00000| Untracked 
|  16|0x0000000081000000, 0x0000000081000000, 0x0000000081100000|  0%| F|  |TAMS 0x0000000081000000, 0x0000000081000000| Untracked 
|  17|0x0000000081100000, 0x0000000081100000, 0x0000000081200000|  0%| F|  |TAMS 0x0000000081100000, 0x0000000081100000| Untracked 
|  18|0x0000000081200000, 0x0000000081200000, 0x0000000081300000|  0%| F|  |TAMS 0x0000000081200000, 0x0000000081200000| Untracked 
|  19|0x0000000081300000, 0x0000000081300000, 0x0000000081400000|  0%| F|  |TAMS 0x0000000081300000, 0x0000000081300000| Untracked 
|  20|0x0000000081400000, 0x0000000081400000, 0x0000000081500000|  0%| F|  |TAMS 0x0000000081400000, 0x0000000081400000| Untracked 
|  21|0x0000000081500000, 0x0000000081500000, 0x0000000081600000|  0%| F|  |TAMS 0x0000000081500000, 0x0000000081500000| Untracked 
|  22|0x0000000081600000, 0x0000000081600000, 0x0000000081700000|  0%| F|  |TAMS 0x0000000081600000, 0x0000000081600000| Untracked 
|  23|0x0000000081700000, 0x0000000081700000, 0x0000000081800000|  0%| F|  |TAMS 0x0000000081700000, 0x0000000081700000| Untracked 
|  24|0x0000000081800000, 0x0000000081800000, 0x0000000081900000|  0%| F|  |TAMS 0x0000000081800000, 0x0000000081800000| Untracked 
|  25|0x0000000081900000, 0x0000000081900000, 0x0000000081a00000|  0%| F|  |TAMS 0x0000000081900000, 0x0000000081900000| Untracked 
|  26|0x0000000081a00000, 0x0000000081a00000, 0x0000000081b00000|  0%| F|  |TAMS 0x0000000081a00000, 0x0000000081a00000| Untracked 
|  27|0x0000000081b00000, 0x0000000081b00000, 0x0000000081c00000|  0%| F|  |TAMS 0x0000000081b00000, 0x0000000081b00000| Untracked 
|  28|0x0000000081c00000, 0x0000000081c00000, 0x0000000081d00000|  0%| F|  |TAMS 0x0000000081c00000, 0x0000000081c00000| Untracked 
|  29|0x0000000081d00000, 0x0000000081d00000, 0x0000000081e00000|  0%| F|  |TAMS 0x0000000081d00000, 0x0000000081d00000| Untracked 
|  30|0x0000000081e00000, 0x0000000081e00000, 0x0000000081f00000|  0%| F|  |TAMS 0x0000000081e00000, 0x0000000081e00000| Untracked 
|  31|0x0000000081f00000, 0x0000000081f00000, 0x0000000082000000|  0%| F|  |TAMS 0x0000000081f00000, 0x0000000081f00000| Untracked 
|  32|0x0000000082000000, 0x0000000082000000, 0x0000000082100000|  0%| F|  |TAMS 0x0000000082000000, 0x0000000082000000| Untracked 
|  33|0x0000000082100000, 0x0000000082100000, 0x0000000082200000|  0%| F|  |TAMS 0x0000000082100000, 0x0000000082100000| Untracked 
|  34|0x0000000082200000, 0x0000000082200000, 0x0000000082300000|  0%| F|  |TAMS 0x0000000082200000, 0x0000000082200000| Untracked 
|  35|0x0000000082300000, 0x0000000082300000, 0x0000000082400000|  0%| F|  |TAMS 0x0000000082300000, 0x0000000082300000| Untracked 
|  36|0x0000000082400000, 0x0000000082400000, 0x0000000082500000|  0%| F|  |TAMS 0x0000000082400000, 0x0000000082400000| Untracked 
|  37|0x0000000082500000, 0x0000000082500000, 0x0000000082600000|  0%| F|  |TAMS 0x0000000082500000, 0x0000000082500000| Untracked 
|  38|0x0000000082600000, 0x0000000082600000, 0x0000000082700000|  0%| F|  |TAMS 0x0000000082600000, 0x0000000082600000| Untracked 
|  39|0x0000000082700000, 0x0000000082700000, 0x0000000082800000|  0%| F|  |TAMS 0x0000000082700000, 0x0000000082700000| Untracked 
|  40|0x0000000082800000, 0x0000000082800000, 0x0000000082900000|  0%| F|  |TAMS 0x0000000082800000, 0x0000000082800000| Untracked 
|  41|0x0000000082900000, 0x0000000082900000, 0x0000000082a00000|  0%| F|  |TAMS 0x0000000082900000, 0x0000000082900000| Untracked 
|  42|0x0000000082a00000, 0x0000000082a00000, 0x0000000082b00000|  0%| F|  |TAMS 0x0000000082a00000, 0x0000000082a00000| Untracked 
|  43|0x0000000082b00000, 0x0000000082b00000, 0x0000000082c00000|  0%| F|  |TAMS 0x0000000082b00000, 0x0000000082b00000| Untracked 
|  44|0x0000000082c00000, 0x0000000082c00000, 0x0000000082d00000|  0%| F|  |TAMS 0x0000000082c00000, 0x0000000082c00000| Untracked 
|  45|0x0000000082d00000, 0x0000000082d00000, 0x0000000082e00000|  0%| F|  |TAMS 0x0000000082d00000, 0x0000000082d00000| Untracked 
|  46|0x0000000082e00000, 0x0000000082e00000, 0x0000000082f00000|  0%| F|  |TAMS 0x0000000082e00000, 0x0000000082e00000| Untracked 
|  47|0x0000000082f00000, 0x0000000082f00000, 0x0000000083000000|  0%| F|  |TAMS 0x0000000082f00000, 0x0000000082f00000| Untracked 
|  48|0x0000000083000000, 0x0000000083000000, 0x0000000083100000|  0%| F|  |TAMS 0x0000000083000000, 0x0000000083000000| Untracked 
|  49|0x0000000083100000, 0x0000000083100000, 0x0000000083200000|  0%| F|  |TAMS 0x0000000083100000, 0x0000000083100000| Untracked 
|  50|0x0000000083200000, 0x0000000083200000, 0x0000000083300000|  0%| F|  |TAMS 0x0000000083200000, 0x0000000083200000| Untracked 
|  51|0x0000000083300000, 0x0000000083300000, 0x0000000083400000|  0%| F|  |TAMS 0x0000000083300000, 0x0000000083300000| Untracked 
|  52|0x0000000083400000, 0x0000000083400000, 0x0000000083500000|  0%| F|  |TAMS 0x0000000083400000, 0x0000000083400000| Untracked 
|  53|0x0000000083500000, 0x0000000083500000, 0x0000000083600000|  0%| F|  |TAMS 0x0000000083500000, 0x0000000083500000| Untracked 
|  54|0x0000000083600000, 0x0000000083600000, 0x0000000083700000|  0%| F|  |TAMS 0x0000000083600000, 0x0000000083600000| Untracked 
|  55|0x0000000083700000, 0x0000000083700000, 0x0000000083800000|  0%| F|  |TAMS 0x0000000083700000, 0x0000000083700000| Untracked 
|  56|0x0000000083800000, 0x0000000083800000, 0x0000000083900000|  0%| F|  |TAMS 0x0000000083800000, 0x0000000083800000| Untracked 
|  57|0x0000000083900000, 0x0000000083900000, 0x0000000083a00000|  0%| F|  |TAMS 0x0000000083900000, 0x0000000083900000| Untracked 
|  58|0x0000000083a00000, 0x0000000083a00000, 0x0000000083b00000|  0%| F|  |TAMS 0x0000000083a00000, 0x0000000083a00000| Untracked 
|  59|0x0000000083b00000, 0x0000000083b00000, 0x0000000083c00000|  0%| F|  |TAMS 0x0000000083b00000, 0x0000000083b00000| Untracked 
|  60|0x0000000083c00000, 0x0000000083c00000, 0x0000000083d00000|  0%| F|  |TAMS 0x0000000083c00000, 0x0000000083c00000| Untracked 
|  61|0x0000000083d00000, 0x0000000083d00000, 0x0000000083e00000|  0%| F|  |TAMS 0x0000000083d00000, 0x0000000083d00000| Untracked 
|  62|0x0000000083e00000, 0x0000000083e00000, 0x0000000083f00000|  0%| F|  |TAMS 0x0000000083e00000, 0x0000000083e00000| Untracked 
|  63|0x0000000083f00000, 0x0000000083f00000, 0x0000000084000000|  0%| F|  |TAMS 0x0000000083f00000, 0x0000000083f00000| Untracked 
|  64|0x0000000084000000, 0x0000000084000000, 0x0000000084100000|  0%| F|  |TAMS 0x0000000084000000, 0x0000000084000000| Untracked 
|  65|0x0000000084100000, 0x0000000084100000, 0x0000000084200000|  0%| F|  |TAMS 0x0000000084100000, 0x0000000084100000| Untracked 
|  66|0x0000000084200000, 0x0000000084200000, 0x0000000084300000|  0%| F|  |TAMS 0x0000000084200000, 0x0000000084200000| Untracked 
|  67|0x0000000084300000, 0x0000000084300000, 0x0000000084400000|  0%| F|  |TAMS 0x0000000084300000, 0x0000000084300000| Untracked 
|  68|0x0000000084400000, 0x0000000084400000, 0x0000000084500000|  0%| F|  |TAMS 0x0000000084400000, 0x0000000084400000| Untracked 
|  69|0x0000000084500000, 0x0000000084500000, 0x0000000084600000|  0%| F|  |TAMS 0x0000000084500000, 0x0000000084500000| Untracked 
|  70|0x0000000084600000, 0x0000000084600000, 0x0000000084700000|  0%| F|  |TAMS 0x0000000084600000, 0x0000000084600000| Untracked 
|  71|0x0000000084700000, 0x0000000084700000, 0x0000000084800000|  0%| F|  |TAMS 0x0000000084700000, 0x0000000084700000| Untracked 
|  72|0x0000000084800000, 0x0000000084800000, 0x0000000084900000|  0%| F|  |TAMS 0x0000000084800000, 0x0000000084800000| Untracked 
|  73|0x0000000084900000, 0x0000000084900000, 0x0000000084a00000|  0%| F|  |TAMS 0x0000000084900000, 0x0000000084900000| Untracked 
|  74|0x0000000084a00000, 0x0000000084a00000, 0x0000000084b00000|  0%| F|  |TAMS 0x0000000084a00000, 0x0000000084a00000| Untracked 
|  75|0x0000000084b00000, 0x0000000084b00000, 0x0000000084c00000|  0%| F|  |TAMS 0x0000000084b00000, 0x0000000084b00000| Untracked 
|  76|0x0000000084c00000, 0x0000000084c00000, 0x0000000084d00000|  0%| F|  |TAMS 0x0000000084c00000, 0x0000000084c00000| Untracked 
|  77|0x0000000084d00000, 0x0000000084d00000, 0x0000000084e00000|  0%| F|  |TAMS 0x0000000084d00000, 0x0000000084d00000| Untracked 
|  78|0x0000000084e00000, 0x0000000084e00000, 0x0000000084f00000|  0%| F|  |TAMS 0x0000000084e00000, 0x0000000084e00000| Untracked 
|  79|0x0000000084f00000, 0x0000000084f00000, 0x0000000085000000|  0%| F|  |TAMS 0x0000000084f00000, 0x0000000084f00000| Untracked 
|  80|0x0000000085000000, 0x0000000085000000, 0x0000000085100000|  0%| F|  |TAMS 0x0000000085000000, 0x0000000085000000| Untracked 
|  81|0x0000000085100000, 0x0000000085100000, 0x0000000085200000|  0%| F|  |TAMS 0x0000000085100000, 0x0000000085100000| Untracked 
|  82|0x0000000085200000, 0x0000000085200000, 0x0000000085300000|  0%| F|  |TAMS 0x0000000085200000, 0x0000000085200000| Untracked 
|  83|0x0000000085300000, 0x0000000085300000, 0x0000000085400000|  0%| F|  |TAMS 0x0000000085300000, 0x0000000085300000| Untracked 
|  84|0x0000000085400000, 0x0000000085400000, 0x0000000085500000|  0%| F|  |TAMS 0x0000000085400000, 0x0000000085400000| Untracked 
|  85|0x0000000085500000, 0x0000000085500000, 0x0000000085600000|  0%| F|  |TAMS 0x0000000085500000, 0x0000000085500000| Untracked 
|  86|0x0000000085600000, 0x0000000085600000, 0x0000000085700000|  0%| F|  |TAMS 0x0000000085600000, 0x0000000085600000| Untracked 
|  87|0x0000000085700000, 0x0000000085700000, 0x0000000085800000|  0%| F|  |TAMS 0x0000000085700000, 0x0000000085700000| Untracked 
|  88|0x0000000085800000, 0x0000000085800000, 0x0000000085900000|  0%| F|  |TAMS 0x0000000085800000, 0x0000000085800000| Untracked 
|  89|0x0000000085900000, 0x0000000085900000, 0x0000000085a00000|  0%| F|  |TAMS 0x0000000085900000, 0x0000000085900000| Untracked 
|  90|0x0000000085a00000, 0x0000000085a00000, 0x0000000085b00000|  0%| F|  |TAMS 0x0000000085a00000, 0x0000000085a00000| Untracked 
|  91|0x0000000085b00000, 0x0000000085b00000, 0x0000000085c00000|  0%| F|  |TAMS 0x0000000085b00000, 0x0000000085b00000| Untracked 
|  92|0x0000000085c00000, 0x0000000085c00000, 0x0000000085d00000|  0%| F|  |TAMS 0x0000000085c00000, 0x0000000085c00000| Untracked 
|  93|0x0000000085d00000, 0x0000000085d00000, 0x0000000085e00000|  0%| F|  |TAMS 0x0000000085d00000, 0x0000000085d00000| Untracked 
|  94|0x0000000085e00000, 0x0000000085e00000, 0x0000000085f00000|  0%| F|  |TAMS 0x0000000085e00000, 0x0000000085e00000| Untracked 
|  95|0x0000000085f00000, 0x0000000085f00000, 0x0000000086000000|  0%| F|  |TAMS 0x0000000085f00000, 0x0000000085f00000| Untracked 
|  96|0x0000000086000000, 0x0000000086000000, 0x0000000086100000|  0%| F|  |TAMS 0x0000000086000000, 0x0000000086000000| Untracked 
|  97|0x0000000086100000, 0x0000000086100000, 0x0000000086200000|  0%| F|  |TAMS 0x0000000086100000, 0x0000000086100000| Untracked 
|  98|0x0000000086200000, 0x0000000086200000, 0x0000000086300000|  0%| F|  |TAMS 0x0000000086200000, 0x0000000086200000| Untracked 
|  99|0x0000000086300000, 0x0000000086300000, 0x0000000086400000|  0%| F|  |TAMS 0x0000000086300000, 0x0000000086300000| Untracked 
| 100|0x0000000086400000, 0x0000000086400000, 0x0000000086500000|  0%| F|  |TAMS 0x0000000086400000, 0x0000000086400000| Untracked 
| 101|0x0000000086500000, 0x0000000086500000, 0x0000000086600000|  0%| F|  |TAMS 0x0000000086500000, 0x0000000086500000| Untracked 
| 102|0x0000000086600000, 0x0000000086600000, 0x0000000086700000|  0%| F|  |TAMS 0x0000000086600000, 0x0000000086600000| Untracked 
| 103|0x0000000086700000, 0x0000000086700000, 0x0000000086800000|  0%| F|  |TAMS 0x0000000086700000, 0x0000000086700000| Untracked 
| 104|0x0000000086800000, 0x0000000086800000, 0x0000000086900000|  0%| F|  |TAMS 0x0000000086800000, 0x0000000086800000| Untracked 
| 105|0x0000000086900000, 0x0000000086900000, 0x0000000086a00000|  0%| F|  |TAMS 0x0000000086900000, 0x0000000086900000| Untracked 
| 106|0x0000000086a00000, 0x0000000086a00000, 0x0000000086b00000|  0%| F|  |TAMS 0x0000000086a00000, 0x0000000086a00000| Untracked 
| 107|0x0000000086b00000, 0x0000000086b00000, 0x0000000086c00000|  0%| F|  |TAMS 0x0000000086b00000, 0x0000000086b00000| Untracked 
| 108|0x0000000086c00000, 0x0000000086c00000, 0x0000000086d00000|  0%| F|  |TAMS 0x0000000086c00000, 0x0000000086c00000| Untracked 
| 109|0x0000000086d00000, 0x0000000086d00000, 0x0000000086e00000|  0%| F|  |TAMS 0x0000000086d00000, 0x0000000086d00000| Untracked 
| 110|0x0000000086e00000, 0x0000000086e00000, 0x0000000086f00000|  0%| F|  |TAMS 0x0000000086e00000, 0x0000000086e00000| Untracked 
| 111|0x0000000086f00000, 0x0000000086f00000, 0x0000000087000000|  0%| F|  |TAMS 0x0000000086f00000, 0x0000000086f00000| Untracked 
| 112|0x0000000087000000, 0x0000000087000000, 0x0000000087100000|  0%| F|  |TAMS 0x0000000087000000, 0x0000000087000000| Untracked 
| 113|0x0000000087100000, 0x0000000087100000, 0x0000000087200000|  0%| F|  |TAMS 0x0000000087100000, 0x0000000087100000| Untracked 
| 114|0x0000000087200000, 0x0000000087200000, 0x0000000087300000|  0%| F|  |TAMS 0x0000000087200000, 0x0000000087200000| Untracked 
| 115|0x0000000087300000, 0x0000000087300000, 0x0000000087400000|  0%| F|  |TAMS 0x0000000087300000, 0x0000000087300000| Untracked 
| 116|0x0000000087400000, 0x0000000087400000, 0x0000000087500000|  0%| F|  |TAMS 0x0000000087400000, 0x0000000087400000| Untracked 
| 117|0x0000000087500000, 0x0000000087500000, 0x0000000087600000|  0%| F|  |TAMS 0x0000000087500000, 0x0000000087500000| Untracked 
| 118|0x0000000087600000, 0x0000000087600000, 0x0000000087700000|  0%| F|  |TAMS 0x0000000087600000, 0x0000000087600000| Untracked 
| 119|0x0000000087700000, 0x0000000087700000, 0x0000000087800000|  0%| F|  |TAMS 0x0000000087700000, 0x0000000087700000| Untracked 
| 120|0x0000000087800000, 0x0000000087800000, 0x0000000087900000|  0%| F|  |TAMS 0x0000000087800000, 0x0000000087800000| Untracked 
| 121|0x0000000087900000, 0x0000000087900000, 0x0000000087a00000|  0%| F|  |TAMS 0x0000000087900000, 0x0000000087900000| Untracked 
| 122|0x0000000087a00000, 0x0000000087a00000, 0x0000000087b00000|  0%| F|  |TAMS 0x0000000087a00000, 0x0000000087a00000| Untracked 
| 123|0x0000000087b00000, 0x0000000087b00000, 0x0000000087c00000|  0%| F|  |TAMS 0x0000000087b00000, 0x0000000087b00000| Untracked 
| 124|0x0000000087c00000, 0x0000000087c00000, 0x0000000087d00000|  0%| F|  |TAMS 0x0000000087c00000, 0x0000000087c00000| Untracked 
| 125|0x0000000087d00000, 0x0000000087d00000, 0x0000000087e00000|  0%| F|  |TAMS 0x0000000087d00000, 0x0000000087d00000| Untracked 
| 126|0x0000000087e00000, 0x0000000087e5eb60, 0x0000000087f00000| 36%| E|  |TAMS 0x0000000087e00000, 0x0000000087e00000| Complete 
| 127|0x0000000087f00000, 0x0000000088000000, 0x0000000088000000|100%| E|CS|TAMS 0x0000000087f00000, 0x0000000087f00000| Complete 

Card table byte_map: [0x0000021d6ee20000,0x0000021d6f220000] _byte_map_base: 0x0000021d6ea20000

Marking Bits (Prev, Next): (CMBitMap*) 0x0000021d58540be0, (CMBitMap*) 0x0000021d58540c20
 Prev Bits: [0x0000021d6f620000, 0x0000021d71620000)
 Next Bits: [0x0000021d71620000, 0x0000021d73620000)

Polling page: 0x0000021d56490000

Metaspace:

Usage:
  Non-class:    973.52 KB used.
      Class:     83.66 KB used.
       Both:      1.03 MB used.

Virtual space:
  Non-class space:       64.00 MB reserved,       1.00 MB (  2%) committed,  1 nodes.
      Class space:        1.00 GB reserved,     192.00 KB ( <1%) committed,  1 nodes.
             Both:        1.06 GB reserved,       1.19 MB ( <1%) committed. 

Chunk freelists:
   Non-Class:  3.97 MB
       Class:  3.73 MB
        Both:  7.71 MB

MaxMetaspaceSize: unlimited
CompressedClassSpaceSize: 1.00 GB
Initial GC threshold: 21.00 MB
Current GC threshold: 21.00 MB
CDS: on
MetaspaceReclaimPolicy: balanced
 - commit_granule_bytes: 65536.
 - commit_granule_words: 8192.
 - virtual_space_node_default_size: 8388608.
 - enlarge_chunks_in_place: 1.
 - new_chunks_are_fully_committed: 0.
 - uncommit_free_chunks: 1.
 - use_allocation_guard: 0.


Internal statistics:

num_allocs_failed_limit: 0.
num_arena_births: 20.
num_arena_deaths: 0.
num_vsnodes_births: 2.
num_vsnodes_deaths: 0.
num_space_committed: 19.
num_space_uncommitted: 0.
num_chunks_returned_to_freelist: 0.
num_chunks_taken_from_freelist: 21.
num_chunk_merges: 0.
num_chunk_splits: 14.
num_chunks_enlarged: 9.
num_inconsistent_stats: 0.

CodeHeap 'non-profiled nmethods': size=120064Kb used=61Kb max_used=61Kb free=120002Kb
 bounds [0x0000021d678e0000, 0x0000021d67b50000, 0x0000021d6ee20000]
CodeHeap 'profiled nmethods': size=120000Kb used=221Kb max_used=221Kb free=119778Kb
 bounds [0x0000021d603b0000, 0x0000021d60620000, 0x0000021d678e0000]
CodeHeap 'non-nmethods': size=5696Kb used=1127Kb max_used=1140Kb free=4568Kb
 bounds [0x0000021d5fe20000, 0x0000021d60090000, 0x0000021d603b0000]
 total_blobs=584 nmethods=201 adapters=296
 compilation: enabled
              stopped_count=0, restarted_count=0
 full_count=0

Compilation events (20 events):
Event: 0.208 Thread 0x0000021d759d3650 nmethod 185 0x0000021d603e1e90 code [0x0000021d603e2040, 0x0000021d603e2228]
Event: 0.208 Thread 0x0000021d759d3650  186       3       java.lang.invoke.MemberName::initResolved (53 bytes)
Event: 0.209 Thread 0x0000021d759d3650 nmethod 186 0x0000021d603e2310 code [0x0000021d603e24a0, 0x0000021d603e2658]
Event: 0.209 Thread 0x0000021d759d3650  189       3       java.lang.String::checkBoundsBeginEnd (11 bytes)
Event: 0.210 Thread 0x0000021d759d3650 nmethod 189 0x0000021d603e2710 code [0x0000021d603e28c0, 0x0000021d603e2b08]
Event: 0.210 Thread 0x0000021d759d3650  190       3       java.lang.invoke.MethodType$ConcurrentWeakInternSet::get (47 bytes)
Event: 0.210 Thread 0x0000021d759d3650 nmethod 190 0x0000021d603e2c10 code [0x0000021d603e2e40, 0x0000021d603e3798]
Event: 0.211 Thread 0x0000021d759d3650  192       3       sun.invoke.util.VerifyAccess::isTypeVisible (118 bytes)
Event: 0.211 Thread 0x0000021d759d3650 nmethod 192 0x0000021d603e3b10 code [0x0000021d603e3e00, 0x0000021d603e4e18]
Event: 0.212 Thread 0x0000021d759d3650  193       3       java.lang.invoke.MethodType::parameterCount (6 bytes)
Event: 0.212 Thread 0x0000021d759d3650 nmethod 193 0x0000021d603e5310 code [0x0000021d603e54a0, 0x0000021d603e55b8]
Event: 0.212 Thread 0x0000021d759d3650  195       3       java.util.Arrays::equals (57 bytes)
Event: 0.212 Thread 0x0000021d759d3650 nmethod 195 0x0000021d603e5690 code [0x0000021d603e5880, 0x0000021d603e5e48]
Event: 0.212 Thread 0x0000021d759d3650  197       3       java.lang.invoke.MethodType::equals (56 bytes)
Event: 0.213 Thread 0x0000021d759d3650 nmethod 197 0x0000021d603e6010 code [0x0000021d603e6240, 0x0000021d603e6dd8]
Event: 0.213 Thread 0x0000021d759d3650  198       3       java.lang.ref.Reference::<init> (25 bytes)
Event: 0.213 Thread 0x0000021d759d3650 nmethod 198 0x0000021d603e6f90 code [0x0000021d603e7140, 0x0000021d603e73b8]
Event: 0.215 Thread 0x0000021d759d3650  201       1       java.lang.invoke.LambdaForm$Name::index (5 bytes)
Event: 0.215 Thread 0x0000021d759d3650 nmethod 201 0x0000021d678ef410 code [0x0000021d678ef5a0, 0x0000021d678ef678]
Event: 0.215 Thread 0x0000021d759d3650  202       3       jdk.internal.org.objectweb.asm.Frame::execute (2305 bytes)

GC Heap History (0 events):
No events

Deoptimization events (0 events):
No events

Classes loaded (20 events):
Event: 0.177 Loading class java/net/SocketPermission
Event: 0.177 Loading class java/net/SocketPermission done
Event: 0.177 Loading class java/lang/reflect/ReflectPermission
Event: 0.177 Loading class java/lang/reflect/ReflectPermission done
Event: 0.181 Loading class sun/awt/resources/awt
Event: 0.182 Loading class sun/awt/resources/awt done
Event: 0.185 Loading class java/util/ResourceBundle$BundleReference
Event: 0.185 Loading class java/util/ResourceBundle$BundleReference done
Event: 0.187 Loading class sun/awt/resources/awt_en
Event: 0.187 Loading class sun/awt/resources/awt_en done
Event: 0.187 Loading class sun/awt/resources/awt_en
Event: 0.187 Loading class sun/awt/resources/awt_en done
Event: 0.190 Loading class sun/awt/resources/awt_en_US
Event: 0.190 Loading class sun/awt/resources/awt_en_US done
Event: 0.190 Loading class sun/awt/resources/awt_en_US
Event: 0.190 Loading class sun/awt/resources/awt_en_US done
Event: 0.191 Loading class java/awt/Toolkit$2
Event: 0.191 Loading class java/awt/Toolkit$2 done
Event: 0.194 Loading class java/awt/Toolkit$1
Event: 0.194 Loading class java/awt/Toolkit$1 done

Classes unloaded (0 events):
No events

Classes redefined (0 events):
No events

Internal exceptions (1 events):
Event: 0.175 Thread 0x0000021d584e0460 Exception <a 'java/lang/ClassNotFoundException'{0x0000000087e16628}: sun/awt/resources/spi/awtProvider> (0x0000000087e16628) 
thrown [s\open\src\hotspot\share\classfile\systemDictionary.cpp, line 255]

VM Operations (0 events):
No events

Events (19 events):
Event: 0.010 Loaded shared library C:\Program Files\Java\jdk-18.0.2\bin\java.dll
Event: 0.037 Loaded shared library C:\Program Files\Java\jdk-18.0.2\bin\jsvml.dll
Event: 0.037 Thread 0x0000021d584e0460 Thread added: 0x0000021d584e0460
Event: 0.043 Thread 0x0000021d759b1f50 Thread added: 0x0000021d759b1f50
Event: 0.043 Thread 0x0000021d759b2800 Thread added: 0x0000021d759b2800
Event: 0.063 Thread 0x0000021d759cfc10 Thread added: 0x0000021d759cfc10
Event: 0.063 Thread 0x0000021d759d04c0 Thread added: 0x0000021d759d04c0
Event: 0.063 Thread 0x0000021d759d0e60 Thread added: 0x0000021d759d0e60
Event: 0.064 Thread 0x0000021d759d1800 Thread added: 0x0000021d759d1800
Event: 0.064 Thread 0x0000021d759d24d0 Thread added: 0x0000021d759d24d0
Event: 0.064 Thread 0x0000021d759d3650 Thread added: 0x0000021d759d3650
Event: 0.064 Thread 0x0000021d759f7f30 Thread added: 0x0000021d759f7f30
Event: 0.110 Thread 0x0000021d79c827e0 Thread added: 0x0000021d79c827e0
Event: 0.114 Thread 0x0000021d79c85740 Thread added: 0x0000021d79c85740
Event: 0.119 Loaded shared library C:\Program Files\Java\jdk-18.0.2\bin\net.dll
Event: 0.121 Loaded shared library C:\Program Files\Java\jdk-18.0.2\bin\nio.dll
Event: 0.127 Loaded shared library C:\Program Files\Java\jdk-18.0.2\bin\zip.dll
Event: 0.160 Loaded shared library C:\Program Files\Java\jdk-18.0.2\bin\jimage.dll
Event: 0.194 Loaded shared library C:\Program Files\Java\jdk-18.0.2\bin\awt.dll


Dynamic libraries:
0x00007ff628aa0000 - 0x00007ff628ab0000 	C:\Program Files\Java\jdk-18.0.2\bin\java.exe
0x00007ff9f4d20000 - 0x00007ff9f4f29000 	C:\Windows\SYSTEM32\ntdll.dll
0x00007ff9f3d70000 - 0x00007ff9f3e2d000 	C:\Windows\System32\KERNEL32.DLL
0x00007ff9f25b0000 - 0x00007ff9f292d000 	C:\Windows\System32\KERNELBASE.dll
0x00007ff9f2490000 - 0x00007ff9f25a1000 	C:\Windows\System32\ucrtbase.dll
0x00007ff9de7b0000 - 0x00007ff9de7ca000 	C:\Program Files\Java\jdk-18.0.2\bin\VCRUNTIME140.dll
0x00007ff9b8880000 - 0x00007ff9b8898000 	C:\Program Files\Java\jdk-18.0.2\bin\jli.dll
0x00007ff9f3250000 - 0x00007ff9f32fe000 	C:\Windows\System32\ADVAPI32.dll
0x00007ff9f3fe0000 - 0x00007ff9f4083000 	C:\Windows\System32\msvcrt.dll
0x00007ff9f4180000 - 0x00007ff9f421e000 	C:\Windows\System32\sechost.dll
0x00007ff9f2c70000 - 0x00007ff9f2d90000 	C:\Windows\System32\RPCRT4.dll
0x00007ff9f2e90000 - 0x00007ff9f303d000 	C:\Windows\System32\USER32.dll
0x00007ff9f2200000 - 0x00007ff9f2226000 	C:\Windows\System32\win32u.dll
0x00007ff9f3e30000 - 0x00007ff9f3e59000 	C:\Windows\System32\GDI32.dll
0x00007ff9f2a90000 - 0x00007ff9f2ba8000 	C:\Windows\System32\gdi32full.dll
0x00007ff9f29f0000 - 0x00007ff9f2a8d000 	C:\Windows\System32\msvcp_win.dll
0x00007ff9d5410000 - 0x00007ff9d56b5000 	C:\Windows\WinSxS\amd64_microsoft.windows.common-controls_6595b64144ccf1df_6.0.22000.120_none_9d947278b86cc467\COMCTL32.dll
0x00007ff9ea5d0000 - 0x00007ff9ea5da000 	C:\Windows\SYSTEM32\VERSION.dll
0x00007ff9f49e0000 - 0x00007ff9f4a11000 	C:\Windows\System32\IMM32.DLL
0x00007ff9eea10000 - 0x00007ff9eea1c000 	C:\Program Files\Java\jdk-18.0.2\bin\vcruntime140_1.dll
0x00007ff9cf0c0000 - 0x00007ff9cf14d000 	C:\Program Files\Java\jdk-18.0.2\bin\msvcp140.dll
0x00007ff9a5570000 - 0x00007ff9a6181000 	C:\Program Files\Java\jdk-18.0.2\bin\server\jvm.dll
0x00007ff9f36f0000 - 0x00007ff9f36f8000 	C:\Windows\System32\PSAPI.DLL
0x00007ff9ddf30000 - 0x00007ff9ddf39000 	C:\Windows\SYSTEM32\WSOCK32.dll
0x00007ff9f4a30000 - 0x00007ff9f4a9f000 	C:\Windows\System32\WS2_32.dll
0x00007ff9e02d0000 - 0x00007ff9e0303000 	C:\Windows\SYSTEM32\WINMM.dll
0x00007ff9f12c0000 - 0x00007ff9f12d8000 	C:\Windows\SYSTEM32\kernel.appcore.dll
0x00007ff9de810000 - 0x00007ff9de81a000 	C:\Program Files\Java\jdk-18.0.2\bin\jimage.dll
0x00007ff9e66d0000 - 0x00007ff9e68f1000 	C:\Windows\SYSTEM32\DBGHELP.DLL
0x00007ff9e6690000 - 0x00007ff9e66c1000 	C:\Windows\SYSTEM32\dbgcore.DLL
0x00007ff9f22a0000 - 0x00007ff9f231f000 	C:\Windows\System32\bcryptPrimitives.dll
0x00007ff9d32d0000 - 0x00007ff9d32f5000 	C:\Program Files\Java\jdk-18.0.2\bin\java.dll
0x00007ff9d31f0000 - 0x00007ff9d32c6000 	C:\Program Files\Java\jdk-18.0.2\bin\jsvml.dll
0x00007ff9f4220000 - 0x00007ff9f49d8000 	C:\Windows\System32\SHELL32.dll
0x00007ff9f0330000 - 0x00007ff9f0b98000 	C:\Windows\SYSTEM32\windows.storage.dll
0x00007ff9f3370000 - 0x00007ff9f36e9000 	C:\Windows\System32\combase.dll
0x00007ff9f01c0000 - 0x00007ff9f0326000 	C:\Windows\SYSTEM32\wintypes.dll
0x00007ff9f3ef0000 - 0x00007ff9f3fda000 	C:\Windows\System32\SHCORE.dll
0x00007ff9f3d10000 - 0x00007ff9f3d6d000 	C:\Windows\System32\shlwapi.dll
0x00007ff9f2130000 - 0x00007ff9f2151000 	C:\Windows\SYSTEM32\profapi.dll
0x00007ff9d8f80000 - 0x00007ff9d8f93000 	C:\Program Files\Java\jdk-18.0.2\bin\net.dll
0x00007ff9ed6f0000 - 0x00007ff9ed7fc000 	C:\Windows\SYSTEM32\WINHTTP.dll
0x00007ff9f16e0000 - 0x00007ff9f1747000 	C:\Windows\system32\mswsock.dll
0x00007ff9d31d0000 - 0x00007ff9d31e6000 	C:\Program Files\Java\jdk-18.0.2\bin\nio.dll
0x00007ff9d31b0000 - 0x00007ff9d31c8000 	C:\Program Files\Java\jdk-18.0.2\bin\zip.dll
0x00007ff9cee10000 - 0x00007ff9cef9f000 	C:\Program Files\Java\jdk-18.0.2\bin\awt.dll
0x00007ff9f2db0000 - 0x00007ff9f2e86000 	C:\Windows\System32\OLEAUT32.dll
0x00007ff9ef810000 - 0x00007ff9ef8a1000 	C:\Windows\SYSTEM32\apphelp.dll

dbghelp: loaded successfully - version: 4.0.5 - missing functions: none
symbol engine: initialized successfully - sym options: 0x614 - pdb path: .;C:\Program Files\Java\jdk-18.0.2\bin;C:\Windows\SYSTEM32;C:\Windows\WinSxS\amd64_microsoft.windows.common-controls_6595b64144ccf1df_6.0.22000.120_none_9d947278b86cc467;C:\Program Files\Java\jdk-18.0.2\bin\server

VM Arguments:
jvm_args: -Dfile.encoding=UTF-8 
java_command: mainlibrary.MainLibrary
java_class_path (initial): C:\Users\PenTester12\Downloads\securityProject\securityProject\mysql-connector-java-5.1.48.jar;C:\Users\PenTester12\Downloads\securityProject\securityProject\build\classes
Launcher Type: SUN_STANDARD

[Global flags]
     intx CICompilerCount                          = 2                                         {product} {ergonomic}
     uint ConcGCThreads                            = 1                                         {product} {ergonomic}
     uint G1ConcRefinementThreads                  = 2                                         {product} {ergonomic}
   size_t G1HeapRegionSize                         = 1048576                                   {product} {ergonomic}
    uintx GCDrainStackTargetSize                   = 64                                        {product} {ergonomic}
   size_t InitialHeapSize                          = 134217728                                 {product} {ergonomic}
   size_t MarkStackSize                            = 4194304                                   {product} {ergonomic}
   size_t MaxHeapSize                              = 2147483648                                {product} {ergonomic}
   size_t MaxNewSize                               = 1287651328                                {product} {ergonomic}
   size_t MinHeapDeltaBytes                        = 1048576                                   {product} {ergonomic}
   size_t MinHeapSize                              = 8388608                                   {product} {ergonomic}
    uintx NonNMethodCodeHeapSize                   = 5826188                                {pd product} {ergonomic}
    uintx NonProfiledCodeHeapSize                  = 122916026                              {pd product} {ergonomic}
    uintx ProfiledCodeHeapSize                     = 122916026                              {pd product} {ergonomic}
    uintx ReservedCodeCacheSize                    = 251658240                              {pd product} {ergonomic}
     bool SegmentedCodeCache                       = true                                      {product} {ergonomic}
   size_t SoftMaxHeapSize                          = 2147483648                             {manageable} {ergonomic}
     bool UseCompressedClassPointers               = true                           {product lp64_product} {ergonomic}
     bool UseCompressedOops                        = true                           {product lp64_product} {ergonomic}
     bool UseG1GC                                  = true                                      {product} {ergonomic}
     bool UseLargePagesIndividualAllocation        = false                                  {pd product} {ergonomic}

Logging:
Log output configuration:
 #0: stdout all=warning uptime,level,tags foldmultilines=false
 #1: stderr all=off uptime,level,tags foldmultilines=false

Environment Variables:
PATH=C:\Program Files\Fortify\Fortify_SCA_and_Apps_19.1.0\bin;C:\Program Files\Eclipse Adoptium\jdk-17.0.4.8-hotspot\bin;C:\Program Files\Common Files\Oracle\Java\javapath;C:\Windows\system32;C:\Windows;C:\Windows\System32\Wbem;C:\Windows\System32\WindowsPowerShell\v1.0\;C:\Windows\System32\OpenSSH\;C:\Program Files\Docker\Docker\resources\bin;C:\ProgramData\DockerDesktop\version-bin;C:\Program Files\Go\bin;C:\Program Files\Git\cmd;C:\Users\PenTester12\Downloads\sonar-scanner-cli-4.7.0.2747-windows\sonar-scanner-4.7.0.2747-windows\bin;C:\Program Files\MySQL\MySQL Shell 8.0\bin\;C:\Users\PenTester12\AppData\Local\Microsoft\WindowsApps;C:\Users\PenTester12\go\bin;C:\Users\PenTester12\AppData\Local\Programs\Microsoft VS Code\bin
USERNAME=PenTester12
OS=Windows_NT
PROCESSOR_IDENTIFIER=Intel64 Family 6 Model 85 Stepping 7, GenuineIntel



---------------  S Y S T E M  ---------------

OS:
 Windows 11 , 64 bit Build 22000 (10.0.22000.708)
OS uptime: 0 days 5:03 hours
Hyper-V role detected

CPU: total 2 (initial active 2) (1 cores per cpu, 2 threads per core) family 6 model 85 stepping 7 microcode 0xffffffff, cx8, cmov, fxsr, ht, mmx, 3dnowpref, sse, sse2, sse3, ssse3, sse4.1, sse4.2, popcnt, lzcnt, tsc, avx, avx2, aes, erms, clmul, bmi1, bmi2, rtm, adx, avx512f, avx512dq, avx512cd, avx512bw, avx512vl, fma, vzeroupper, clflush, clflushopt, hv

Memory: 4k page, system-wide physical 8190M (1437M free)
TotalPageFile size 10238M (AvailPageFile size 2M)
current process WorkingSet (physical memory assigned to process): 33M, peak: 33M
current process commit charge ("private bytes"): 198M, peak: 198M

vm_info: Java HotSpot(TM) 64-Bit Server VM (18.0.2+9-61) for windows-amd64 JRE (18.0.2+9-61), built on Jun  7 2022 13:09:01 by "mach5one" with MS VC++ 16.8 / 16.9 (VS2019)

END.
