#
# There is insufficient memory for the Java Runtime Environment to continue.
# Native memory allocation (malloc) failed to allocate 1587856 bytes for Chunk::new
# Possible reasons:
#   The system is out of physical RAM or swap space
#   The process is running with CompressedOops enabled, and the Java Heap may be blocking the growth of the native heap
# Possible solutions:
#   Reduce memory load on the system
#   Increase physical memory or swap space
#   Check if swap backing store is full
#   Decrease Java heap size (-Xmx/-Xms)
#   Decrease number of Java threads
#   Decrease Java thread stack sizes (-Xss)
#   Set larger code cache with -XX:ReservedCodeCacheSize=
#   JVM is running with Unscaled Compressed Oops mode in which the Java heap is
#     placed in the first 4GB address space. The Java Heap base address is the
#     maximum limit for the native heap growth. Please use -XX:HeapBaseMinAddress
#     to set the Java Heap base and to place the Java Heap above 4GB virtual address.
# This output file may be truncated or incomplete.
#
#  Out of Memory Error (arena.cpp:189), pid=9644, tid=5552
#
# JRE version: OpenJDK Runtime Environment Temurin-17.0.4+8 (17.0.4+8) (build 17.0.4+8)
# Java VM: OpenJDK 64-Bit Server VM Temurin-17.0.4+8 (17.0.4+8, mixed mode, sharing, tiered, compressed oops, compressed class ptrs, g1 gc, windows-amd64)
# No core dump will be written. Minidumps are not enabled by default on client versions of Windows
#

---------------  S U M M A R Y ------------

Command Line: -javaagent:C:\Users\PenTester12\Downloads\codeql-win64\codeql\java\tools\codeql-java-agent.jar=ignore-project,java,kotlin:experimental -Xbootclasspath/a:C:\Users\PenTester12\Downloads\codeql-win64\codeql\java\tools\codeql-java-agent.jar -Dfile.encoding=windows-1252 -Xmx1024M -Xms256M --add-opens=java.base/sun.reflect.annotation=ALL-UNNAMED com.semmle.extractor.java.JavaExtractor --jdk-version 17 --javac-args @@@C:\Users\PenTester12\Downloads\securityProject\securityProject\codeQL\log\ext\javac.args

Host: Intel(R) Xeon(R) Platinum 8272CL CPU @ 2.60GHz, 2 cores, 7G,  Windows 11 , 64 bit Build 22000 (10.0.22000.708)
Time: Sun Aug 14 10:21:29 2022 India Standard Time elapsed time: 2.627367 seconds (0d 0h 0m 2s)

---------------  T H R E A D  ---------------

Current thread (0x000001ab39b8c830):  JavaThread "C2 CompilerThread0" daemon [_thread_in_native, id=5552, stack(0x0000005ce7400000,0x0000005ce7500000)]


Current CompileTask:
C2:   2627 2145   !   4       javac_extend.com.sun.tools.javac.jvm.ClassReader::classSigToType (497 bytes)

Stack: [0x0000005ce7400000,0x0000005ce7500000]
Native frames: (J=compiled Java code, j=interpreted, Vv=VM code, C=native code)
V  [jvm.dll+0x67733a]
V  [jvm.dll+0x8323c4]
V  [jvm.dll+0x833b6e]
V  [jvm.dll+0x8341d3]
V  [jvm.dll+0x2455e5]
V  [jvm.dll+0xabd7b]
V  [jvm.dll+0xac30c]
V  [jvm.dll+0x2ac67f]
V  [jvm.dll+0x57dd57]
V  [jvm.dll+0x220702]
V  [jvm.dll+0x220adf]
V  [jvm.dll+0x21a325]
V  [jvm.dll+0x2177eb]
V  [jvm.dll+0x1a3f8d]
V  [jvm.dll+0x227308]
V  [jvm.dll+0x225455]
V  [jvm.dll+0x7e7eeb]
V  [jvm.dll+0x7e245a]
V  [jvm.dll+0x6761c5]
C  [ucrtbase.dll+0x26c0c]
C  [KERNEL32.DLL+0x154e0]
C  [ntdll.dll+0x485b]


---------------  P R O C E S S  ---------------

Threads class SMR info:
_java_thread_list=0x000001ab3a774b20, length=12, elements={
0x000001ab1e9f8180, 0x000001ab39b72030, 0x000001ab39b73900, 0x000001ab39b86a60,
0x000001ab39b89330, 0x000001ab39b8a760, 0x000001ab39b8b020, 0x000001ab39b8c830,
0x000001ab39b91250, 0x000001ab39b9c320, 0x000001ab39b53190, 0x000001ab3a704880
}

Java Threads: ( => current thread )
  0x000001ab1e9f8180 JavaThread "main" [_thread_in_vm, id=3304, stack(0x0000005ce6700000,0x0000005ce6800000)]
  0x000001ab39b72030 JavaThread "Reference Handler" daemon [_thread_blocked, id=9124, stack(0x0000005ce6e00000,0x0000005ce6f00000)]
  0x000001ab39b73900 JavaThread "Finalizer" daemon [_thread_blocked, id=12152, stack(0x0000005ce6f00000,0x0000005ce7000000)]
  0x000001ab39b86a60 JavaThread "Signal Dispatcher" daemon [_thread_blocked, id=4968, stack(0x0000005ce7000000,0x0000005ce7100000)]
  0x000001ab39b89330 JavaThread "Attach Listener" daemon [_thread_blocked, id=5680, stack(0x0000005ce7100000,0x0000005ce7200000)]
  0x000001ab39b8a760 JavaThread "Service Thread" daemon [_thread_blocked, id=6412, stack(0x0000005ce7200000,0x0000005ce7300000)]
  0x000001ab39b8b020 JavaThread "Monitor Deflation Thread" daemon [_thread_blocked, id=13040, stack(0x0000005ce7300000,0x0000005ce7400000)]
=>0x000001ab39b8c830 JavaThread "C2 CompilerThread0" daemon [_thread_in_native, id=5552, stack(0x0000005ce7400000,0x0000005ce7500000)]
  0x000001ab39b91250 JavaThread "C1 CompilerThread0" daemon [_thread_blocked, id=5804, stack(0x0000005ce7500000,0x0000005ce7600000)]
  0x000001ab39b9c320 JavaThread "Sweeper thread" daemon [_thread_blocked, id=10672, stack(0x0000005ce7600000,0x0000005ce7700000)]
  0x000001ab39b53190 JavaThread "Common-Cleaner" daemon [_thread_blocked, id=14044, stack(0x0000005ce7700000,0x0000005ce7800000)]
  0x000001ab3a704880 JavaThread "Notification Thread" daemon [_thread_blocked, id=10220, stack(0x0000005ce7800000,0x0000005ce7900000)]

Other Threads:
  0x000001ab39b64400 VMThread "VM Thread" [stack: 0x0000005ce6d00000,0x0000005ce6e00000] [id=4284]
  0x000001ab3a704d50 WatcherThread [stack: 0x0000005ce7900000,0x0000005ce7a00000] [id=4012]
  0x000001ab1ea33760 GCTaskThread "GC Thread#0" [stack: 0x0000005ce6800000,0x0000005ce6900000] [id=13644]
  0x000001ab3a8f8760 GCTaskThread "GC Thread#1" [stack: 0x0000005ce7a00000,0x0000005ce7b00000] [id=10096]
  0x000001ab1ea3d5c0 ConcurrentGCThread "G1 Main Marker" [stack: 0x0000005ce6900000,0x0000005ce6a00000] [id=11016]
  0x000001ab1ea3f050 ConcurrentGCThread "G1 Conc#0" [stack: 0x0000005ce6a00000,0x0000005ce6b00000] [id=16496]
  0x000001ab39a244f0 ConcurrentGCThread "G1 Refine#0" [stack: 0x0000005ce6b00000,0x0000005ce6c00000] [id=15592]
  0x000001ab1eaae590 ConcurrentGCThread "G1 Service" [stack: 0x0000005ce6c00000,0x0000005ce6d00000] [id=13984]

Threads with active compile tasks:
C2 CompilerThread0     2666 2145   !   4       javac_extend.com.sun.tools.javac.jvm.ClassReader::classSigToType (497 bytes)
C1 CompilerThread0     2666 2469       1       ch.qos.logback.classic.Logger::getName (5 bytes)

VM state: not at safepoint (normal execution)

VM Mutex/Monitor currently owned by a thread: None

Heap address: 0x00000000c0000000, size: 1024 MB, Compressed Oops mode: 32-bit

CDS archive(s) mapped at: [0x0000000800000000-0x0000000800bc0000-0x0000000800bc0000), size 12320768, SharedBaseAddress: 0x0000000800000000, ArchiveRelocationMode: 0.
Compressed class space mapped at: 0x0000000800c00000-0x0000000840c00000, reserved size: 1073741824
Narrow klass base: 0x0000000800000000, Narrow klass shift: 0, Narrow klass range: 0x100000000

GC Precious Log:
 CPUs: 2 total, 2 available
 Memory: 8190M
 Large Page Support: Disabled
 NUMA Support: Disabled
 Compressed Oops: Enabled (32-bit)
 Heap Region Size: 1M
 Heap Min Capacity: 256M
 Heap Initial Capacity: 256M
 Heap Max Capacity: 1G
 Pre-touch: Disabled
 Parallel Workers: 2
 Concurrent Workers: 1
 Concurrent Refinement Workers: 2
 Periodic GC: Disabled

Heap:
 garbage-first heap   total 262144K, used 47788K [0x00000000c0000000, 0x0000000100000000)
  region size 1024K, 45 young (46080K), 2 survivors (2048K)
 Metaspace       used 13697K, committed 13888K, reserved 1064960K
  class space    used 1508K, committed 1600K, reserved 1048576K

Heap Regions: E=young(eden), S=young(survivor), O=old, HS=humongous(starts), HC=humongous(continues), CS=collection set, F=free, OA=open archive, CA=closed archive, TAMS=top-at-mark-start (previous, next)
|   0|0x00000000c0000000, 0x00000000c0100000, 0x00000000c0100000|100%| O|  |TAMS 0x00000000c0000000, 0x00000000c0000000| Untracked 
|   1|0x00000000c0100000, 0x00000000c0200000, 0x00000000c0200000|100%| O|  |TAMS 0x00000000c0100000, 0x00000000c0100000| Untracked 
|   2|0x00000000c0200000, 0x00000000c02eba00, 0x00000000c0300000| 92%| O|  |TAMS 0x00000000c0200000, 0x00000000c0200000| Untracked 
|   3|0x00000000c0300000, 0x00000000c0300000, 0x00000000c0400000|  0%| F|  |TAMS 0x00000000c0300000, 0x00000000c0300000| Untracked 
|   4|0x00000000c0400000, 0x00000000c0400000, 0x00000000c0500000|  0%| F|  |TAMS 0x00000000c0400000, 0x00000000c0400000| Untracked 
|   5|0x00000000c0500000, 0x00000000c0500000, 0x00000000c0600000|  0%| F|  |TAMS 0x00000000c0500000, 0x00000000c0500000| Untracked 
|   6|0x00000000c0600000, 0x00000000c0600000, 0x00000000c0700000|  0%| F|  |TAMS 0x00000000c0600000, 0x00000000c0600000| Untracked 
|   7|0x00000000c0700000, 0x00000000c0700000, 0x00000000c0800000|  0%| F|  |TAMS 0x00000000c0700000, 0x00000000c0700000| Untracked 
|   8|0x00000000c0800000, 0x00000000c0800000, 0x00000000c0900000|  0%| F|  |TAMS 0x00000000c0800000, 0x00000000c0800000| Untracked 
|   9|0x00000000c0900000, 0x00000000c0900000, 0x00000000c0a00000|  0%| F|  |TAMS 0x00000000c0900000, 0x00000000c0900000| Untracked 
|  10|0x00000000c0a00000, 0x00000000c0a00000, 0x00000000c0b00000|  0%| F|  |TAMS 0x00000000c0a00000, 0x00000000c0a00000| Untracked 
|  11|0x00000000c0b00000, 0x00000000c0b00000, 0x00000000c0c00000|  0%| F|  |TAMS 0x00000000c0b00000, 0x00000000c0b00000| Untracked 
|  12|0x00000000c0c00000, 0x00000000c0c00000, 0x00000000c0d00000|  0%| F|  |TAMS 0x00000000c0c00000, 0x00000000c0c00000| Untracked 
|  13|0x00000000c0d00000, 0x00000000c0d00000, 0x00000000c0e00000|  0%| F|  |TAMS 0x00000000c0d00000, 0x00000000c0d00000| Untracked 
|  14|0x00000000c0e00000, 0x00000000c0e00000, 0x00000000c0f00000|  0%| F|  |TAMS 0x00000000c0e00000, 0x00000000c0e00000| Untracked 
|  15|0x00000000c0f00000, 0x00000000c0f00000, 0x00000000c1000000|  0%| F|  |TAMS 0x00000000c0f00000, 0x00000000c0f00000| Untracked 
|  16|0x00000000c1000000, 0x00000000c1000000, 0x00000000c1100000|  0%| F|  |TAMS 0x00000000c1000000, 0x00000000c1000000| Untracked 
|  17|0x00000000c1100000, 0x00000000c1100000, 0x00000000c1200000|  0%| F|  |TAMS 0x00000000c1100000, 0x00000000c1100000| Untracked 
|  18|0x00000000c1200000, 0x00000000c1200000, 0x00000000c1300000|  0%| F|  |TAMS 0x00000000c1200000, 0x00000000c1200000| Untracked 
|  19|0x00000000c1300000, 0x00000000c1300000, 0x00000000c1400000|  0%| F|  |TAMS 0x00000000c1300000, 0x00000000c1300000| Untracked 
|  20|0x00000000c1400000, 0x00000000c1400000, 0x00000000c1500000|  0%| F|  |TAMS 0x00000000c1400000, 0x00000000c1400000| Untracked 
|  21|0x00000000c1500000, 0x00000000c1500000, 0x00000000c1600000|  0%| F|  |TAMS 0x00000000c1500000, 0x00000000c1500000| Untracked 
|  22|0x00000000c1600000, 0x00000000c1600000, 0x00000000c1700000|  0%| F|  |TAMS 0x00000000c1600000, 0x00000000c1600000| Untracked 
|  23|0x00000000c1700000, 0x00000000c1700000, 0x00000000c1800000|  0%| F|  |TAMS 0x00000000c1700000, 0x00000000c1700000| Untracked 
|  24|0x00000000c1800000, 0x00000000c1800000, 0x00000000c1900000|  0%| F|  |TAMS 0x00000000c1800000, 0x00000000c1800000| Untracked 
|  25|0x00000000c1900000, 0x00000000c1900000, 0x00000000c1a00000|  0%| F|  |TAMS 0x00000000c1900000, 0x00000000c1900000| Untracked 
|  26|0x00000000c1a00000, 0x00000000c1a00000, 0x00000000c1b00000|  0%| F|  |TAMS 0x00000000c1a00000, 0x00000000c1a00000| Untracked 
|  27|0x00000000c1b00000, 0x00000000c1b00000, 0x00000000c1c00000|  0%| F|  |TAMS 0x00000000c1b00000, 0x00000000c1b00000| Untracked 
|  28|0x00000000c1c00000, 0x00000000c1c00000, 0x00000000c1d00000|  0%| F|  |TAMS 0x00000000c1c00000, 0x00000000c1c00000| Untracked 
|  29|0x00000000c1d00000, 0x00000000c1d00000, 0x00000000c1e00000|  0%| F|  |TAMS 0x00000000c1d00000, 0x00000000c1d00000| Untracked 
|  30|0x00000000c1e00000, 0x00000000c1e00000, 0x00000000c1f00000|  0%| F|  |TAMS 0x00000000c1e00000, 0x00000000c1e00000| Untracked 
|  31|0x00000000c1f00000, 0x00000000c1f00000, 0x00000000c2000000|  0%| F|  |TAMS 0x00000000c1f00000, 0x00000000c1f00000| Untracked 
|  32|0x00000000c2000000, 0x00000000c2000000, 0x00000000c2100000|  0%| F|  |TAMS 0x00000000c2000000, 0x00000000c2000000| Untracked 
|  33|0x00000000c2100000, 0x00000000c2100000, 0x00000000c2200000|  0%| F|  |TAMS 0x00000000c2100000, 0x00000000c2100000| Untracked 
|  34|0x00000000c2200000, 0x00000000c2200000, 0x00000000c2300000|  0%| F|  |TAMS 0x00000000c2200000, 0x00000000c2200000| Untracked 
|  35|0x00000000c2300000, 0x00000000c2300000, 0x00000000c2400000|  0%| F|  |TAMS 0x00000000c2300000, 0x00000000c2300000| Untracked 
|  36|0x00000000c2400000, 0x00000000c2400000, 0x00000000c2500000|  0%| F|  |TAMS 0x00000000c2400000, 0x00000000c2400000| Untracked 
|  37|0x00000000c2500000, 0x00000000c2500000, 0x00000000c2600000|  0%| F|  |TAMS 0x00000000c2500000, 0x00000000c2500000| Untracked 
|  38|0x00000000c2600000, 0x00000000c2600000, 0x00000000c2700000|  0%| F|  |TAMS 0x00000000c2600000, 0x00000000c2600000| Untracked 
|  39|0x00000000c2700000, 0x00000000c2700000, 0x00000000c2800000|  0%| F|  |TAMS 0x00000000c2700000, 0x00000000c2700000| Untracked 
|  40|0x00000000c2800000, 0x00000000c2800000, 0x00000000c2900000|  0%| F|  |TAMS 0x00000000c2800000, 0x00000000c2800000| Untracked 
|  41|0x00000000c2900000, 0x00000000c2900000, 0x00000000c2a00000|  0%| F|  |TAMS 0x00000000c2900000, 0x00000000c2900000| Untracked 
|  42|0x00000000c2a00000, 0x00000000c2a00000, 0x00000000c2b00000|  0%| F|  |TAMS 0x00000000c2a00000, 0x00000000c2a00000| Untracked 
|  43|0x00000000c2b00000, 0x00000000c2b00000, 0x00000000c2c00000|  0%| F|  |TAMS 0x00000000c2b00000, 0x00000000c2b00000| Untracked 
|  44|0x00000000c2c00000, 0x00000000c2c00000, 0x00000000c2d00000|  0%| F|  |TAMS 0x00000000c2c00000, 0x00000000c2c00000| Untracked 
|  45|0x00000000c2d00000, 0x00000000c2d00000, 0x00000000c2e00000|  0%| F|  |TAMS 0x00000000c2d00000, 0x00000000c2d00000| Untracked 
|  46|0x00000000c2e00000, 0x00000000c2e00000, 0x00000000c2f00000|  0%| F|  |TAMS 0x00000000c2e00000, 0x00000000c2e00000| Untracked 
|  47|0x00000000c2f00000, 0x00000000c2f00000, 0x00000000c3000000|  0%| F|  |TAMS 0x00000000c2f00000, 0x00000000c2f00000| Untracked 
|  48|0x00000000c3000000, 0x00000000c3000000, 0x00000000c3100000|  0%| F|  |TAMS 0x00000000c3000000, 0x00000000c3000000| Untracked 
|  49|0x00000000c3100000, 0x00000000c3100000, 0x00000000c3200000|  0%| F|  |TAMS 0x00000000c3100000, 0x00000000c3100000| Untracked 
|  50|0x00000000c3200000, 0x00000000c3200000, 0x00000000c3300000|  0%| F|  |TAMS 0x00000000c3200000, 0x00000000c3200000| Untracked 
|  51|0x00000000c3300000, 0x00000000c3300000, 0x00000000c3400000|  0%| F|  |TAMS 0x00000000c3300000, 0x00000000c3300000| Untracked 
|  52|0x00000000c3400000, 0x00000000c3400000, 0x00000000c3500000|  0%| F|  |TAMS 0x00000000c3400000, 0x00000000c3400000| Untracked 
|  53|0x00000000c3500000, 0x00000000c3500000, 0x00000000c3600000|  0%| F|  |TAMS 0x00000000c3500000, 0x00000000c3500000| Untracked 
|  54|0x00000000c3600000, 0x00000000c3600000, 0x00000000c3700000|  0%| F|  |TAMS 0x00000000c3600000, 0x00000000c3600000| Untracked 
|  55|0x00000000c3700000, 0x00000000c3700000, 0x00000000c3800000|  0%| F|  |TAMS 0x00000000c3700000, 0x00000000c3700000| Untracked 
|  56|0x00000000c3800000, 0x00000000c3800000, 0x00000000c3900000|  0%| F|  |TAMS 0x00000000c3800000, 0x00000000c3800000| Untracked 
|  57|0x00000000c3900000, 0x00000000c3900000, 0x00000000c3a00000|  0%| F|  |TAMS 0x00000000c3900000, 0x00000000c3900000| Untracked 
|  58|0x00000000c3a00000, 0x00000000c3a00000, 0x00000000c3b00000|  0%| F|  |TAMS 0x00000000c3a00000, 0x00000000c3a00000| Untracked 
|  59|0x00000000c3b00000, 0x00000000c3b00000, 0x00000000c3c00000|  0%| F|  |TAMS 0x00000000c3b00000, 0x00000000c3b00000| Untracked 
|  60|0x00000000c3c00000, 0x00000000c3c00000, 0x00000000c3d00000|  0%| F|  |TAMS 0x00000000c3c00000, 0x00000000c3c00000| Untracked 
|  61|0x00000000c3d00000, 0x00000000c3d00000, 0x00000000c3e00000|  0%| F|  |TAMS 0x00000000c3d00000, 0x00000000c3d00000| Untracked 
|  62|0x00000000c3e00000, 0x00000000c3e00000, 0x00000000c3f00000|  0%| F|  |TAMS 0x00000000c3e00000, 0x00000000c3e00000| Untracked 
|  63|0x00000000c3f00000, 0x00000000c3f00000, 0x00000000c4000000|  0%| F|  |TAMS 0x00000000c3f00000, 0x00000000c3f00000| Untracked 
|  64|0x00000000c4000000, 0x00000000c4000000, 0x00000000c4100000|  0%| F|  |TAMS 0x00000000c4000000, 0x00000000c4000000| Untracked 
|  65|0x00000000c4100000, 0x00000000c4100000, 0x00000000c4200000|  0%| F|  |TAMS 0x00000000c4100000, 0x00000000c4100000| Untracked 
|  66|0x00000000c4200000, 0x00000000c4200000, 0x00000000c4300000|  0%| F|  |TAMS 0x00000000c4200000, 0x00000000c4200000| Untracked 
|  67|0x00000000c4300000, 0x00000000c4300000, 0x00000000c4400000|  0%| F|  |TAMS 0x00000000c4300000, 0x00000000c4300000| Untracked 
|  68|0x00000000c4400000, 0x00000000c4400000, 0x00000000c4500000|  0%| F|  |TAMS 0x00000000c4400000, 0x00000000c4400000| Untracked 
|  69|0x00000000c4500000, 0x00000000c4500000, 0x00000000c4600000|  0%| F|  |TAMS 0x00000000c4500000, 0x00000000c4500000| Untracked 
|  70|0x00000000c4600000, 0x00000000c4600000, 0x00000000c4700000|  0%| F|  |TAMS 0x00000000c4600000, 0x00000000c4600000| Untracked 
|  71|0x00000000c4700000, 0x00000000c4700000, 0x00000000c4800000|  0%| F|  |TAMS 0x00000000c4700000, 0x00000000c4700000| Untracked 
|  72|0x00000000c4800000, 0x00000000c4800000, 0x00000000c4900000|  0%| F|  |TAMS 0x00000000c4800000, 0x00000000c4800000| Untracked 
|  73|0x00000000c4900000, 0x00000000c4900000, 0x00000000c4a00000|  0%| F|  |TAMS 0x00000000c4900000, 0x00000000c4900000| Untracked 
|  74|0x00000000c4a00000, 0x00000000c4a00000, 0x00000000c4b00000|  0%| F|  |TAMS 0x00000000c4a00000, 0x00000000c4a00000| Untracked 
|  75|0x00000000c4b00000, 0x00000000c4b00000, 0x00000000c4c00000|  0%| F|  |TAMS 0x00000000c4b00000, 0x00000000c4b00000| Untracked 
|  76|0x00000000c4c00000, 0x00000000c4c00000, 0x00000000c4d00000|  0%| F|  |TAMS 0x00000000c4c00000, 0x00000000c4c00000| Untracked 
|  77|0x00000000c4d00000, 0x00000000c4d00000, 0x00000000c4e00000|  0%| F|  |TAMS 0x00000000c4d00000, 0x00000000c4d00000| Untracked 
|  78|0x00000000c4e00000, 0x00000000c4e00000, 0x00000000c4f00000|  0%| F|  |TAMS 0x00000000c4e00000, 0x00000000c4e00000| Untracked 
|  79|0x00000000c4f00000, 0x00000000c4f00000, 0x00000000c5000000|  0%| F|  |TAMS 0x00000000c4f00000, 0x00000000c4f00000| Untracked 
|  80|0x00000000c5000000, 0x00000000c5000000, 0x00000000c5100000|  0%| F|  |TAMS 0x00000000c5000000, 0x00000000c5000000| Untracked 
|  81|0x00000000c5100000, 0x00000000c5100000, 0x00000000c5200000|  0%| F|  |TAMS 0x00000000c5100000, 0x00000000c5100000| Untracked 
|  82|0x00000000c5200000, 0x00000000c5200000, 0x00000000c5300000|  0%| F|  |TAMS 0x00000000c5200000, 0x00000000c5200000| Untracked 
|  83|0x00000000c5300000, 0x00000000c5300000, 0x00000000c5400000|  0%| F|  |TAMS 0x00000000c5300000, 0x00000000c5300000| Untracked 
|  84|0x00000000c5400000, 0x00000000c5400000, 0x00000000c5500000|  0%| F|  |TAMS 0x00000000c5400000, 0x00000000c5400000| Untracked 
|  85|0x00000000c5500000, 0x00000000c5500000, 0x00000000c5600000|  0%| F|  |TAMS 0x00000000c5500000, 0x00000000c5500000| Untracked 
|  86|0x00000000c5600000, 0x00000000c5600000, 0x00000000c5700000|  0%| F|  |TAMS 0x00000000c5600000, 0x00000000c5600000| Untracked 
|  87|0x00000000c5700000, 0x00000000c5700000, 0x00000000c5800000|  0%| F|  |TAMS 0x00000000c5700000, 0x00000000c5700000| Untracked 
|  88|0x00000000c5800000, 0x00000000c5800000, 0x00000000c5900000|  0%| F|  |TAMS 0x00000000c5800000, 0x00000000c5800000| Untracked 
|  89|0x00000000c5900000, 0x00000000c5900000, 0x00000000c5a00000|  0%| F|  |TAMS 0x00000000c5900000, 0x00000000c5900000| Untracked 
|  90|0x00000000c5a00000, 0x00000000c5a00000, 0x00000000c5b00000|  0%| F|  |TAMS 0x00000000c5a00000, 0x00000000c5a00000| Untracked 
|  91|0x00000000c5b00000, 0x00000000c5b00000, 0x00000000c5c00000|  0%| F|  |TAMS 0x00000000c5b00000, 0x00000000c5b00000| Untracked 
|  92|0x00000000c5c00000, 0x00000000c5c00000, 0x00000000c5d00000|  0%| F|  |TAMS 0x00000000c5c00000, 0x00000000c5c00000| Untracked 
|  93|0x00000000c5d00000, 0x00000000c5d00000, 0x00000000c5e00000|  0%| F|  |TAMS 0x00000000c5d00000, 0x00000000c5d00000| Untracked 
|  94|0x00000000c5e00000, 0x00000000c5e00000, 0x00000000c5f00000|  0%| F|  |TAMS 0x00000000c5e00000, 0x00000000c5e00000| Untracked 
|  95|0x00000000c5f00000, 0x00000000c5f00000, 0x00000000c6000000|  0%| F|  |TAMS 0x00000000c5f00000, 0x00000000c5f00000| Untracked 
|  96|0x00000000c6000000, 0x00000000c6000000, 0x00000000c6100000|  0%| F|  |TAMS 0x00000000c6000000, 0x00000000c6000000| Untracked 
|  97|0x00000000c6100000, 0x00000000c6100000, 0x00000000c6200000|  0%| F|  |TAMS 0x00000000c6100000, 0x00000000c6100000| Untracked 
|  98|0x00000000c6200000, 0x00000000c6200000, 0x00000000c6300000|  0%| F|  |TAMS 0x00000000c6200000, 0x00000000c6200000| Untracked 
|  99|0x00000000c6300000, 0x00000000c6300000, 0x00000000c6400000|  0%| F|  |TAMS 0x00000000c6300000, 0x00000000c6300000| Untracked 
| 100|0x00000000c6400000, 0x00000000c6400000, 0x00000000c6500000|  0%| F|  |TAMS 0x00000000c6400000, 0x00000000c6400000| Untracked 
| 101|0x00000000c6500000, 0x00000000c6500000, 0x00000000c6600000|  0%| F|  |TAMS 0x00000000c6500000, 0x00000000c6500000| Untracked 
| 102|0x00000000c6600000, 0x00000000c6600000, 0x00000000c6700000|  0%| F|  |TAMS 0x00000000c6600000, 0x00000000c6600000| Untracked 
| 103|0x00000000c6700000, 0x00000000c6700000, 0x00000000c6800000|  0%| F|  |TAMS 0x00000000c6700000, 0x00000000c6700000| Untracked 
| 104|0x00000000c6800000, 0x00000000c6800000, 0x00000000c6900000|  0%| F|  |TAMS 0x00000000c6800000, 0x00000000c6800000| Untracked 
| 105|0x00000000c6900000, 0x00000000c6900000, 0x00000000c6a00000|  0%| F|  |TAMS 0x00000000c6900000, 0x00000000c6900000| Untracked 
| 106|0x00000000c6a00000, 0x00000000c6a00000, 0x00000000c6b00000|  0%| F|  |TAMS 0x00000000c6a00000, 0x00000000c6a00000| Untracked 
| 107|0x00000000c6b00000, 0x00000000c6b00000, 0x00000000c6c00000|  0%| F|  |TAMS 0x00000000c6b00000, 0x00000000c6b00000| Untracked 
| 108|0x00000000c6c00000, 0x00000000c6c00000, 0x00000000c6d00000|  0%| F|  |TAMS 0x00000000c6c00000, 0x00000000c6c00000| Untracked 
| 109|0x00000000c6d00000, 0x00000000c6d00000, 0x00000000c6e00000|  0%| F|  |TAMS 0x00000000c6d00000, 0x00000000c6d00000| Untracked 
| 110|0x00000000c6e00000, 0x00000000c6e00000, 0x00000000c6f00000|  0%| F|  |TAMS 0x00000000c6e00000, 0x00000000c6e00000| Untracked 
| 111|0x00000000c6f00000, 0x00000000c6f00000, 0x00000000c7000000|  0%| F|  |TAMS 0x00000000c6f00000, 0x00000000c6f00000| Untracked 
| 112|0x00000000c7000000, 0x00000000c7000000, 0x00000000c7100000|  0%| F|  |TAMS 0x00000000c7000000, 0x00000000c7000000| Untracked 
| 113|0x00000000c7100000, 0x00000000c7100000, 0x00000000c7200000|  0%| F|  |TAMS 0x00000000c7100000, 0x00000000c7100000| Untracked 
| 114|0x00000000c7200000, 0x00000000c7200000, 0x00000000c7300000|  0%| F|  |TAMS 0x00000000c7200000, 0x00000000c7200000| Untracked 
| 115|0x00000000c7300000, 0x00000000c7300000, 0x00000000c7400000|  0%| F|  |TAMS 0x00000000c7300000, 0x00000000c7300000| Untracked 
| 116|0x00000000c7400000, 0x00000000c7400000, 0x00000000c7500000|  0%| F|  |TAMS 0x00000000c7400000, 0x00000000c7400000| Untracked 
| 117|0x00000000c7500000, 0x00000000c7500000, 0x00000000c7600000|  0%| F|  |TAMS 0x00000000c7500000, 0x00000000c7500000| Untracked 
| 118|0x00000000c7600000, 0x00000000c7600000, 0x00000000c7700000|  0%| F|  |TAMS 0x00000000c7600000, 0x00000000c7600000| Untracked 
| 119|0x00000000c7700000, 0x00000000c7700000, 0x00000000c7800000|  0%| F|  |TAMS 0x00000000c7700000, 0x00000000c7700000| Untracked 
| 120|0x00000000c7800000, 0x00000000c7800000, 0x00000000c7900000|  0%| F|  |TAMS 0x00000000c7800000, 0x00000000c7800000| Untracked 
| 121|0x00000000c7900000, 0x00000000c7900000, 0x00000000c7a00000|  0%| F|  |TAMS 0x00000000c7900000, 0x00000000c7900000| Untracked 
| 122|0x00000000c7a00000, 0x00000000c7a00000, 0x00000000c7b00000|  0%| F|  |TAMS 0x00000000c7a00000, 0x00000000c7a00000| Untracked 
| 123|0x00000000c7b00000, 0x00000000c7b00000, 0x00000000c7c00000|  0%| F|  |TAMS 0x00000000c7b00000, 0x00000000c7b00000| Untracked 
| 124|0x00000000c7c00000, 0x00000000c7c00000, 0x00000000c7d00000|  0%| F|  |TAMS 0x00000000c7c00000, 0x00000000c7c00000| Untracked 
| 125|0x00000000c7d00000, 0x00000000c7d00000, 0x00000000c7e00000|  0%| F|  |TAMS 0x00000000c7d00000, 0x00000000c7d00000| Untracked 
| 126|0x00000000c7e00000, 0x00000000c7e00000, 0x00000000c7f00000|  0%| F|  |TAMS 0x00000000c7e00000, 0x00000000c7e00000| Untracked 
| 127|0x00000000c7f00000, 0x00000000c7f00000, 0x00000000c8000000|  0%| F|  |TAMS 0x00000000c7f00000, 0x00000000c7f00000| Untracked 
| 128|0x00000000c8000000, 0x00000000c8000000, 0x00000000c8100000|  0%| F|  |TAMS 0x00000000c8000000, 0x00000000c8000000| Untracked 
| 129|0x00000000c8100000, 0x00000000c8100000, 0x00000000c8200000|  0%| F|  |TAMS 0x00000000c8100000, 0x00000000c8100000| Untracked 
| 130|0x00000000c8200000, 0x00000000c8200000, 0x00000000c8300000|  0%| F|  |TAMS 0x00000000c8200000, 0x00000000c8200000| Untracked 
| 131|0x00000000c8300000, 0x00000000c8300000, 0x00000000c8400000|  0%| F|  |TAMS 0x00000000c8300000, 0x00000000c8300000| Untracked 
| 132|0x00000000c8400000, 0x00000000c8400000, 0x00000000c8500000|  0%| F|  |TAMS 0x00000000c8400000, 0x00000000c8400000| Untracked 
| 133|0x00000000c8500000, 0x00000000c8500000, 0x00000000c8600000|  0%| F|  |TAMS 0x00000000c8500000, 0x00000000c8500000| Untracked 
| 134|0x00000000c8600000, 0x00000000c8600000, 0x00000000c8700000|  0%| F|  |TAMS 0x00000000c8600000, 0x00000000c8600000| Untracked 
| 135|0x00000000c8700000, 0x00000000c8700000, 0x00000000c8800000|  0%| F|  |TAMS 0x00000000c8700000, 0x00000000c8700000| Untracked 
| 136|0x00000000c8800000, 0x00000000c8800000, 0x00000000c8900000|  0%| F|  |TAMS 0x00000000c8800000, 0x00000000c8800000| Untracked 
| 137|0x00000000c8900000, 0x00000000c8900000, 0x00000000c8a00000|  0%| F|  |TAMS 0x00000000c8900000, 0x00000000c8900000| Untracked 
| 138|0x00000000c8a00000, 0x00000000c8a00000, 0x00000000c8b00000|  0%| F|  |TAMS 0x00000000c8a00000, 0x00000000c8a00000| Untracked 
| 139|0x00000000c8b00000, 0x00000000c8b00000, 0x00000000c8c00000|  0%| F|  |TAMS 0x00000000c8b00000, 0x00000000c8b00000| Untracked 
| 140|0x00000000c8c00000, 0x00000000c8c00000, 0x00000000c8d00000|  0%| F|  |TAMS 0x00000000c8c00000, 0x00000000c8c00000| Untracked 
| 141|0x00000000c8d00000, 0x00000000c8d00000, 0x00000000c8e00000|  0%| F|  |TAMS 0x00000000c8d00000, 0x00000000c8d00000| Untracked 
| 142|0x00000000c8e00000, 0x00000000c8e00000, 0x00000000c8f00000|  0%| F|  |TAMS 0x00000000c8e00000, 0x00000000c8e00000| Untracked 
| 143|0x00000000c8f00000, 0x00000000c8f00000, 0x00000000c9000000|  0%| F|  |TAMS 0x00000000c8f00000, 0x00000000c8f00000| Untracked 
| 144|0x00000000c9000000, 0x00000000c9000000, 0x00000000c9100000|  0%| F|  |TAMS 0x00000000c9000000, 0x00000000c9000000| Untracked 
| 145|0x00000000c9100000, 0x00000000c9100000, 0x00000000c9200000|  0%| F|  |TAMS 0x00000000c9100000, 0x00000000c9100000| Untracked 
| 146|0x00000000c9200000, 0x00000000c9200000, 0x00000000c9300000|  0%| F|  |TAMS 0x00000000c9200000, 0x00000000c9200000| Untracked 
| 147|0x00000000c9300000, 0x00000000c9300000, 0x00000000c9400000|  0%| F|  |TAMS 0x00000000c9300000, 0x00000000c9300000| Untracked 
| 148|0x00000000c9400000, 0x00000000c9400000, 0x00000000c9500000|  0%| F|  |TAMS 0x00000000c9400000, 0x00000000c9400000| Untracked 
| 149|0x00000000c9500000, 0x00000000c9500000, 0x00000000c9600000|  0%| F|  |TAMS 0x00000000c9500000, 0x00000000c9500000| Untracked 
| 150|0x00000000c9600000, 0x00000000c9600000, 0x00000000c9700000|  0%| F|  |TAMS 0x00000000c9600000, 0x00000000c9600000| Untracked 
| 151|0x00000000c9700000, 0x00000000c9700000, 0x00000000c9800000|  0%| F|  |TAMS 0x00000000c9700000, 0x00000000c9700000| Untracked 
| 152|0x00000000c9800000, 0x00000000c9800000, 0x00000000c9900000|  0%| F|  |TAMS 0x00000000c9800000, 0x00000000c9800000| Untracked 
| 153|0x00000000c9900000, 0x00000000c9900000, 0x00000000c9a00000|  0%| F|  |TAMS 0x00000000c9900000, 0x00000000c9900000| Untracked 
| 154|0x00000000c9a00000, 0x00000000c9a00000, 0x00000000c9b00000|  0%| F|  |TAMS 0x00000000c9a00000, 0x00000000c9a00000| Untracked 
| 155|0x00000000c9b00000, 0x00000000c9b00000, 0x00000000c9c00000|  0%| F|  |TAMS 0x00000000c9b00000, 0x00000000c9b00000| Untracked 
| 156|0x00000000c9c00000, 0x00000000c9c00000, 0x00000000c9d00000|  0%| F|  |TAMS 0x00000000c9c00000, 0x00000000c9c00000| Untracked 
| 157|0x00000000c9d00000, 0x00000000c9d00000, 0x00000000c9e00000|  0%| F|  |TAMS 0x00000000c9d00000, 0x00000000c9d00000| Untracked 
| 158|0x00000000c9e00000, 0x00000000c9e00000, 0x00000000c9f00000|  0%| F|  |TAMS 0x00000000c9e00000, 0x00000000c9e00000| Untracked 
| 159|0x00000000c9f00000, 0x00000000c9f00000, 0x00000000ca000000|  0%| F|  |TAMS 0x00000000c9f00000, 0x00000000c9f00000| Untracked 
| 160|0x00000000ca000000, 0x00000000ca000000, 0x00000000ca100000|  0%| F|  |TAMS 0x00000000ca000000, 0x00000000ca000000| Untracked 
| 161|0x00000000ca100000, 0x00000000ca100000, 0x00000000ca200000|  0%| F|  |TAMS 0x00000000ca100000, 0x00000000ca100000| Untracked 
| 162|0x00000000ca200000, 0x00000000ca200000, 0x00000000ca300000|  0%| F|  |TAMS 0x00000000ca200000, 0x00000000ca200000| Untracked 
| 163|0x00000000ca300000, 0x00000000ca300000, 0x00000000ca400000|  0%| F|  |TAMS 0x00000000ca300000, 0x00000000ca300000| Untracked 
| 164|0x00000000ca400000, 0x00000000ca400000, 0x00000000ca500000|  0%| F|  |TAMS 0x00000000ca400000, 0x00000000ca400000| Untracked 
| 165|0x00000000ca500000, 0x00000000ca500000, 0x00000000ca600000|  0%| F|  |TAMS 0x00000000ca500000, 0x00000000ca500000| Untracked 
| 166|0x00000000ca600000, 0x00000000ca600000, 0x00000000ca700000|  0%| F|  |TAMS 0x00000000ca600000, 0x00000000ca600000| Untracked 
| 167|0x00000000ca700000, 0x00000000ca700000, 0x00000000ca800000|  0%| F|  |TAMS 0x00000000ca700000, 0x00000000ca700000| Untracked 
| 168|0x00000000ca800000, 0x00000000ca800000, 0x00000000ca900000|  0%| F|  |TAMS 0x00000000ca800000, 0x00000000ca800000| Untracked 
| 169|0x00000000ca900000, 0x00000000ca900000, 0x00000000caa00000|  0%| F|  |TAMS 0x00000000ca900000, 0x00000000ca900000| Untracked 
| 170|0x00000000caa00000, 0x00000000caa00000, 0x00000000cab00000|  0%| F|  |TAMS 0x00000000caa00000, 0x00000000caa00000| Untracked 
| 171|0x00000000cab00000, 0x00000000cab00000, 0x00000000cac00000|  0%| F|  |TAMS 0x00000000cab00000, 0x00000000cab00000| Untracked 
| 172|0x00000000cac00000, 0x00000000cac00000, 0x00000000cad00000|  0%| F|  |TAMS 0x00000000cac00000, 0x00000000cac00000| Untracked 
| 173|0x00000000cad00000, 0x00000000cad00000, 0x00000000cae00000|  0%| F|  |TAMS 0x00000000cad00000, 0x00000000cad00000| Untracked 
| 174|0x00000000cae00000, 0x00000000cae00000, 0x00000000caf00000|  0%| F|  |TAMS 0x00000000cae00000, 0x00000000cae00000| Untracked 
| 175|0x00000000caf00000, 0x00000000caf00000, 0x00000000cb000000|  0%| F|  |TAMS 0x00000000caf00000, 0x00000000caf00000| Untracked 
| 176|0x00000000cb000000, 0x00000000cb000000, 0x00000000cb100000|  0%| F|  |TAMS 0x00000000cb000000, 0x00000000cb000000| Untracked 
| 177|0x00000000cb100000, 0x00000000cb100000, 0x00000000cb200000|  0%| F|  |TAMS 0x00000000cb100000, 0x00000000cb100000| Untracked 
| 178|0x00000000cb200000, 0x00000000cb200000, 0x00000000cb300000|  0%| F|  |TAMS 0x00000000cb200000, 0x00000000cb200000| Untracked 
| 179|0x00000000cb300000, 0x00000000cb300000, 0x00000000cb400000|  0%| F|  |TAMS 0x00000000cb300000, 0x00000000cb300000| Untracked 
| 180|0x00000000cb400000, 0x00000000cb400000, 0x00000000cb500000|  0%| F|  |TAMS 0x00000000cb400000, 0x00000000cb400000| Untracked 
| 181|0x00000000cb500000, 0x00000000cb500000, 0x00000000cb600000|  0%| F|  |TAMS 0x00000000cb500000, 0x00000000cb500000| Untracked 
| 182|0x00000000cb600000, 0x00000000cb600000, 0x00000000cb700000|  0%| F|  |TAMS 0x00000000cb600000, 0x00000000cb600000| Untracked 
| 183|0x00000000cb700000, 0x00000000cb700000, 0x00000000cb800000|  0%| F|  |TAMS 0x00000000cb700000, 0x00000000cb700000| Untracked 
| 184|0x00000000cb800000, 0x00000000cb800000, 0x00000000cb900000|  0%| F|  |TAMS 0x00000000cb800000, 0x00000000cb800000| Untracked 
| 185|0x00000000cb900000, 0x00000000cb900000, 0x00000000cba00000|  0%| F|  |TAMS 0x00000000cb900000, 0x00000000cb900000| Untracked 
| 186|0x00000000cba00000, 0x00000000cba00000, 0x00000000cbb00000|  0%| F|  |TAMS 0x00000000cba00000, 0x00000000cba00000| Untracked 
| 187|0x00000000cbb00000, 0x00000000cbb00000, 0x00000000cbc00000|  0%| F|  |TAMS 0x00000000cbb00000, 0x00000000cbb00000| Untracked 
| 188|0x00000000cbc00000, 0x00000000cbc00000, 0x00000000cbd00000|  0%| F|  |TAMS 0x00000000cbc00000, 0x00000000cbc00000| Untracked 
| 189|0x00000000cbd00000, 0x00000000cbd00000, 0x00000000cbe00000|  0%| F|  |TAMS 0x00000000cbd00000, 0x00000000cbd00000| Untracked 
| 190|0x00000000cbe00000, 0x00000000cbe00000, 0x00000000cbf00000|  0%| F|  |TAMS 0x00000000cbe00000, 0x00000000cbe00000| Untracked 
| 191|0x00000000cbf00000, 0x00000000cbf00000, 0x00000000cc000000|  0%| F|  |TAMS 0x00000000cbf00000, 0x00000000cbf00000| Untracked 
| 192|0x00000000cc000000, 0x00000000cc000000, 0x00000000cc100000|  0%| F|  |TAMS 0x00000000cc000000, 0x00000000cc000000| Untracked 
| 193|0x00000000cc100000, 0x00000000cc100000, 0x00000000cc200000|  0%| F|  |TAMS 0x00000000cc100000, 0x00000000cc100000| Untracked 
| 194|0x00000000cc200000, 0x00000000cc200000, 0x00000000cc300000|  0%| F|  |TAMS 0x00000000cc200000, 0x00000000cc200000| Untracked 
| 195|0x00000000cc300000, 0x00000000cc300000, 0x00000000cc400000|  0%| F|  |TAMS 0x00000000cc300000, 0x00000000cc300000| Untracked 
| 196|0x00000000cc400000, 0x00000000cc400000, 0x00000000cc500000|  0%| F|  |TAMS 0x00000000cc400000, 0x00000000cc400000| Untracked 
| 197|0x00000000cc500000, 0x00000000cc500000, 0x00000000cc600000|  0%| F|  |TAMS 0x00000000cc500000, 0x00000000cc500000| Untracked 
| 198|0x00000000cc600000, 0x00000000cc600000, 0x00000000cc700000|  0%| F|  |TAMS 0x00000000cc600000, 0x00000000cc600000| Untracked 
| 199|0x00000000cc700000, 0x00000000cc700000, 0x00000000cc800000|  0%| F|  |TAMS 0x00000000cc700000, 0x00000000cc700000| Untracked 
| 200|0x00000000cc800000, 0x00000000cc800000, 0x00000000cc900000|  0%| F|  |TAMS 0x00000000cc800000, 0x00000000cc800000| Untracked 
| 201|0x00000000cc900000, 0x00000000cc900000, 0x00000000cca00000|  0%| F|  |TAMS 0x00000000cc900000, 0x00000000cc900000| Untracked 
| 202|0x00000000cca00000, 0x00000000cca00000, 0x00000000ccb00000|  0%| F|  |TAMS 0x00000000cca00000, 0x00000000cca00000| Untracked 
| 203|0x00000000ccb00000, 0x00000000ccb00000, 0x00000000ccc00000|  0%| F|  |TAMS 0x00000000ccb00000, 0x00000000ccb00000| Untracked 
| 204|0x00000000ccc00000, 0x00000000ccc00000, 0x00000000ccd00000|  0%| F|  |TAMS 0x00000000ccc00000, 0x00000000ccc00000| Untracked 
| 205|0x00000000ccd00000, 0x00000000ccd00000, 0x00000000cce00000|  0%| F|  |TAMS 0x00000000ccd00000, 0x00000000ccd00000| Untracked 
| 206|0x00000000cce00000, 0x00000000cce00000, 0x00000000ccf00000|  0%| F|  |TAMS 0x00000000cce00000, 0x00000000cce00000| Untracked 
| 207|0x00000000ccf00000, 0x00000000ccf00000, 0x00000000cd000000|  0%| F|  |TAMS 0x00000000ccf00000, 0x00000000ccf00000| Untracked 
| 208|0x00000000cd000000, 0x00000000cd000000, 0x00000000cd100000|  0%| F|  |TAMS 0x00000000cd000000, 0x00000000cd000000| Untracked 
| 209|0x00000000cd100000, 0x00000000cd100000, 0x00000000cd200000|  0%| F|  |TAMS 0x00000000cd100000, 0x00000000cd100000| Untracked 
| 210|0x00000000cd200000, 0x00000000cd200000, 0x00000000cd300000|  0%| F|  |TAMS 0x00000000cd200000, 0x00000000cd200000| Untracked 
| 211|0x00000000cd300000, 0x00000000cd400000, 0x00000000cd400000|100%| E|  |TAMS 0x00000000cd300000, 0x00000000cd300000| Complete 
| 212|0x00000000cd400000, 0x00000000cd500000, 0x00000000cd500000|100%| E|CS|TAMS 0x00000000cd400000, 0x00000000cd400000| Complete 
| 213|0x00000000cd500000, 0x00000000cd600000, 0x00000000cd600000|100%| E|CS|TAMS 0x00000000cd500000, 0x00000000cd500000| Complete 
| 214|0x00000000cd600000, 0x00000000cd700000, 0x00000000cd700000|100%| E|CS|TAMS 0x00000000cd600000, 0x00000000cd600000| Complete 
| 215|0x00000000cd700000, 0x00000000cd800000, 0x00000000cd800000|100%| E|CS|TAMS 0x00000000cd700000, 0x00000000cd700000| Complete 
| 216|0x00000000cd800000, 0x00000000cd900000, 0x00000000cd900000|100%| E|CS|TAMS 0x00000000cd800000, 0x00000000cd800000| Complete 
| 217|0x00000000cd900000, 0x00000000cda00000, 0x00000000cda00000|100%| E|CS|TAMS 0x00000000cd900000, 0x00000000cd900000| Complete 
| 218|0x00000000cda00000, 0x00000000cdb00000, 0x00000000cdb00000|100%| E|CS|TAMS 0x00000000cda00000, 0x00000000cda00000| Complete 
| 219|0x00000000cdb00000, 0x00000000cdc00000, 0x00000000cdc00000|100%| E|CS|TAMS 0x00000000cdb00000, 0x00000000cdb00000| Complete 
| 220|0x00000000cdc00000, 0x00000000cdd00000, 0x00000000cdd00000|100%| E|CS|TAMS 0x00000000cdc00000, 0x00000000cdc00000| Complete 
| 221|0x00000000cdd00000, 0x00000000cde00000, 0x00000000cde00000|100%| E|CS|TAMS 0x00000000cdd00000, 0x00000000cdd00000| Complete 
| 222|0x00000000cde00000, 0x00000000cdf00000, 0x00000000cdf00000|100%| E|CS|TAMS 0x00000000cde00000, 0x00000000cde00000| Complete 
| 223|0x00000000cdf00000, 0x00000000ce000000, 0x00000000ce000000|100%| E|CS|TAMS 0x00000000cdf00000, 0x00000000cdf00000| Complete 
| 224|0x00000000ce000000, 0x00000000ce100000, 0x00000000ce100000|100%| E|CS|TAMS 0x00000000ce000000, 0x00000000ce000000| Complete 
| 225|0x00000000ce100000, 0x00000000ce200000, 0x00000000ce200000|100%| E|CS|TAMS 0x00000000ce100000, 0x00000000ce100000| Complete 
| 226|0x00000000ce200000, 0x00000000ce300000, 0x00000000ce300000|100%| E|CS|TAMS 0x00000000ce200000, 0x00000000ce200000| Complete 
| 227|0x00000000ce300000, 0x00000000ce400000, 0x00000000ce400000|100%| E|CS|TAMS 0x00000000ce300000, 0x00000000ce300000| Complete 
| 228|0x00000000ce400000, 0x00000000ce500000, 0x00000000ce500000|100%| E|CS|TAMS 0x00000000ce400000, 0x00000000ce400000| Complete 
| 229|0x00000000ce500000, 0x00000000ce600000, 0x00000000ce600000|100%| E|CS|TAMS 0x00000000ce500000, 0x00000000ce500000| Complete 
| 230|0x00000000ce600000, 0x00000000ce700000, 0x00000000ce700000|100%| E|CS|TAMS 0x00000000ce600000, 0x00000000ce600000| Complete 
| 231|0x00000000ce700000, 0x00000000ce800000, 0x00000000ce800000|100%| E|CS|TAMS 0x00000000ce700000, 0x00000000ce700000| Complete 
| 232|0x00000000ce800000, 0x00000000ce900000, 0x00000000ce900000|100%| E|CS|TAMS 0x00000000ce800000, 0x00000000ce800000| Complete 
| 233|0x00000000ce900000, 0x00000000cea00000, 0x00000000cea00000|100%| E|CS|TAMS 0x00000000ce900000, 0x00000000ce900000| Complete 
| 234|0x00000000cea00000, 0x00000000ceb00000, 0x00000000ceb00000|100%| E|CS|TAMS 0x00000000cea00000, 0x00000000cea00000| Complete 
| 235|0x00000000ceb00000, 0x00000000cec00000, 0x00000000cec00000|100%| E|CS|TAMS 0x00000000ceb00000, 0x00000000ceb00000| Complete 
| 236|0x00000000cec00000, 0x00000000ced00000, 0x00000000ced00000|100%| E|CS|TAMS 0x00000000cec00000, 0x00000000cec00000| Complete 
| 237|0x00000000ced00000, 0x00000000cedbf800, 0x00000000cee00000| 74%| S|CS|TAMS 0x00000000ced00000, 0x00000000ced00000| Complete 
| 238|0x00000000cee00000, 0x00000000cef00000, 0x00000000cef00000|100%| S|CS|TAMS 0x00000000cee00000, 0x00000000cee00000| Complete 
| 239|0x00000000cef00000, 0x00000000cf000000, 0x00000000cf000000|100%| E|CS|TAMS 0x00000000cef00000, 0x00000000cef00000| Complete 
| 240|0x00000000cf000000, 0x00000000cf100000, 0x00000000cf100000|100%| E|CS|TAMS 0x00000000cf000000, 0x00000000cf000000| Complete 
| 241|0x00000000cf100000, 0x00000000cf200000, 0x00000000cf200000|100%| E|CS|TAMS 0x00000000cf100000, 0x00000000cf100000| Complete 
| 242|0x00000000cf200000, 0x00000000cf300000, 0x00000000cf300000|100%| E|CS|TAMS 0x00000000cf200000, 0x00000000cf200000| Complete 
| 243|0x00000000cf300000, 0x00000000cf400000, 0x00000000cf400000|100%| E|CS|TAMS 0x00000000cf300000, 0x00000000cf300000| Complete 
| 244|0x00000000cf400000, 0x00000000cf500000, 0x00000000cf500000|100%| E|CS|TAMS 0x00000000cf400000, 0x00000000cf400000| Complete 
| 245|0x00000000cf500000, 0x00000000cf600000, 0x00000000cf600000|100%| E|CS|TAMS 0x00000000cf500000, 0x00000000cf500000| Complete 
| 246|0x00000000cf600000, 0x00000000cf700000, 0x00000000cf700000|100%| E|CS|TAMS 0x00000000cf600000, 0x00000000cf600000| Complete 
| 247|0x00000000cf700000, 0x00000000cf800000, 0x00000000cf800000|100%| E|CS|TAMS 0x00000000cf700000, 0x00000000cf700000| Complete 
| 248|0x00000000cf800000, 0x00000000cf900000, 0x00000000cf900000|100%| E|CS|TAMS 0x00000000cf800000, 0x00000000cf800000| Complete 
| 249|0x00000000cf900000, 0x00000000cfa00000, 0x00000000cfa00000|100%| E|CS|TAMS 0x00000000cf900000, 0x00000000cf900000| Complete 
| 250|0x00000000cfa00000, 0x00000000cfb00000, 0x00000000cfb00000|100%| E|CS|TAMS 0x00000000cfa00000, 0x00000000cfa00000| Complete 
| 251|0x00000000cfb00000, 0x00000000cfc00000, 0x00000000cfc00000|100%| E|CS|TAMS 0x00000000cfb00000, 0x00000000cfb00000| Complete 
| 252|0x00000000cfc00000, 0x00000000cfd00000, 0x00000000cfd00000|100%| E|CS|TAMS 0x00000000cfc00000, 0x00000000cfc00000| Complete 
| 253|0x00000000cfd00000, 0x00000000cfe00000, 0x00000000cfe00000|100%| E|CS|TAMS 0x00000000cfd00000, 0x00000000cfd00000| Complete 
| 254|0x00000000cfe00000, 0x00000000cff00000, 0x00000000cff00000|100%| E|CS|TAMS 0x00000000cfe00000, 0x00000000cfe00000| Complete 
| 255|0x00000000cff00000, 0x00000000d0000000, 0x00000000d0000000|100%| E|CS|TAMS 0x00000000cff00000, 0x00000000cff00000| Complete 

Card table byte_map: [0x000001ab354c0000,0x000001ab356c0000] _byte_map_base: 0x000001ab34ec0000

Marking Bits (Prev, Next): (CMBitMap*) 0x000001ab1ea34c90, (CMBitMap*) 0x000001ab1ea34cd0
 Prev Bits: [0x000001ab358c0000, 0x000001ab368c0000)
 Next Bits: [0x000001ab368c0000, 0x000001ab378c0000)

Polling page: 0x000001ab1e1b0000

Metaspace:

Usage:
  Non-class:     11.91 MB used.
      Class:      1.47 MB used.
       Both:     13.38 MB used.

Virtual space:
  Non-class space:       16.00 MB reserved,      12.06 MB ( 75%) committed,  2 nodes.
      Class space:        1.00 GB reserved,       1.56 MB ( <1%) committed,  1 nodes.
             Both:        1.02 GB reserved,      13.62 MB (  1%) committed. 

Chunk freelists:
   Non-Class:  3.48 MB
       Class:  2.31 MB
        Both:  5.80 MB

MaxMetaspaceSize: unlimited
CompressedClassSpaceSize: 1.00 GB
Initial GC threshold: 21.00 MB
Current GC threshold: 21.00 MB
CDS: on
MetaspaceReclaimPolicy: balanced
 - commit_granule_bytes: 65536.
 - commit_granule_words: 8192.
 - virtual_space_node_default_size: 1048576.
 - enlarge_chunks_in_place: 1.
 - new_chunks_are_fully_committed: 0.
 - uncommit_free_chunks: 1.
 - use_allocation_guard: 0.
 - handle_deallocations: 1.


Internal statistics:

num_allocs_failed_limit: 0.
num_arena_births: 158.
num_arena_deaths: 0.
num_vsnodes_births: 3.
num_vsnodes_deaths: 0.
num_space_committed: 218.
num_space_uncommitted: 0.
num_chunks_returned_to_freelist: 0.
num_chunks_taken_from_freelist: 540.
num_chunk_merges: 0.
num_chunk_splits: 384.
num_chunks_enlarged: 297.
num_purges: 0.
num_inconsistent_stats: 0.

CodeHeap 'non-profiled nmethods': size=120064Kb used=739Kb max_used=739Kb free=119325Kb
 bounds [0x000001ab2df80000, 0x000001ab2e1f0000, 0x000001ab354c0000]
CodeHeap 'profiled nmethods': size=120000Kb used=4837Kb max_used=4837Kb free=115162Kb
 bounds [0x000001ab26a50000, 0x000001ab26f10000, 0x000001ab2df80000]
CodeHeap 'non-nmethods': size=5696Kb used=1197Kb max_used=1231Kb free=4498Kb
 bounds [0x000001ab264c0000, 0x000001ab26730000, 0x000001ab26a50000]
 total_blobs=2939 nmethods=2454 adapters=397
 compilation: enabled
              stopped_count=0, restarted_count=0
 full_count=0

Compilation events (20 events):
Event: 2.610 Thread 0x000001ab39b91250 2424       2       javac_extend.com.sun.tools.javac.comp.Attr$TypeAnnotationsValidator::visitVarDef (71 bytes)
Event: 2.611 Thread 0x000001ab39b91250 nmethod 2424 0x000001ab26ef4b10 code [0x000001ab26ef4ce0, 0x000001ab26ef4f58]
Event: 2.611 Thread 0x000001ab39b91250 2425       1       javac_extend.com.sun.tools.javac.code.Symbol$Completer$1::isTerminal (2 bytes)
Event: 2.611 Thread 0x000001ab39b91250 nmethod 2425 0x000001ab2e037010 code [0x000001ab2e0371a0, 0x000001ab2e037278]
Event: 2.611 Thread 0x000001ab39b91250 2426       2       javac_extend.com.sun.tools.javac.code.Scope$ScopeImpl$1::update (72 bytes)
Event: 2.611 Thread 0x000001ab39b91250 nmethod 2426 0x000001ab26ef5110 code [0x000001ab26ef52c0, 0x000001ab26ef5578]
Event: 2.614 Thread 0x000001ab39b91250 2427       2       jdk.internal.math.FDBigInteger::mult (64 bytes)
Event: 2.614 Thread 0x000001ab39b91250 nmethod 2427 0x000001ab26ef5690 code [0x000001ab26ef5840, 0x000001ab26ef5a78]
Event: 2.614 Thread 0x000001ab39b91250 2428       2       jdk.internal.math.FDBigInteger::<init> (30 bytes)
Event: 2.614 Thread 0x000001ab39b91250 nmethod 2428 0x000001ab26ef5c90 code [0x000001ab26ef5e40, 0x000001ab26ef5fc8]
Event: 2.614 Thread 0x000001ab39b91250 2429       2       jdk.internal.math.FDBigInteger::makeImmutable (6 bytes)
Event: 2.614 Thread 0x000001ab39b91250 nmethod 2429 0x000001ab26ef6090 code [0x000001ab26ef6220, 0x000001ab26ef6338]
Event: 2.614 Thread 0x000001ab39b91250 2430       2       jdk.internal.math.FDBigInteger::mult (44 bytes)
Event: 2.615 Thread 0x000001ab39b91250 nmethod 2430 0x000001ab26ef6410 code [0x000001ab26ef65c0, 0x000001ab26ef68d8]
Event: 2.618 Thread 0x000001ab39b91250 2431       2       sun.invoke.util.VerifyAccess::isTypeVisible (47 bytes)
Event: 2.618 Thread 0x000001ab39b91250 nmethod 2431 0x000001ab26ef6a10 code [0x000001ab26ef6be0, 0x000001ab26ef6e58]
Event: 2.619 Thread 0x000001ab39b91250 2432       2       java.util.stream.AbstractPipeline::sourceSpliterator (265 bytes)
Event: 2.620 Thread 0x000001ab39b91250 nmethod 2432 0x000001ab26ef7010 code [0x000001ab26ef7220, 0x000001ab26ef7868]
Event: 2.622 Thread 0x000001ab39b91250 2433       2       java.util.stream.AbstractPipeline::wrapSink (37 bytes)
Event: 2.622 Thread 0x000001ab39b91250 nmethod 2433 0x000001ab26ef7c10 code [0x000001ab26ef7dc0, 0x000001ab26ef8038]

GC Heap History (6 events):
Event: 0.693 GC heap before
{Heap before GC invocations=0 (full 0):
 garbage-first heap   total 262144K, used 11264K [0x00000000c0000000, 0x0000000100000000)
  region size 1024K, 12 young (12288K), 0 survivors (0K)
 Metaspace       used 4893K, committed 5120K, reserved 1056768K
  class space    used 531K, committed 640K, reserved 1048576K
}
Event: 0.700 GC heap after
{Heap after GC invocations=1 (full 0):
 garbage-first heap   total 262144K, used 2975K [0x00000000c0000000, 0x0000000100000000)
  region size 1024K, 2 young (2048K), 2 survivors (2048K)
 Metaspace       used 4893K, committed 5120K, reserved 1056768K
  class space    used 531K, committed 640K, reserved 1048576K
}
Event: 1.108 GC heap before
{Heap before GC invocations=1 (full 0):
 garbage-first heap   total 262144K, used 12191K [0x00000000c0000000, 0x0000000100000000)
  region size 1024K, 12 young (12288K), 2 survivors (2048K)
 Metaspace       used 7171K, committed 7360K, reserved 1056768K
  class space    used 808K, committed 896K, reserved 1048576K
}
Event: 1.115 GC heap after
{Heap after GC invocations=2 (full 0):
 garbage-first heap   total 262144K, used 4078K [0x00000000c0000000, 0x0000000100000000)
  region size 1024K, 2 young (2048K), 2 survivors (2048K)
 Metaspace       used 7171K, committed 7360K, reserved 1056768K
  class space    used 808K, committed 896K, reserved 1048576K
}
Event: 1.417 GC heap before
{Heap before GC invocations=2 (full 0):
 garbage-first heap   total 262144K, used 18414K [0x00000000c0000000, 0x0000000100000000)
  region size 1024K, 17 young (17408K), 2 survivors (2048K)
 Metaspace       used 10404K, committed 10624K, reserved 1064960K
  class space    used 1225K, committed 1344K, reserved 1048576K
}
Event: 1.422 GC heap after
{Heap after GC invocations=3 (full 0):
 garbage-first heap   total 262144K, used 4780K [0x00000000c0000000, 0x0000000100000000)
  region size 1024K, 2 young (2048K), 2 survivors (2048K)
 Metaspace       used 10404K, committed 10624K, reserved 1064960K
  class space    used 1225K, committed 1344K, reserved 1048576K
}

Deoptimization events (20 events):
Event: 1.868 Thread 0x000001ab1e9f8180 DEOPT PACKING pc=0x000001ab26d52338 sp=0x0000005ce67fe190
Event: 1.868 Thread 0x000001ab1e9f8180 DEOPT UNPACKING pc=0x000001ab26516763 sp=0x0000005ce67fd638 mode 0
Event: 1.922 Thread 0x000001ab1e9f8180 DEOPT PACKING pc=0x000001ab26d51824 sp=0x0000005ce67fde20
Event: 1.922 Thread 0x000001ab1e9f8180 DEOPT UNPACKING pc=0x000001ab26516763 sp=0x0000005ce67fd298 mode 0
Event: 2.099 Thread 0x000001ab1e9f8180 Uncommon trap: trap_request=0xffffff45 fr.pc=0x000001ab2e0115fc relative=0x0000000000000a3c
Event: 2.099 Thread 0x000001ab1e9f8180 Uncommon trap: reason=unstable_if action=reinterpret pc=0x000001ab2e0115fc method=javac_extend.com.sun.tools.javac.util.Name$Table.equals([BI[BII)Z @ 22 c2
Event: 2.099 Thread 0x000001ab1e9f8180 DEOPT PACKING pc=0x000001ab2e0115fc sp=0x0000005ce67fd610
Event: 2.099 Thread 0x000001ab1e9f8180 DEOPT UNPACKING pc=0x000001ab26515c23 sp=0x0000005ce67fd528 mode 2
Event: 2.099 Thread 0x000001ab1e9f8180 Uncommon trap: trap_request=0xffffff45 fr.pc=0x000001ab2dfee688 relative=0x0000000000000208
Event: 2.099 Thread 0x000001ab1e9f8180 Uncommon trap: reason=unstable_if action=reinterpret pc=0x000001ab2dfee688 method=javac_extend.com.sun.tools.javac.util.Name$Table.equals([BI[BII)Z @ 22 c2
Event: 2.099 Thread 0x000001ab1e9f8180 DEOPT PACKING pc=0x000001ab2dfee688 sp=0x0000005ce67fd570
Event: 2.099 Thread 0x000001ab1e9f8180 DEOPT UNPACKING pc=0x000001ab26515c23 sp=0x0000005ce67fd510 mode 2
Event: 2.239 Thread 0x000001ab1e9f8180 Uncommon trap: trap_request=0xffffff45 fr.pc=0x000001ab2e00ab48 relative=0x0000000000000048
Event: 2.239 Thread 0x000001ab1e9f8180 Uncommon trap: reason=unstable_if action=reinterpret pc=0x000001ab2e00ab48 method=javac_extend.com.sun.tools.javac.util.ArrayUtils.ensureCapacity([BI)[B @ 3 c2
Event: 2.239 Thread 0x000001ab1e9f8180 DEOPT PACKING pc=0x000001ab2e00ab48 sp=0x0000005ce67fdf50
Event: 2.239 Thread 0x000001ab1e9f8180 DEOPT UNPACKING pc=0x000001ab26515c23 sp=0x0000005ce67fded8 mode 2
Event: 2.278 Thread 0x000001ab1e9f8180 Uncommon trap: trap_request=0xffffff45 fr.pc=0x000001ab2e023a84 relative=0x0000000000000ac4
Event: 2.278 Thread 0x000001ab1e9f8180 Uncommon trap: reason=unstable_if action=reinterpret pc=0x000001ab2e023a84 method=javac_extend.com.sun.tools.javac.util.ArrayUtils.ensureCapacity([BI)[B @ 3 c2
Event: 2.278 Thread 0x000001ab1e9f8180 DEOPT PACKING pc=0x000001ab2e023a84 sp=0x0000005ce67fcfc0
Event: 2.278 Thread 0x000001ab1e9f8180 DEOPT UNPACKING pc=0x000001ab26515c23 sp=0x0000005ce67fcee8 mode 2

Classes unloaded (0 events):
No events

Classes redefined (0 events):
No events

Internal exceptions (20 events):
Event: 2.328 Thread 0x000001ab1e9f8180 Exception <a 'sun/nio/fs/WindowsException'{0x00000000cda0a5e0}> (0x00000000cda0a5e0) 
thrown [s\src\hotspot\share\prims\jni.cpp, line 516]
Event: 2.340 Thread 0x000001ab1e9f8180 Exception <a 'sun/nio/fs/WindowsException'{0x00000000cda6b1a8}> (0x00000000cda6b1a8) 
thrown [s\src\hotspot\share\prims\jni.cpp, line 516]
Event: 2.340 Thread 0x000001ab1e9f8180 Exception <a 'sun/nio/fs/WindowsException'{0x00000000cda6b508}> (0x00000000cda6b508) 
thrown [s\src\hotspot\share\prims\jni.cpp, line 516]
Event: 2.340 Thread 0x000001ab1e9f8180 Exception <a 'sun/nio/fs/WindowsException'{0x00000000cda6c338}> (0x00000000cda6c338) 
thrown [s\src\hotspot\share\prims\jni.cpp, line 516]
Event: 2.340 Thread 0x000001ab1e9f8180 Exception <a 'sun/nio/fs/WindowsException'{0x00000000cda6c698}> (0x00000000cda6c698) 
thrown [s\src\hotspot\share\prims\jni.cpp, line 516]
Event: 2.340 Thread 0x000001ab1e9f8180 Exception <a 'sun/nio/fs/WindowsException'{0x00000000cda6d3d8}> (0x00000000cda6d3d8) 
thrown [s\src\hotspot\share\prims\jni.cpp, line 516]
Event: 2.340 Thread 0x000001ab1e9f8180 Exception <a 'sun/nio/fs/WindowsException'{0x00000000cda6d7e8}> (0x00000000cda6d7e8) 
thrown [s\src\hotspot\share\prims\jni.cpp, line 516]
Event: 2.375 Thread 0x000001ab1e9f8180 Exception <a 'java/lang/NoSuchMethodError'{0x00000000cd931f78}: 'java.lang.Object java.lang.invoke.DirectMethodHandle$Holder.invokeVirtual(java.lang.Object, java.lang.Object, java.lang.Object)'> (0x00000000cd931f78) 
thrown [s\src\hotspot\share\interpreter\linkResolver.cpp, line 759]
Event: 2.523 Thread 0x000001ab1e9f8180 Exception <a 'sun/nio/fs/WindowsException'{0x00000000cd615a40}> (0x00000000cd615a40) 
thrown [s\src\hotspot\share\prims\jni.cpp, line 516]
Event: 2.523 Thread 0x000001ab1e9f8180 Exception <a 'sun/nio/fs/WindowsException'{0x00000000cd615d80}> (0x00000000cd615d80) 
thrown [s\src\hotspot\share\prims\jni.cpp, line 516]
Event: 2.523 Thread 0x000001ab1e9f8180 Exception <a 'sun/nio/fs/WindowsException'{0x00000000cd6168d0}> (0x00000000cd6168d0) 
thrown [s\src\hotspot\share\prims\jni.cpp, line 516]
Event: 2.523 Thread 0x000001ab1e9f8180 Exception <a 'sun/nio/fs/WindowsException'{0x00000000cd616c00}> (0x00000000cd616c00) 
thrown [s\src\hotspot\share\prims\jni.cpp, line 516]
Event: 2.523 Thread 0x000001ab1e9f8180 Exception <a 'sun/nio/fs/WindowsException'{0x00000000cd617668}> (0x00000000cd617668) 
thrown [s\src\hotspot\share\prims\jni.cpp, line 516]
Event: 2.523 Thread 0x000001ab1e9f8180 Exception <a 'sun/nio/fs/WindowsException'{0x00000000cd617a48}> (0x00000000cd617a48) 
thrown [s\src\hotspot\share\prims\jni.cpp, line 516]
Event: 2.532 Thread 0x000001ab1e9f8180 Exception <a 'sun/nio/fs/WindowsException'{0x00000000cd64c2c0}> (0x00000000cd64c2c0) 
thrown [s\src\hotspot\share\prims\jni.cpp, line 516]
Event: 2.532 Thread 0x000001ab1e9f8180 Exception <a 'sun/nio/fs/WindowsException'{0x00000000cd64c640}> (0x00000000cd64c640) 
thrown [s\src\hotspot\share\prims\jni.cpp, line 516]
Event: 2.532 Thread 0x000001ab1e9f8180 Exception <a 'sun/nio/fs/WindowsException'{0x00000000cd64d720}> (0x00000000cd64d720) 
thrown [s\src\hotspot\share\prims\jni.cpp, line 516]
Event: 2.532 Thread 0x000001ab1e9f8180 Exception <a 'sun/nio/fs/WindowsException'{0x00000000cd64da90}> (0x00000000cd64da90) 
thrown [s\src\hotspot\share\prims\jni.cpp, line 516]
Event: 2.533 Thread 0x000001ab1e9f8180 Exception <a 'sun/nio/fs/WindowsException'{0x00000000cd64ea78}> (0x00000000cd64ea78) 
thrown [s\src\hotspot\share\prims\jni.cpp, line 516]
Event: 2.533 Thread 0x000001ab1e9f8180 Exception <a 'sun/nio/fs/WindowsException'{0x00000000cd64ee98}> (0x00000000cd64ee98) 
thrown [s\src\hotspot\share\prims\jni.cpp, line 516]

VM Operations (20 events):
Event: 0.692 Executing VM operation: G1CollectForAllocation
Event: 0.700 Executing VM operation: G1CollectForAllocation done
Event: 1.022 Executing VM operation: HandshakeAllThreads
Event: 1.023 Executing VM operation: HandshakeAllThreads done
Event: 1.025 Executing VM operation: HandshakeAllThreads
Event: 1.025 Executing VM operation: HandshakeAllThreads done
Event: 1.108 Executing VM operation: G1CollectForAllocation
Event: 1.115 Executing VM operation: G1CollectForAllocation done
Event: 1.417 Executing VM operation: G1CollectForAllocation
Event: 1.422 Executing VM operation: G1CollectForAllocation done
Event: 1.764 Executing VM operation: HandshakeAllThreads
Event: 1.764 Executing VM operation: HandshakeAllThreads done
Event: 2.093 Executing VM operation: ICBufferFull
Event: 2.093 Executing VM operation: ICBufferFull done
Event: 2.423 Executing VM operation: HandshakeAllThreads
Event: 2.423 Executing VM operation: HandshakeAllThreads done
Event: 2.531 Executing VM operation: ICBufferFull
Event: 2.531 Executing VM operation: ICBufferFull done
Event: 2.587 Executing VM operation: HandshakeAllThreads
Event: 2.587 Executing VM operation: HandshakeAllThreads done

Events (20 events):
Event: 2.616 loading class javac_extend/com/sun/tools/javac/code/Type
Event: 2.616 loading class javac_extend/com/sun/tools/javac/code/Type done
Event: 2.616 loading class javac_extend/com/sun/tools/javac/code/Type
Event: 2.616 loading class javac_extend/com/sun/tools/javac/code/Type done
Event: 2.616 loading class javac_extend/com/sun/tools/javac/code/Type
Event: 2.616 loading class javac_extend/com/sun/tools/javac/code/Type done
Event: 2.617 loading class javac_extend/com/sun/tools/javac/util/ListBuffer
Event: 2.617 loading class javac_extend/com/sun/tools/javac/util/ListBuffer done
Event: 2.617 loading class javac_extend/com/sun/tools/javac/util/ListBuffer
Event: 2.617 loading class javac_extend/com/sun/tools/javac/util/ListBuffer done
Event: 2.617 loading class javac_extend/com/sun/tools/javac/util/ListBuffer
Event: 2.617 loading class javac_extend/com/sun/tools/javac/util/ListBuffer done
Event: 2.617 loading class javac_extend/com/sun/tools/javac/util/ListBuffer
Event: 2.617 loading class javac_extend/com/sun/tools/javac/util/ListBuffer done
Event: 2.618 loading class javac_extend/com/sun/tools/javac/util/List
Event: 2.618 loading class javac_extend/com/sun/tools/javac/util/List done
Event: 2.618 loading class javac_extend/com/sun/tools/javac/util/ListBuffer
Event: 2.619 loading class javac_extend/com/sun/tools/javac/util/ListBuffer done
Event: 2.623 loading class javac_extend/com/sun/tools/javac/comp/Check$Validator
Event: 2.623 loading class javac_extend/com/sun/tools/javac/comp/Check$Validator done


Dynamic libraries:
0x00007ff63bde0000 - 0x00007ff63bdee000 	C:\Program Files\Eclipse Adoptium\jdk-17.0.4.8-hotspot\bin\java.exe
0x00007ff9f4d20000 - 0x00007ff9f4f29000 	C:\Windows\SYSTEM32\ntdll.dll
0x00007ff9f3d70000 - 0x00007ff9f3e2d000 	C:\Windows\System32\KERNEL32.DLL
0x00007ff9f25b0000 - 0x00007ff9f292d000 	C:\Windows\System32\KERNELBASE.dll
0x00007ff9c07c0000 - 0x00007ff9c08f1000 	C:\Users\PenTester12\Downloads\codeql-win64\codeql\tools\win64\libtrace64.dll
0x00007ff9f3250000 - 0x00007ff9f32fe000 	C:\Windows\System32\ADVAPI32.dll
0x00007ff9f3fe0000 - 0x00007ff9f4083000 	C:\Windows\System32\msvcrt.dll
0x00007ff9f4180000 - 0x00007ff9f421e000 	C:\Windows\System32\sechost.dll
0x00007ff9f2c70000 - 0x00007ff9f2d90000 	C:\Windows\System32\RPCRT4.dll
0x00007ff9f4220000 - 0x00007ff9f49d8000 	C:\Windows\System32\SHELL32.dll
0x00007ff9f29f0000 - 0x00007ff9f2a8d000 	C:\Windows\System32\msvcp_win.dll
0x00007ff9f2490000 - 0x00007ff9f25a1000 	C:\Windows\System32\ucrtbase.dll
0x00007ff9f2e90000 - 0x00007ff9f303d000 	C:\Windows\System32\USER32.dll
0x00007ff9f2200000 - 0x00007ff9f2226000 	C:\Windows\System32\win32u.dll
0x00007ff9f3e30000 - 0x00007ff9f3e59000 	C:\Windows\System32\GDI32.dll
0x00007ff9f2a90000 - 0x00007ff9f2ba8000 	C:\Windows\System32\gdi32full.dll
0x00007ff9f30b0000 - 0x00007ff9f324a000 	C:\Windows\System32\ole32.dll
0x00007ff9f3370000 - 0x00007ff9f36e9000 	C:\Windows\System32\combase.dll
0x00007ff9d9c10000 - 0x00007ff9d9c28000 	C:\Program Files\Eclipse Adoptium\jdk-17.0.4.8-hotspot\bin\jli.dll
0x00007ff9e3560000 - 0x00007ff9e3579000 	C:\Program Files\Eclipse Adoptium\jdk-17.0.4.8-hotspot\bin\VCRUNTIME140.dll
0x00007ff9d5410000 - 0x00007ff9d56b5000 	C:\Windows\WinSxS\amd64_microsoft.windows.common-controls_6595b64144ccf1df_6.0.22000.120_none_9d947278b86cc467\COMCTL32.dll
0x00007ff9f49e0000 - 0x00007ff9f4a11000 	C:\Windows\System32\IMM32.DLL
0x00007ff9e2f30000 - 0x00007ff9e2f3c000 	C:\Program Files\Eclipse Adoptium\jdk-17.0.4.8-hotspot\bin\vcruntime140_1.dll
0x00007ff9c3280000 - 0x00007ff9c3311000 	C:\Program Files\Eclipse Adoptium\jdk-17.0.4.8-hotspot\bin\msvcp140.dll
0x00007ff994390000 - 0x00007ff994fd6000 	C:\Program Files\Eclipse Adoptium\jdk-17.0.4.8-hotspot\bin\server\jvm.dll
0x00007ff9f36f0000 - 0x00007ff9f36f8000 	C:\Windows\System32\PSAPI.DLL
0x00007ff9ddf30000 - 0x00007ff9ddf39000 	C:\Windows\SYSTEM32\WSOCK32.dll
0x00007ff9f4a30000 - 0x00007ff9f4a9f000 	C:\Windows\System32\WS2_32.dll
0x00007ff9e02d0000 - 0x00007ff9e0303000 	C:\Windows\SYSTEM32\WINMM.dll
0x00007ff9ea5d0000 - 0x00007ff9ea5da000 	C:\Windows\SYSTEM32\VERSION.dll
0x00007ff9f12c0000 - 0x00007ff9f12d8000 	C:\Windows\SYSTEM32\kernel.appcore.dll
0x00007ff9de6f0000 - 0x00007ff9de6fa000 	C:\Program Files\Eclipse Adoptium\jdk-17.0.4.8-hotspot\bin\jimage.dll
0x00007ff9e66d0000 - 0x00007ff9e68f1000 	C:\Windows\SYSTEM32\DBGHELP.DLL
0x00007ff9e6690000 - 0x00007ff9e66c1000 	C:\Windows\SYSTEM32\dbgcore.DLL
0x00007ff9f22a0000 - 0x00007ff9f231f000 	C:\Windows\System32\bcryptPrimitives.dll
0x00007ff9d6110000 - 0x00007ff9d611e000 	C:\Program Files\Eclipse Adoptium\jdk-17.0.4.8-hotspot\bin\instrument.dll
0x00007ff9d9230000 - 0x00007ff9d9255000 	C:\Program Files\Eclipse Adoptium\jdk-17.0.4.8-hotspot\bin\java.dll
0x00007ff9d8b40000 - 0x00007ff9d8b58000 	C:\Program Files\Eclipse Adoptium\jdk-17.0.4.8-hotspot\bin\zip.dll
0x00007ff9c19f0000 - 0x00007ff9c1ac6000 	C:\Program Files\Eclipse Adoptium\jdk-17.0.4.8-hotspot\bin\jsvml.dll
0x00007ff9f0330000 - 0x00007ff9f0b98000 	C:\Windows\SYSTEM32\windows.storage.dll
0x00007ff9f01c0000 - 0x00007ff9f0326000 	C:\Windows\SYSTEM32\wintypes.dll
0x00007ff9f3ef0000 - 0x00007ff9f3fda000 	C:\Windows\System32\SHCORE.dll
0x00007ff9f3d10000 - 0x00007ff9f3d6d000 	C:\Windows\System32\shlwapi.dll
0x00007ff9f2130000 - 0x00007ff9f2151000 	C:\Windows\SYSTEM32\profapi.dll
0x00007ff9f19b0000 - 0x00007ff9f19c8000 	C:\Windows\SYSTEM32\CRYPTSP.dll
0x00007ff9f1220000 - 0x00007ff9f1255000 	C:\Windows\system32\rsaenh.dll
0x00007ff9f1780000 - 0x00007ff9f17a9000 	C:\Windows\SYSTEM32\USERENV.dll
0x00007ff9f1ae0000 - 0x00007ff9f1b07000 	C:\Windows\SYSTEM32\bcrypt.dll
0x00007ff9f18d0000 - 0x00007ff9f18dc000 	C:\Windows\SYSTEM32\CRYPTBASE.dll
0x00007ff9d9000000 - 0x00007ff9d9019000 	C:\Program Files\Eclipse Adoptium\jdk-17.0.4.8-hotspot\bin\net.dll
0x00007ff9ed6f0000 - 0x00007ff9ed7fc000 	C:\Windows\SYSTEM32\WINHTTP.dll
0x00007ff9f16e0000 - 0x00007ff9f1747000 	C:\Windows\system32\mswsock.dll
0x00007ff9f0df0000 - 0x00007ff9f0e1d000 	C:\Windows\SYSTEM32\IPHLPAPI.DLL
0x00007ff9f3360000 - 0x00007ff9f3369000 	C:\Windows\System32\NSI.dll
0x00007ff9ed830000 - 0x00007ff9ed849000 	C:\Windows\SYSTEM32\dhcpcsvc6.DLL
0x00007ff9ed950000 - 0x00007ff9ed96e000 	C:\Windows\SYSTEM32\dhcpcsvc.DLL
0x00007ff9f0e20000 - 0x00007ff9f0f08000 	C:\Windows\SYSTEM32\DNSAPI.dll
0x00007ff9d8ed0000 - 0x00007ff9d8ee5000 	C:\Program Files\Eclipse Adoptium\jdk-17.0.4.8-hotspot\bin\nio.dll
0x00007ff9d8f40000 - 0x00007ff9d8f49000 	C:\Program Files\Eclipse Adoptium\jdk-17.0.4.8-hotspot\bin\management.dll
0x00007ff9d8b00000 - 0x00007ff9d8b0b000 	C:\Program Files\Eclipse Adoptium\jdk-17.0.4.8-hotspot\bin\management_ext.dll
0x00007ff9d8450000 - 0x00007ff9d8467000 	C:\Windows\system32\napinsp.dll
0x00007ff9d8430000 - 0x00007ff9d844b000 	C:\Windows\system32\pnrpnsp.dll
0x00007ff9d8410000 - 0x00007ff9d8422000 	C:\Windows\System32\winrnr.dll
0x00007ff9d83f0000 - 0x00007ff9d8405000 	C:\Windows\system32\wshbth.dll
0x00007ff9d83d0000 - 0x00007ff9d83ef000 	C:\Windows\system32\nlansp_c.dll
0x00007ff9eb7e0000 - 0x00007ff9eb7ea000 	C:\Windows\System32\rasadhlp.dll
0x00007ff9ecc60000 - 0x00007ff9ecce1000 	C:\Windows\System32\fwpuclnt.dll
0x00007ff9ddf20000 - 0x00007ff9ddf30000 	C:\Program Files\Eclipse Adoptium\jdk-17.0.4.8-hotspot\bin\verify.dll

dbghelp: loaded successfully - version: 4.0.5 - missing functions: none
symbol engine: initialized successfully - sym options: 0x614 - pdb path: .;C:\Program Files\Eclipse Adoptium\jdk-17.0.4.8-hotspot\bin;C:\Windows\SYSTEM32;C:\Users\PenTester12\Downloads\codeql-win64\codeql\tools\win64;C:\Windows\WinSxS\amd64_microsoft.windows.common-controls_6595b64144ccf1df_6.0.22000.120_none_9d947278b86cc467;C:\Program Files\Eclipse Adoptium\jdk-17.0.4.8-hotspot\bin\server

VM Arguments:
jvm_args: -javaagent:C:\Users\PenTester12\Downloads\codeql-win64\codeql\java\tools\codeql-java-agent.jar=ignore-project,java,kotlin:experimental -Xbootclasspath/a:C:\Users\PenTester12\Downloads\codeql-win64\codeql\java\tools\codeql-java-agent.jar -Dfile.encoding=windows-1252 -Xmx1024M -Xms256M --add-opens=java.base/sun.reflect.annotation=ALL-UNNAMED 
java_command: com.semmle.extractor.java.JavaExtractor --jdk-version 17 --javac-args @@@C:\Users\PenTester12\Downloads\securityProject\securityProject\codeQL\log\ext\javac.args
java_class_path (initial): C:\Users\PenTester12\Downloads\codeql-win64\codeql\java\tools\semmle-extractor-java.jar
Launcher Type: SUN_STANDARD

[Global flags]
     intx CICompilerCount                          = 2                                         {product} {ergonomic}
     uint ConcGCThreads                            = 1                                         {product} {ergonomic}
     uint G1ConcRefinementThreads                  = 2                                         {product} {ergonomic}
   size_t G1HeapRegionSize                         = 1048576                                   {product} {ergonomic}
    uintx GCDrainStackTargetSize                   = 64                                        {product} {ergonomic}
   size_t InitialHeapSize                          = 268435456                                 {product} {command line}
   size_t MarkStackSize                            = 4194304                                   {product} {ergonomic}
   size_t MaxHeapSize                              = 1073741824                                {product} {command line}
   size_t MaxNewSize                               = 643825664                                 {product} {ergonomic}
   size_t MinHeapDeltaBytes                        = 1048576                                   {product} {ergonomic}
   size_t MinHeapSize                              = 268435456                                 {product} {command line}
    uintx NonNMethodCodeHeapSize                   = 5826188                                {pd product} {ergonomic}
    uintx NonProfiledCodeHeapSize                  = 122916026                              {pd product} {ergonomic}
    uintx ProfiledCodeHeapSize                     = 122916026                              {pd product} {ergonomic}
    uintx ReservedCodeCacheSize                    = 251658240                              {pd product} {ergonomic}
     bool SegmentedCodeCache                       = true                                      {product} {ergonomic}
   size_t SoftMaxHeapSize                          = 1073741824                             {manageable} {ergonomic}
     bool UseCompressedClassPointers               = true                           {product lp64_product} {ergonomic}
     bool UseCompressedOops                        = true                           {product lp64_product} {ergonomic}
     bool UseG1GC                                  = true                                      {product} {ergonomic}
     bool UseLargePagesIndividualAllocation        = false                                  {pd product} {ergonomic}

Logging:
Log output configuration:
 #0: stdout all=warning uptime,level,tags
 #1: stderr all=off uptime,level,tags

Environment Variables:
PATH=C:\Program Files\Fortify\Fortify_SCA_and_Apps_19.1.0\bin;C:\Program Files\Eclipse Adoptium\jdk-17.0.4.8-hotspot\bin;C:\Program Files\Common Files\Oracle\Java\javapath;C:\Windows\system32;C:\Windows;C:\Windows\System32\Wbem;C:\Windows\System32\WindowsPowerShell\v1.0\;C:\Windows\System32\OpenSSH\;C:\Program Files\Docker\Docker\resources\bin;C:\ProgramData\DockerDesktop\version-bin;C:\Program Files\Go\bin;C:\Program Files\Git\cmd;C:\Users\PenTester12\Downloads\sonar-scanner-cli-4.7.0.2747-windows\sonar-scanner-4.7.0.2747-windows\bin;C:\Users\PenTester12\Downloads\codeql-win64\codeql;C:\Program Files\NetBeans-14\netbeans\extide\ant\bin;C:\Program Files\MySQL\MySQL Shell 8.0\bin\;C:\Users\PenTester12\AppData\Local\Microsoft\WindowsApps;C:\Users\PenTester12\go\bin;C:\Users\PenTester12\AppData\Local\Programs\Microsoft VS Code\bin;C:\Users\PenTester12\AppData\Local\Programs\Fiddler
USERNAME=PenTester12
OS=Windows_NT
PROCESSOR_IDENTIFIER=Intel64 Family 6 Model 85 Stepping 7, GenuineIntel
TMP=C:\Users\PENTES~1\AppData\Local\Temp
TEMP=C:\Users\PENTES~1\AppData\Local\Temp



---------------  S Y S T E M  ---------------

OS:
 Windows 11 , 64 bit Build 22000 (10.0.22000.708)
OS uptime: 0 days 18:22 hours
Hyper-V role detected

CPU: total 2 (initial active 2) (1 cores per cpu, 2 threads per core) family 6 model 85 stepping 7 microcode 0xffffffff, cx8, cmov, fxsr, ht, mmx, 3dnowpref, sse, sse2, sse3, ssse3, sse4.1, sse4.2, popcnt, lzcnt, tsc, avx, avx2, aes, erms, clmul, bmi1, bmi2, rtm, adx, avx512f, avx512dq, avx512cd, avx512bw, avx512vl, fma, vzeroupper, clflush, clflushopt, hv

Memory: 4k page, system-wide physical 8190M (1235M free)
TotalPageFile size 10238M (AvailPageFile size 5M)
current process WorkingSet (physical memory assigned to process): 125M, peak: 125M
current process commit charge ("private bytes"): 367M, peak: 368M

vm_info: OpenJDK 64-Bit Server VM (17.0.4+8) for windows-amd64 JRE (17.0.4+8), built on Jul 19 2022 16:05:16 by "temurin" with MS VC++ 16.7 (VS2019)

END.
