#
# There is insufficient memory for the Java Runtime Environment to continue.
# Native memory allocation (mmap) failed to map 65536 bytes for Failed to commit metaspace.
# Possible reasons:
#   The system is out of physical RAM or swap space
#   The process is running with CompressedOops enabled, and the Java Heap may be blocking the growth of the native heap
# Possible solutions:
#   Reduce memory load on the system
#   Increase physical memory or swap space
#   Check if swap backing store is full
#   Decrease Java heap size (-Xmx/-Xms)
#   Decrease number of Java threads
#   Decrease Java thread stack sizes (-Xss)
#   Set larger code cache with -XX:ReservedCodeCacheSize=
#   JVM is running with Unscaled Compressed Oops mode in which the Java heap is
#     placed in the first 4GB address space. The Java Heap base address is the
#     maximum limit for the native heap growth. Please use -XX:HeapBaseMinAddress
#     to set the Java Heap base and to place the Java Heap above 4GB virtual address.
# This output file may be truncated or incomplete.
#
#  Out of Memory Error (virtualSpaceNode.cpp:110), pid=4232, tid=10884
#
# JRE version: Java(TM) SE Runtime Environment (18.0.2+9) (build 18.0.2+9-61)
# Java VM: Java HotSpot(TM) 64-Bit Server VM (18.0.2+9-61, mixed mode, sharing, tiered, compressed oops, compressed class ptrs, g1 gc, windows-amd64)
# No core dump will be written. Minidumps are not enabled by default on client versions of Windows
#

---------------  S U M M A R Y ------------

Command Line: -Dfile.encoding=UTF-8 mainlibrary.MainLibrary

Host: Intel(R) Xeon(R) Platinum 8272CL CPU @ 2.60GHz, 2 cores, 7G,  Windows 11 , 64 bit Build 22000 (10.0.22000.708)
Time: Sat Aug 13 21:02:31 2022 India Standard Time elapsed time: 0.204866 seconds (0d 0h 0m 0s)

---------------  T H R E A D  ---------------

Current thread (0x000001f1e21207e0):  JavaThread "main" [_thread_in_vm, id=10884, stack(0x00000085aed00000,0x00000085aee00000)]

Stack: [0x00000085aed00000,0x00000085aee00000]
Native frames: (J=compiled Java code, j=interpreted, Vv=VM code, C=native code)
V  [jvm.dll+0x6993ca]
V  [jvm.dll+0x7f481d]
V  [jvm.dll+0x7f612e]
V  [jvm.dll+0x7f67e3]
V  [jvm.dll+0x25cdaf]
V  [jvm.dll+0x7f052b]
V  [jvm.dll+0x63f546]
V  [jvm.dll+0x63f5aa]
V  [jvm.dll+0x641e2e]
V  [jvm.dll+0x641cee]
V  [jvm.dll+0x63ff0e]
V  [jvm.dll+0x252940]
V  [jvm.dll+0x20318d]
V  [jvm.dll+0x1f8bb1]
V  [jvm.dll+0x55dc05]
V  [jvm.dll+0x209a67]
V  [jvm.dll+0x76dddd]
V  [jvm.dll+0x76f116]
V  [jvm.dll+0x76f8a1]
V  [jvm.dll+0x2039b4]
V  [jvm.dll+0x1f8bca]
V  [jvm.dll+0x55dc05]
V  [jvm.dll+0x209a67]
V  [jvm.dll+0x76dddd]
V  [jvm.dll+0x76f116]
V  [jvm.dll+0x76f8a1]
V  [jvm.dll+0x2039b4]
V  [jvm.dll+0x1f8bca]
V  [jvm.dll+0x55dc05]
V  [jvm.dll+0x209a67]
V  [jvm.dll+0x76dddd]
V  [jvm.dll+0x76f116]
V  [jvm.dll+0x76f8a1]
V  [jvm.dll+0x2039b4]
V  [jvm.dll+0x1f8bca]
V  [jvm.dll+0x55dc05]
V  [jvm.dll+0x209a67]
V  [jvm.dll+0x76dddd]
V  [jvm.dll+0x76f116]
V  [jvm.dll+0x76f8a1]
V  [jvm.dll+0x2039b4]
V  [jvm.dll+0x1f8bca]
V  [jvm.dll+0x55dc05]
V  [jvm.dll+0x209a67]
V  [jvm.dll+0x76dddd]
V  [jvm.dll+0x76f116]
V  [jvm.dll+0x43441a]
C  [java.dll+0x1a55]

Java frames: (J=compiled Java code, j=interpreted, Vv=VM code)
j  java.lang.ClassLoader.findBootstrapClass(Ljava/lang/String;)Ljava/lang/Class;+0 java.base@18.0.2
j  java.lang.ClassLoader.findBootstrapClassOrNull(Ljava/lang/String;)Ljava/lang/Class;+10 java.base@18.0.2
j  java.lang.System$2.findBootstrapClassOrNull(Ljava/lang/String;)Ljava/lang/Class;+1 java.base@18.0.2
j  jdk.internal.loader.ClassLoaders$BootClassLoader.loadClassOrNull(Ljava/lang/String;Z)Ljava/lang/Class;+4 java.base@18.0.2
j  jdk.internal.loader.BuiltinClassLoader.loadClassOrNull(Ljava/lang/String;)Ljava/lang/Class;+3 java.base@18.0.2
j  jdk.internal.loader.BuiltinClassLoader.loadClassOrNull(Ljava/lang/String;Z)Ljava/lang/Class;+66 java.base@18.0.2
j  jdk.internal.loader.BuiltinClassLoader.loadClass(Ljava/lang/String;Z)Ljava/lang/Class;+3 java.base@18.0.2
j  jdk.internal.loader.ClassLoaders$AppClassLoader.loadClass(Ljava/lang/String;Z)Ljava/lang/Class;+36 java.base@18.0.2
j  java.lang.ClassLoader.loadClass(Ljava/lang/String;)Ljava/lang/Class;+3 java.base@18.0.2
v  ~StubRoutines::call_stub
j  java.lang.ClassLoader.defineClass1(Ljava/lang/ClassLoader;Ljava/lang/String;[BIILjava/security/ProtectionDomain;Ljava/lang/String;)Ljava/lang/Class;+0 java.base@18.0.2
j  java.lang.ClassLoader.defineClass(Ljava/lang/String;[BIILjava/security/ProtectionDomain;)Ljava/lang/Class;+27 java.base@18.0.2
j  java.security.SecureClassLoader.defineClass(Ljava/lang/String;[BIILjava/security/CodeSource;)Ljava/lang/Class;+12 java.base@18.0.2
j  jdk.internal.loader.BuiltinClassLoader.defineClass(Ljava/lang/String;Ljdk/internal/loader/Resource;)Ljava/lang/Class;+117 java.base@18.0.2
j  jdk.internal.loader.BuiltinClassLoader.findClassOnClassPathOrNull(Ljava/lang/String;)Ljava/lang/Class;+37 java.base@18.0.2
j  jdk.internal.loader.BuiltinClassLoader.loadClassOrNull(Ljava/lang/String;Z)Ljava/lang/Class;+111 java.base@18.0.2
j  jdk.internal.loader.BuiltinClassLoader.loadClass(Ljava/lang/String;Z)Ljava/lang/Class;+3 java.base@18.0.2
j  jdk.internal.loader.ClassLoaders$AppClassLoader.loadClass(Ljava/lang/String;Z)Ljava/lang/Class;+36 java.base@18.0.2
j  java.lang.ClassLoader.loadClass(Ljava/lang/String;)Ljava/lang/Class;+3 java.base@18.0.2
v  ~StubRoutines::call_stub
j  java.lang.Class.forName0(Ljava/lang/String;ZLjava/lang/ClassLoader;Ljava/lang/Class;)Ljava/lang/Class;+0 java.base@18.0.2
j  java.lang.Class.forName(Ljava/lang/String;ZLjava/lang/ClassLoader;Ljava/lang/Class;)Ljava/lang/Class;+37 java.base@18.0.2
j  java.lang.Class.forName(Ljava/lang/String;ZLjava/lang/ClassLoader;)Ljava/lang/Class;+20 java.base@18.0.2
j  sun.launcher.LauncherHelper.loadMainClass(ILjava/lang/String;)Ljava/lang/Class;+95 java.base@18.0.2
j  sun.launcher.LauncherHelper.checkAndLoadMain(ZILjava/lang/String;)Ljava/lang/Class;+42 java.base@18.0.2
v  ~StubRoutines::call_stub

---------------  P R O C E S S  ---------------

Threads class SMR info:
_java_thread_list=0x000001f1ff825970, length=12, elements={
0x000001f1e21207e0, 0x000001f1ff5c6fe0, 0x000001f1ff5c7890, 0x000001f1ff5e2e90,
0x000001f1ff5e3830, 0x000001f1ff5e41d0, 0x000001f1ff5e4b70, 0x000001f1ff5e5840,
0x000001f1ff5eb730, 0x000001f1ff5ee120, 0x000001f1ff81a000, 0x000001f1ff826f90
}

Java Threads: ( => current thread )
=>0x000001f1e21207e0 JavaThread "main" [_thread_in_vm, id=10884, stack(0x00000085aed00000,0x00000085aee00000)]
  0x000001f1ff5c6fe0 JavaThread "Reference Handler" daemon [_thread_blocked, id=6856, stack(0x00000085af400000,0x00000085af500000)]
  0x000001f1ff5c7890 JavaThread "Finalizer" daemon [_thread_blocked, id=10712, stack(0x00000085af500000,0x00000085af600000)]
  0x000001f1ff5e2e90 JavaThread "Signal Dispatcher" daemon [_thread_blocked, id=14784, stack(0x00000085af600000,0x00000085af700000)]
  0x000001f1ff5e3830 JavaThread "Attach Listener" daemon [_thread_blocked, id=10728, stack(0x00000085af700000,0x00000085af800000)]
  0x000001f1ff5e41d0 JavaThread "Service Thread" daemon [_thread_blocked, id=4764, stack(0x00000085af800000,0x00000085af900000)]
  0x000001f1ff5e4b70 JavaThread "Monitor Deflation Thread" daemon [_thread_blocked, id=476, stack(0x00000085af900000,0x00000085afa00000)]
  0x000001f1ff5e5840 JavaThread "C2 CompilerThread0" daemon [_thread_blocked, id=3260, stack(0x00000085afa00000,0x00000085afb00000)]
  0x000001f1ff5eb730 JavaThread "C1 CompilerThread0" daemon [_thread_blocked, id=14040, stack(0x00000085afb00000,0x00000085afc00000)]
  0x000001f1ff5ee120 JavaThread "Sweeper thread" daemon [_thread_blocked, id=10300, stack(0x00000085afc00000,0x00000085afd00000)]
  0x000001f1ff81a000 JavaThread "Notification Thread" daemon [_thread_blocked, id=11704, stack(0x00000085afd00000,0x00000085afe00000)]
  0x000001f1ff826f90 JavaThread "Common-Cleaner" daemon [_thread_blocked, id=13184, stack(0x00000085aff00000,0x00000085b0000000)]

Other Threads:
  0x000001f1e21ee670 VMThread "VM Thread" [stack: 0x00000085af300000,0x00000085af400000] [id=15004]
  0x000001f1ff822d00 WatcherThread "VM Periodic Task Thread" [stack: 0x00000085afe00000,0x00000085aff00000] [id=12348]
  0x000001f1e217f410 WorkerThread "GC Thread#0" [stack: 0x00000085aee00000,0x00000085aef00000] [id=2832]
  0x000001f1e2190340 ConcurrentGCThread "G1 Main Marker" [stack: 0x00000085aef00000,0x00000085af000000] [id=11412]
  0x000001f1e2190ff0 WorkerThread "G1 Conc#0" [stack: 0x00000085af000000,0x00000085af100000] [id=8328]
  0x000001f1e21c83c0 ConcurrentGCThread "G1 Refine#0" [stack: 0x00000085af100000,0x00000085af200000] [id=13888]
  0x000001f1e21c8cd0 ConcurrentGCThread "G1 Service" [stack: 0x00000085af200000,0x00000085af300000] [id=12524]

Threads with active compile tasks:

VM state: not at safepoint (normal execution)

VM Mutex/Monitor currently owned by a thread:  ([mutex/lock_event])
[0x000001f1e211c3c0] Metaspace_lock - owner thread: 0x000001f1e21207e0

Heap address: 0x0000000080000000, size: 2048 MB, Compressed Oops mode: 32-bit

CDS archive(s) mapped at: [0x0000000800000000-0x0000000800ba0000-0x0000000800ba0000), size 12189696, SharedBaseAddress: 0x0000000800000000, ArchiveRelocationMode: 0.
Compressed class space mapped at: 0x0000000800c00000-0x0000000840c00000, reserved size: 1073741824
Narrow klass base: 0x0000000800000000, Narrow klass shift: 0, Narrow klass range: 0x100000000

GC Precious Log:
 CardTable entry size: 512
 Card Set container configuration: InlinePtr #cards 5 size 8 Array Of Cards #cards 12 size 40 Howl #buckets 4 coarsen threshold 1843 Howl Bitmap #cards 512 size 80 coarsen threshold 460 Card regions per heap region 1 cards per card region 2048
 CPUs: 2 total, 2 available
 Memory: 8190M
 Large Page Support: Disabled
 NUMA Support: Disabled
 Compressed Oops: Enabled (32-bit)
 Heap Region Size: 1M
 Heap Min Capacity: 8M
 Heap Initial Capacity: 128M
 Heap Max Capacity: 2G
 Pre-touch: Disabled
 Parallel Workers: 2
 Concurrent Workers: 1
 Concurrent Refinement Workers: 2
 Periodic GC: Disabled

Heap:
 garbage-first heap   total 131072K, used 0K [0x0000000080000000, 0x0000000100000000)
  region size 1024K, 1 young (1024K), 0 survivors (0K)
 Metaspace       used 334K, committed 448K, reserved 1114112K
  class space    used 9K, committed 64K, reserved 1048576K

Heap Regions: E=young(eden), S=young(survivor), O=old, HS=humongous(starts), HC=humongous(continues), CS=collection set, F=free, OA=open archive, CA=closed archive, TAMS=top-at-mark-start (previous, next)
|   0|0x0000000080000000, 0x0000000080000000, 0x0000000080100000|  0%| F|  |TAMS 0x0000000080000000, 0x0000000080000000| Untracked 
|   1|0x0000000080100000, 0x0000000080100000, 0x0000000080200000|  0%| F|  |TAMS 0x0000000080100000, 0x0000000080100000| Untracked 
|   2|0x0000000080200000, 0x0000000080200000, 0x0000000080300000|  0%| F|  |TAMS 0x0000000080200000, 0x0000000080200000| Untracked 
|   3|0x0000000080300000, 0x0000000080300000, 0x0000000080400000|  0%| F|  |TAMS 0x0000000080300000, 0x0000000080300000| Untracked 
|   4|0x0000000080400000, 0x0000000080400000, 0x0000000080500000|  0%| F|  |TAMS 0x0000000080400000, 0x0000000080400000| Untracked 
|   5|0x0000000080500000, 0x0000000080500000, 0x0000000080600000|  0%| F|  |TAMS 0x0000000080500000, 0x0000000080500000| Untracked 
|   6|0x0000000080600000, 0x0000000080600000, 0x0000000080700000|  0%| F|  |TAMS 0x0000000080600000, 0x0000000080600000| Untracked 
|   7|0x0000000080700000, 0x0000000080700000, 0x0000000080800000|  0%| F|  |TAMS 0x0000000080700000, 0x0000000080700000| Untracked 
|   8|0x0000000080800000, 0x0000000080800000, 0x0000000080900000|  0%| F|  |TAMS 0x0000000080800000, 0x0000000080800000| Untracked 
|   9|0x0000000080900000, 0x0000000080900000, 0x0000000080a00000|  0%| F|  |TAMS 0x0000000080900000, 0x0000000080900000| Untracked 
|  10|0x0000000080a00000, 0x0000000080a00000, 0x0000000080b00000|  0%| F|  |TAMS 0x0000000080a00000, 0x0000000080a00000| Untracked 
|  11|0x0000000080b00000, 0x0000000080b00000, 0x0000000080c00000|  0%| F|  |TAMS 0x0000000080b00000, 0x0000000080b00000| Untracked 
|  12|0x0000000080c00000, 0x0000000080c00000, 0x0000000080d00000|  0%| F|  |TAMS 0x0000000080c00000, 0x0000000080c00000| Untracked 
|  13|0x0000000080d00000, 0x0000000080d00000, 0x0000000080e00000|  0%| F|  |TAMS 0x0000000080d00000, 0x0000000080d00000| Untracked 
|  14|0x0000000080e00000, 0x0000000080e00000, 0x0000000080f00000|  0%| F|  |TAMS 0x0000000080e00000, 0x0000000080e00000| Untracked 
|  15|0x0000000080f00000, 0x0000000080f00000, 0x0000000081000000|  0%| F|  |TAMS 0x0000000080f00000, 0x0000000080f00000| Untracked 
|  16|0x0000000081000000, 0x0000000081000000, 0x0000000081100000|  0%| F|  |TAMS 0x0000000081000000, 0x0000000081000000| Untracked 
|  17|0x0000000081100000, 0x0000000081100000, 0x0000000081200000|  0%| F|  |TAMS 0x0000000081100000, 0x0000000081100000| Untracked 
|  18|0x0000000081200000, 0x0000000081200000, 0x0000000081300000|  0%| F|  |TAMS 0x0000000081200000, 0x0000000081200000| Untracked 
|  19|0x0000000081300000, 0x0000000081300000, 0x0000000081400000|  0%| F|  |TAMS 0x0000000081300000, 0x0000000081300000| Untracked 
|  20|0x0000000081400000, 0x0000000081400000, 0x0000000081500000|  0%| F|  |TAMS 0x0000000081400000, 0x0000000081400000| Untracked 
|  21|0x0000000081500000, 0x0000000081500000, 0x0000000081600000|  0%| F|  |TAMS 0x0000000081500000, 0x0000000081500000| Untracked 
|  22|0x0000000081600000, 0x0000000081600000, 0x0000000081700000|  0%| F|  |TAMS 0x0000000081600000, 0x0000000081600000| Untracked 
|  23|0x0000000081700000, 0x0000000081700000, 0x0000000081800000|  0%| F|  |TAMS 0x0000000081700000, 0x0000000081700000| Untracked 
|  24|0x0000000081800000, 0x0000000081800000, 0x0000000081900000|  0%| F|  |TAMS 0x0000000081800000, 0x0000000081800000| Untracked 
|  25|0x0000000081900000, 0x0000000081900000, 0x0000000081a00000|  0%| F|  |TAMS 0x0000000081900000, 0x0000000081900000| Untracked 
|  26|0x0000000081a00000, 0x0000000081a00000, 0x0000000081b00000|  0%| F|  |TAMS 0x0000000081a00000, 0x0000000081a00000| Untracked 
|  27|0x0000000081b00000, 0x0000000081b00000, 0x0000000081c00000|  0%| F|  |TAMS 0x0000000081b00000, 0x0000000081b00000| Untracked 
|  28|0x0000000081c00000, 0x0000000081c00000, 0x0000000081d00000|  0%| F|  |TAMS 0x0000000081c00000, 0x0000000081c00000| Untracked 
|  29|0x0000000081d00000, 0x0000000081d00000, 0x0000000081e00000|  0%| F|  |TAMS 0x0000000081d00000, 0x0000000081d00000| Untracked 
|  30|0x0000000081e00000, 0x0000000081e00000, 0x0000000081f00000|  0%| F|  |TAMS 0x0000000081e00000, 0x0000000081e00000| Untracked 
|  31|0x0000000081f00000, 0x0000000081f00000, 0x0000000082000000|  0%| F|  |TAMS 0x0000000081f00000, 0x0000000081f00000| Untracked 
|  32|0x0000000082000000, 0x0000000082000000, 0x0000000082100000|  0%| F|  |TAMS 0x0000000082000000, 0x0000000082000000| Untracked 
|  33|0x0000000082100000, 0x0000000082100000, 0x0000000082200000|  0%| F|  |TAMS 0x0000000082100000, 0x0000000082100000| Untracked 
|  34|0x0000000082200000, 0x0000000082200000, 0x0000000082300000|  0%| F|  |TAMS 0x0000000082200000, 0x0000000082200000| Untracked 
|  35|0x0000000082300000, 0x0000000082300000, 0x0000000082400000|  0%| F|  |TAMS 0x0000000082300000, 0x0000000082300000| Untracked 
|  36|0x0000000082400000, 0x0000000082400000, 0x0000000082500000|  0%| F|  |TAMS 0x0000000082400000, 0x0000000082400000| Untracked 
|  37|0x0000000082500000, 0x0000000082500000, 0x0000000082600000|  0%| F|  |TAMS 0x0000000082500000, 0x0000000082500000| Untracked 
|  38|0x0000000082600000, 0x0000000082600000, 0x0000000082700000|  0%| F|  |TAMS 0x0000000082600000, 0x0000000082600000| Untracked 
|  39|0x0000000082700000, 0x0000000082700000, 0x0000000082800000|  0%| F|  |TAMS 0x0000000082700000, 0x0000000082700000| Untracked 
|  40|0x0000000082800000, 0x0000000082800000, 0x0000000082900000|  0%| F|  |TAMS 0x0000000082800000, 0x0000000082800000| Untracked 
|  41|0x0000000082900000, 0x0000000082900000, 0x0000000082a00000|  0%| F|  |TAMS 0x0000000082900000, 0x0000000082900000| Untracked 
|  42|0x0000000082a00000, 0x0000000082a00000, 0x0000000082b00000|  0%| F|  |TAMS 0x0000000082a00000, 0x0000000082a00000| Untracked 
|  43|0x0000000082b00000, 0x0000000082b00000, 0x0000000082c00000|  0%| F|  |TAMS 0x0000000082b00000, 0x0000000082b00000| Untracked 
|  44|0x0000000082c00000, 0x0000000082c00000, 0x0000000082d00000|  0%| F|  |TAMS 0x0000000082c00000, 0x0000000082c00000| Untracked 
|  45|0x0000000082d00000, 0x0000000082d00000, 0x0000000082e00000|  0%| F|  |TAMS 0x0000000082d00000, 0x0000000082d00000| Untracked 
|  46|0x0000000082e00000, 0x0000000082e00000, 0x0000000082f00000|  0%| F|  |TAMS 0x0000000082e00000, 0x0000000082e00000| Untracked 
|  47|0x0000000082f00000, 0x0000000082f00000, 0x0000000083000000|  0%| F|  |TAMS 0x0000000082f00000, 0x0000000082f00000| Untracked 
|  48|0x0000000083000000, 0x0000000083000000, 0x0000000083100000|  0%| F|  |TAMS 0x0000000083000000, 0x0000000083000000| Untracked 
|  49|0x0000000083100000, 0x0000000083100000, 0x0000000083200000|  0%| F|  |TAMS 0x0000000083100000, 0x0000000083100000| Untracked 
|  50|0x0000000083200000, 0x0000000083200000, 0x0000000083300000|  0%| F|  |TAMS 0x0000000083200000, 0x0000000083200000| Untracked 
|  51|0x0000000083300000, 0x0000000083300000, 0x0000000083400000|  0%| F|  |TAMS 0x0000000083300000, 0x0000000083300000| Untracked 
|  52|0x0000000083400000, 0x0000000083400000, 0x0000000083500000|  0%| F|  |TAMS 0x0000000083400000, 0x0000000083400000| Untracked 
|  53|0x0000000083500000, 0x0000000083500000, 0x0000000083600000|  0%| F|  |TAMS 0x0000000083500000, 0x0000000083500000| Untracked 
|  54|0x0000000083600000, 0x0000000083600000, 0x0000000083700000|  0%| F|  |TAMS 0x0000000083600000, 0x0000000083600000| Untracked 
|  55|0x0000000083700000, 0x0000000083700000, 0x0000000083800000|  0%| F|  |TAMS 0x0000000083700000, 0x0000000083700000| Untracked 
|  56|0x0000000083800000, 0x0000000083800000, 0x0000000083900000|  0%| F|  |TAMS 0x0000000083800000, 0x0000000083800000| Untracked 
|  57|0x0000000083900000, 0x0000000083900000, 0x0000000083a00000|  0%| F|  |TAMS 0x0000000083900000, 0x0000000083900000| Untracked 
|  58|0x0000000083a00000, 0x0000000083a00000, 0x0000000083b00000|  0%| F|  |TAMS 0x0000000083a00000, 0x0000000083a00000| Untracked 
|  59|0x0000000083b00000, 0x0000000083b00000, 0x0000000083c00000|  0%| F|  |TAMS 0x0000000083b00000, 0x0000000083b00000| Untracked 
|  60|0x0000000083c00000, 0x0000000083c00000, 0x0000000083d00000|  0%| F|  |TAMS 0x0000000083c00000, 0x0000000083c00000| Untracked 
|  61|0x0000000083d00000, 0x0000000083d00000, 0x0000000083e00000|  0%| F|  |TAMS 0x0000000083d00000, 0x0000000083d00000| Untracked 
|  62|0x0000000083e00000, 0x0000000083e00000, 0x0000000083f00000|  0%| F|  |TAMS 0x0000000083e00000, 0x0000000083e00000| Untracked 
|  63|0x0000000083f00000, 0x0000000083f00000, 0x0000000084000000|  0%| F|  |TAMS 0x0000000083f00000, 0x0000000083f00000| Untracked 
|  64|0x0000000084000000, 0x0000000084000000, 0x0000000084100000|  0%| F|  |TAMS 0x0000000084000000, 0x0000000084000000| Untracked 
|  65|0x0000000084100000, 0x0000000084100000, 0x0000000084200000|  0%| F|  |TAMS 0x0000000084100000, 0x0000000084100000| Untracked 
|  66|0x0000000084200000, 0x0000000084200000, 0x0000000084300000|  0%| F|  |TAMS 0x0000000084200000, 0x0000000084200000| Untracked 
|  67|0x0000000084300000, 0x0000000084300000, 0x0000000084400000|  0%| F|  |TAMS 0x0000000084300000, 0x0000000084300000| Untracked 
|  68|0x0000000084400000, 0x0000000084400000, 0x0000000084500000|  0%| F|  |TAMS 0x0000000084400000, 0x0000000084400000| Untracked 
|  69|0x0000000084500000, 0x0000000084500000, 0x0000000084600000|  0%| F|  |TAMS 0x0000000084500000, 0x0000000084500000| Untracked 
|  70|0x0000000084600000, 0x0000000084600000, 0x0000000084700000|  0%| F|  |TAMS 0x0000000084600000, 0x0000000084600000| Untracked 
|  71|0x0000000084700000, 0x0000000084700000, 0x0000000084800000|  0%| F|  |TAMS 0x0000000084700000, 0x0000000084700000| Untracked 
|  72|0x0000000084800000, 0x0000000084800000, 0x0000000084900000|  0%| F|  |TAMS 0x0000000084800000, 0x0000000084800000| Untracked 
|  73|0x0000000084900000, 0x0000000084900000, 0x0000000084a00000|  0%| F|  |TAMS 0x0000000084900000, 0x0000000084900000| Untracked 
|  74|0x0000000084a00000, 0x0000000084a00000, 0x0000000084b00000|  0%| F|  |TAMS 0x0000000084a00000, 0x0000000084a00000| Untracked 
|  75|0x0000000084b00000, 0x0000000084b00000, 0x0000000084c00000|  0%| F|  |TAMS 0x0000000084b00000, 0x0000000084b00000| Untracked 
|  76|0x0000000084c00000, 0x0000000084c00000, 0x0000000084d00000|  0%| F|  |TAMS 0x0000000084c00000, 0x0000000084c00000| Untracked 
|  77|0x0000000084d00000, 0x0000000084d00000, 0x0000000084e00000|  0%| F|  |TAMS 0x0000000084d00000, 0x0000000084d00000| Untracked 
|  78|0x0000000084e00000, 0x0000000084e00000, 0x0000000084f00000|  0%| F|  |TAMS 0x0000000084e00000, 0x0000000084e00000| Untracked 
|  79|0x0000000084f00000, 0x0000000084f00000, 0x0000000085000000|  0%| F|  |TAMS 0x0000000084f00000, 0x0000000084f00000| Untracked 
|  80|0x0000000085000000, 0x0000000085000000, 0x0000000085100000|  0%| F|  |TAMS 0x0000000085000000, 0x0000000085000000| Untracked 
|  81|0x0000000085100000, 0x0000000085100000, 0x0000000085200000|  0%| F|  |TAMS 0x0000000085100000, 0x0000000085100000| Untracked 
|  82|0x0000000085200000, 0x0000000085200000, 0x0000000085300000|  0%| F|  |TAMS 0x0000000085200000, 0x0000000085200000| Untracked 
|  83|0x0000000085300000, 0x0000000085300000, 0x0000000085400000|  0%| F|  |TAMS 0x0000000085300000, 0x0000000085300000| Untracked 
|  84|0x0000000085400000, 0x0000000085400000, 0x0000000085500000|  0%| F|  |TAMS 0x0000000085400000, 0x0000000085400000| Untracked 
|  85|0x0000000085500000, 0x0000000085500000, 0x0000000085600000|  0%| F|  |TAMS 0x0000000085500000, 0x0000000085500000| Untracked 
|  86|0x0000000085600000, 0x0000000085600000, 0x0000000085700000|  0%| F|  |TAMS 0x0000000085600000, 0x0000000085600000| Untracked 
|  87|0x0000000085700000, 0x0000000085700000, 0x0000000085800000|  0%| F|  |TAMS 0x0000000085700000, 0x0000000085700000| Untracked 
|  88|0x0000000085800000, 0x0000000085800000, 0x0000000085900000|  0%| F|  |TAMS 0x0000000085800000, 0x0000000085800000| Untracked 
|  89|0x0000000085900000, 0x0000000085900000, 0x0000000085a00000|  0%| F|  |TAMS 0x0000000085900000, 0x0000000085900000| Untracked 
|  90|0x0000000085a00000, 0x0000000085a00000, 0x0000000085b00000|  0%| F|  |TAMS 0x0000000085a00000, 0x0000000085a00000| Untracked 
|  91|0x0000000085b00000, 0x0000000085b00000, 0x0000000085c00000|  0%| F|  |TAMS 0x0000000085b00000, 0x0000000085b00000| Untracked 
|  92|0x0000000085c00000, 0x0000000085c00000, 0x0000000085d00000|  0%| F|  |TAMS 0x0000000085c00000, 0x0000000085c00000| Untracked 
|  93|0x0000000085d00000, 0x0000000085d00000, 0x0000000085e00000|  0%| F|  |TAMS 0x0000000085d00000, 0x0000000085d00000| Untracked 
|  94|0x0000000085e00000, 0x0000000085e00000, 0x0000000085f00000|  0%| F|  |TAMS 0x0000000085e00000, 0x0000000085e00000| Untracked 
|  95|0x0000000085f00000, 0x0000000085f00000, 0x0000000086000000|  0%| F|  |TAMS 0x0000000085f00000, 0x0000000085f00000| Untracked 
|  96|0x0000000086000000, 0x0000000086000000, 0x0000000086100000|  0%| F|  |TAMS 0x0000000086000000, 0x0000000086000000| Untracked 
|  97|0x0000000086100000, 0x0000000086100000, 0x0000000086200000|  0%| F|  |TAMS 0x0000000086100000, 0x0000000086100000| Untracked 
|  98|0x0000000086200000, 0x0000000086200000, 0x0000000086300000|  0%| F|  |TAMS 0x0000000086200000, 0x0000000086200000| Untracked 
|  99|0x0000000086300000, 0x0000000086300000, 0x0000000086400000|  0%| F|  |TAMS 0x0000000086300000, 0x0000000086300000| Untracked 
| 100|0x0000000086400000, 0x0000000086400000, 0x0000000086500000|  0%| F|  |TAMS 0x0000000086400000, 0x0000000086400000| Untracked 
| 101|0x0000000086500000, 0x0000000086500000, 0x0000000086600000|  0%| F|  |TAMS 0x0000000086500000, 0x0000000086500000| Untracked 
| 102|0x0000000086600000, 0x0000000086600000, 0x0000000086700000|  0%| F|  |TAMS 0x0000000086600000, 0x0000000086600000| Untracked 
| 103|0x0000000086700000, 0x0000000086700000, 0x0000000086800000|  0%| F|  |TAMS 0x0000000086700000, 0x0000000086700000| Untracked 
| 104|0x0000000086800000, 0x0000000086800000, 0x0000000086900000|  0%| F|  |TAMS 0x0000000086800000, 0x0000000086800000| Untracked 
| 105|0x0000000086900000, 0x0000000086900000, 0x0000000086a00000|  0%| F|  |TAMS 0x0000000086900000, 0x0000000086900000| Untracked 
| 106|0x0000000086a00000, 0x0000000086a00000, 0x0000000086b00000|  0%| F|  |TAMS 0x0000000086a00000, 0x0000000086a00000| Untracked 
| 107|0x0000000086b00000, 0x0000000086b00000, 0x0000000086c00000|  0%| F|  |TAMS 0x0000000086b00000, 0x0000000086b00000| Untracked 
| 108|0x0000000086c00000, 0x0000000086c00000, 0x0000000086d00000|  0%| F|  |TAMS 0x0000000086c00000, 0x0000000086c00000| Untracked 
| 109|0x0000000086d00000, 0x0000000086d00000, 0x0000000086e00000|  0%| F|  |TAMS 0x0000000086d00000, 0x0000000086d00000| Untracked 
| 110|0x0000000086e00000, 0x0000000086e00000, 0x0000000086f00000|  0%| F|  |TAMS 0x0000000086e00000, 0x0000000086e00000| Untracked 
| 111|0x0000000086f00000, 0x0000000086f00000, 0x0000000087000000|  0%| F|  |TAMS 0x0000000086f00000, 0x0000000086f00000| Untracked 
| 112|0x0000000087000000, 0x0000000087000000, 0x0000000087100000|  0%| F|  |TAMS 0x0000000087000000, 0x0000000087000000| Untracked 
| 113|0x0000000087100000, 0x0000000087100000, 0x0000000087200000|  0%| F|  |TAMS 0x0000000087100000, 0x0000000087100000| Untracked 
| 114|0x0000000087200000, 0x0000000087200000, 0x0000000087300000|  0%| F|  |TAMS 0x0000000087200000, 0x0000000087200000| Untracked 
| 115|0x0000000087300000, 0x0000000087300000, 0x0000000087400000|  0%| F|  |TAMS 0x0000000087300000, 0x0000000087300000| Untracked 
| 116|0x0000000087400000, 0x0000000087400000, 0x0000000087500000|  0%| F|  |TAMS 0x0000000087400000, 0x0000000087400000| Untracked 
| 117|0x0000000087500000, 0x0000000087500000, 0x0000000087600000|  0%| F|  |TAMS 0x0000000087500000, 0x0000000087500000| Untracked 
| 118|0x0000000087600000, 0x0000000087600000, 0x0000000087700000|  0%| F|  |TAMS 0x0000000087600000, 0x0000000087600000| Untracked 
| 119|0x0000000087700000, 0x0000000087700000, 0x0000000087800000|  0%| F|  |TAMS 0x0000000087700000, 0x0000000087700000| Untracked 
| 120|0x0000000087800000, 0x0000000087800000, 0x0000000087900000|  0%| F|  |TAMS 0x0000000087800000, 0x0000000087800000| Untracked 
| 121|0x0000000087900000, 0x0000000087900000, 0x0000000087a00000|  0%| F|  |TAMS 0x0000000087900000, 0x0000000087900000| Untracked 
| 122|0x0000000087a00000, 0x0000000087a00000, 0x0000000087b00000|  0%| F|  |TAMS 0x0000000087a00000, 0x0000000087a00000| Untracked 
| 123|0x0000000087b00000, 0x0000000087b00000, 0x0000000087c00000|  0%| F|  |TAMS 0x0000000087b00000, 0x0000000087b00000| Untracked 
| 124|0x0000000087c00000, 0x0000000087c00000, 0x0000000087d00000|  0%| F|  |TAMS 0x0000000087c00000, 0x0000000087c00000| Untracked 
| 125|0x0000000087d00000, 0x0000000087d00000, 0x0000000087e00000|  0%| F|  |TAMS 0x0000000087d00000, 0x0000000087d00000| Untracked 
| 126|0x0000000087e00000, 0x0000000087e00000, 0x0000000087f00000|  0%| F|  |TAMS 0x0000000087e00000, 0x0000000087e00000| Untracked 
| 127|0x0000000087f00000, 0x0000000087ffedc0, 0x0000000088000000| 99%| E|  |TAMS 0x0000000087f00000, 0x0000000087f00000| Complete 

Card table byte_map: [0x000001f1faa30000,0x000001f1fae30000] _byte_map_base: 0x000001f1fa630000

Marking Bits (Prev, Next): (CMBitMap*) 0x000001f1e217fa10, (CMBitMap*) 0x000001f1e217fa50
 Prev Bits: [0x000001f1fb230000, 0x000001f1fd230000)
 Next Bits: [0x000001f1fd230000, 0x000001f1ff230000)

Polling page: 0x000001f1e1fc0000

Metaspace:

Usage:
  Non-class:    324.68 KB used.
      Class:      9.65 KB used.
       Both:    334.33 KB used.

Virtual space:
  Non-class space:       64.00 MB reserved,     384.00 KB ( <1%) committed,  1 nodes.
      Class space:        1.00 GB reserved,      64.00 KB ( <1%) committed,  1 nodes.
             Both:        1.06 GB reserved,     448.00 KB ( <1%) committed. 

Chunk freelists:
   Non-Class:  3.99 MB
       Class:  3.75 MB
        Both:  7.74 MB

MaxMetaspaceSize: unlimited
CompressedClassSpaceSize: 1.00 GB
Initial GC threshold: 21.00 MB
Current GC threshold: 21.00 MB
CDS: on
MetaspaceReclaimPolicy: balanced
 - commit_granule_bytes: 65536.
 - commit_granule_words: 8192.
 - virtual_space_node_default_size: 8388608.
 - enlarge_chunks_in_place: 1.
 - new_chunks_are_fully_committed: 0.
 - uncommit_free_chunks: 1.
 - use_allocation_guard: 0.


Internal statistics:

num_allocs_failed_limit: 0.
num_arena_births: 4.
num_arena_deaths: 0.
num_vsnodes_births: 2.
num_vsnodes_deaths: 0.
num_space_committed: 7.
num_space_uncommitted: 0.
num_chunks_returned_to_freelist: 0.
num_chunks_taken_from_freelist: 4.
num_chunk_merges: 0.
num_chunk_splits: 2.
num_chunks_enlarged: 1.
num_inconsistent_stats: 0.

CodeHeap 'non-profiled nmethods': size=120064Kb used=16Kb max_used=16Kb free=120048Kb
 bounds [0x000001f1f2cf0000, 0x000001f1f2f60000, 0x000001f1fa230000]
CodeHeap 'profiled nmethods': size=120000Kb used=115Kb max_used=115Kb free=119884Kb
 bounds [0x000001f1eb7c0000, 0x000001f1eba30000, 0x000001f1f2cf0000]
CodeHeap 'non-nmethods': size=5696Kb used=1078Kb max_used=1084Kb free=4617Kb
 bounds [0x000001f1eb230000, 0x000001f1eb4a0000, 0x000001f1eb7c0000]
 total_blobs=403 nmethods=86 adapters=230
 compilation: enabled
              stopped_count=0, restarted_count=0
 full_count=0

Compilation events (20 events):
Event: 0.188 Thread 0x000001f1ff5eb730   77       1       java.util.zip.ZipCoder$UTF8ZipCoder::isUTF8 (2 bytes)
Event: 0.188 Thread 0x000001f1ff5eb730 nmethod 77 0x000001f1f2cf3a10 code [0x000001f1f2cf3ba0, 0x000001f1f2cf3c78]
Event: 0.189 Thread 0x000001f1ff5e5840   78       4       java.util.zip.ZipUtils::SH (21 bytes)
Event: 0.189 Thread 0x000001f1ff5e5840 nmethod 78 0x000001f1f2cf3d10 code [0x000001f1f2cf3e80, 0x000001f1f2cf3f38]
Event: 0.190 Thread 0x000001f1ff5eb730   79       3       java.util.zip.ZipUtils::LG (22 bytes)
Event: 0.190 Thread 0x000001f1ff5eb730 nmethod 79 0x000001f1eb7d8310 code [0x000001f1eb7d84c0, 0x000001f1eb7d8738]
Event: 0.190 Thread 0x000001f1ff5eb730   80   !   3       java.util.zip.ZipFile$Source::checkAndAddEntry (209 bytes)
Event: 0.191 Thread 0x000001f1ff5eb730 nmethod 80 0x000001f1eb7d8890 code [0x000001f1eb7d8c00, 0x000001f1eb7d9fa8]
Event: 0.191 Thread 0x000001f1ff5eb730   81       3       java.util.zip.ZipFile$Source::isMetaName (141 bytes)
Event: 0.192 Thread 0x000001f1ff5eb730 nmethod 81 0x000001f1eb7dab10 code [0x000001f1eb7dacc0, 0x000001f1eb7db1d8]
Event: 0.192 Thread 0x000001f1ff5eb730   82       3       java.util.zip.ZipFile$Source::nextEntryPos (22 bytes)
Event: 0.192 Thread 0x000001f1ff5eb730 nmethod 82 0x000001f1eb7db390 code [0x000001f1eb7db540, 0x000001f1eb7db878]
Event: 0.192 Thread 0x000001f1ff5eb730   83       3       java.util.zip.ZipFile$Source::zipCoderForPos (39 bytes)
Event: 0.192 Thread 0x000001f1ff5eb730 nmethod 83 0x000001f1eb7dba10 code [0x000001f1eb7dbbe0, 0x000001f1eb7dbfc8]
Event: 0.196 Thread 0x000001f1ff5eb730   84       3       java.lang.Math::max (11 bytes)
Event: 0.197 Thread 0x000001f1ff5eb730 nmethod 84 0x000001f1eb7dc190 code [0x000001f1eb7dc320, 0x000001f1eb7dc458]
Event: 0.197 Thread 0x000001f1ff5eb730   85       3       java.io.WinNTFileSystem::isSlash (18 bytes)
Event: 0.197 Thread 0x000001f1ff5eb730 nmethod 85 0x000001f1eb7dc510 code [0x000001f1eb7dc6a0, 0x000001f1eb7dc838]
Event: 0.197 Thread 0x000001f1ff5eb730   86       3       java.lang.Math::min (11 bytes)
Event: 0.197 Thread 0x000001f1ff5eb730 nmethod 86 0x000001f1eb7dc910 code [0x000001f1eb7dcaa0, 0x000001f1eb7dcbd8]

GC Heap History (0 events):
No events

Deoptimization events (0 events):
No events

Classes loaded (19 events):
Event: 0.197 Loading class jdk/internal/loader/URLClassPath$FileLoader
Event: 0.197 Loading class jdk/internal/loader/URLClassPath$FileLoader done
Event: 0.198 Loading class jdk/internal/loader/URLClassPath$FileLoader$1
Event: 0.198 Loading class jdk/internal/loader/URLClassPath$FileLoader$1 done
Event: 0.199 Loading class javax/swing/JFrame
Event: 0.200 Loading class javax/swing/WindowConstants
Event: 0.200 Loading class javax/swing/WindowConstants done
Event: 0.200 Loading class javax/accessibility/Accessible
Event: 0.200 Loading class javax/accessibility/Accessible done
Event: 0.200 Loading class javax/swing/RootPaneContainer
Event: 0.200 Loading class javax/swing/RootPaneContainer done
Event: 0.200 Loading class javax/swing/TransferHandler$HasGetTransferHandler
Event: 0.200 Loading class javax/swing/TransferHandler$HasGetTransferHandler done
Event: 0.200 Loading class java/awt/Frame
Event: 0.200 Loading class java/awt/MenuContainer
Event: 0.200 Loading class java/awt/MenuContainer done
Event: 0.200 Loading class java/awt/Window
Event: 0.201 Loading class java/awt/Container
Event: 0.202 Loading class java/awt/Component

Classes unloaded (0 events):
No events

Classes redefined (0 events):
No events

Internal exceptions (0 events):
No events

VM Operations (0 events):
No events

Events (17 events):
Event: 0.009 Loaded shared library C:\Program Files\Java\jdk-18.0.2\bin\java.dll
Event: 0.084 Loaded shared library C:\Program Files\Java\jdk-18.0.2\bin\jsvml.dll
Event: 0.090 Thread 0x000001f1e21207e0 Thread added: 0x000001f1e21207e0
Event: 0.102 Thread 0x000001f1ff5c6fe0 Thread added: 0x000001f1ff5c6fe0
Event: 0.102 Thread 0x000001f1ff5c7890 Thread added: 0x000001f1ff5c7890
Event: 0.130 Thread 0x000001f1ff5e2e90 Thread added: 0x000001f1ff5e2e90
Event: 0.130 Thread 0x000001f1ff5e3830 Thread added: 0x000001f1ff5e3830
Event: 0.131 Thread 0x000001f1ff5e41d0 Thread added: 0x000001f1ff5e41d0
Event: 0.131 Thread 0x000001f1ff5e4b70 Thread added: 0x000001f1ff5e4b70
Event: 0.131 Thread 0x000001f1ff5e5840 Thread added: 0x000001f1ff5e5840
Event: 0.131 Thread 0x000001f1ff5eb730 Thread added: 0x000001f1ff5eb730
Event: 0.131 Thread 0x000001f1ff5ee120 Thread added: 0x000001f1ff5ee120
Event: 0.171 Thread 0x000001f1ff81a000 Thread added: 0x000001f1ff81a000
Event: 0.176 Thread 0x000001f1ff826f90 Thread added: 0x000001f1ff826f90
Event: 0.182 Loaded shared library C:\Program Files\Java\jdk-18.0.2\bin\net.dll
Event: 0.186 Loaded shared library C:\Program Files\Java\jdk-18.0.2\bin\nio.dll
Event: 0.196 Loaded shared library C:\Program Files\Java\jdk-18.0.2\bin\zip.dll


Dynamic libraries:
0x00007ff628aa0000 - 0x00007ff628ab0000 	C:\Program Files\Java\jdk-18.0.2\bin\java.exe
0x00007ff9f4d20000 - 0x00007ff9f4f29000 	C:\Windows\SYSTEM32\ntdll.dll
0x00007ff9f3d70000 - 0x00007ff9f3e2d000 	C:\Windows\System32\KERNEL32.DLL
0x00007ff9f25b0000 - 0x00007ff9f292d000 	C:\Windows\System32\KERNELBASE.dll
0x00007ff9f2490000 - 0x00007ff9f25a1000 	C:\Windows\System32\ucrtbase.dll
0x00007ff9de7b0000 - 0x00007ff9de7ca000 	C:\Program Files\Java\jdk-18.0.2\bin\VCRUNTIME140.dll
0x00007ff9d9030000 - 0x00007ff9d9048000 	C:\Program Files\Java\jdk-18.0.2\bin\jli.dll
0x00007ff9f3250000 - 0x00007ff9f32fe000 	C:\Windows\System32\ADVAPI32.dll
0x00007ff9f3fe0000 - 0x00007ff9f4083000 	C:\Windows\System32\msvcrt.dll
0x00007ff9f4180000 - 0x00007ff9f421e000 	C:\Windows\System32\sechost.dll
0x00007ff9f2c70000 - 0x00007ff9f2d90000 	C:\Windows\System32\RPCRT4.dll
0x00007ff9f2e90000 - 0x00007ff9f303d000 	C:\Windows\System32\USER32.dll
0x00007ff9f2200000 - 0x00007ff9f2226000 	C:\Windows\System32\win32u.dll
0x00007ff9f3e30000 - 0x00007ff9f3e59000 	C:\Windows\System32\GDI32.dll
0x00007ff9f2a90000 - 0x00007ff9f2ba8000 	C:\Windows\System32\gdi32full.dll
0x00007ff9f29f0000 - 0x00007ff9f2a8d000 	C:\Windows\System32\msvcp_win.dll
0x00007ff9d5410000 - 0x00007ff9d56b5000 	C:\Windows\WinSxS\amd64_microsoft.windows.common-controls_6595b64144ccf1df_6.0.22000.120_none_9d947278b86cc467\COMCTL32.dll
0x00007ff9ea5d0000 - 0x00007ff9ea5da000 	C:\Windows\SYSTEM32\VERSION.dll
0x00007ff9f49e0000 - 0x00007ff9f4a11000 	C:\Windows\System32\IMM32.DLL
0x00007ff9eea10000 - 0x00007ff9eea1c000 	C:\Program Files\Java\jdk-18.0.2\bin\vcruntime140_1.dll
0x00007ff9cf0c0000 - 0x00007ff9cf14d000 	C:\Program Files\Java\jdk-18.0.2\bin\msvcp140.dll
0x00007ff9a5570000 - 0x00007ff9a6181000 	C:\Program Files\Java\jdk-18.0.2\bin\server\jvm.dll
0x00007ff9f36f0000 - 0x00007ff9f36f8000 	C:\Windows\System32\PSAPI.DLL
0x00007ff9ddf30000 - 0x00007ff9ddf39000 	C:\Windows\SYSTEM32\WSOCK32.dll
0x00007ff9f4a30000 - 0x00007ff9f4a9f000 	C:\Windows\System32\WS2_32.dll
0x00007ff9e02d0000 - 0x00007ff9e0303000 	C:\Windows\SYSTEM32\WINMM.dll
0x00007ff9f12c0000 - 0x00007ff9f12d8000 	C:\Windows\SYSTEM32\kernel.appcore.dll
0x00007ff9de810000 - 0x00007ff9de81a000 	C:\Program Files\Java\jdk-18.0.2\bin\jimage.dll
0x00007ff9e66d0000 - 0x00007ff9e68f1000 	C:\Windows\SYSTEM32\DBGHELP.DLL
0x00007ff9e6690000 - 0x00007ff9e66c1000 	C:\Windows\SYSTEM32\dbgcore.DLL
0x00007ff9f22a0000 - 0x00007ff9f231f000 	C:\Windows\System32\bcryptPrimitives.dll
0x00007ff9d32d0000 - 0x00007ff9d32f5000 	C:\Program Files\Java\jdk-18.0.2\bin\java.dll
0x00007ff9d31f0000 - 0x00007ff9d32c6000 	C:\Program Files\Java\jdk-18.0.2\bin\jsvml.dll
0x00007ff9f4220000 - 0x00007ff9f49d8000 	C:\Windows\System32\SHELL32.dll
0x00007ff9f0330000 - 0x00007ff9f0b98000 	C:\Windows\SYSTEM32\windows.storage.dll
0x00007ff9f3370000 - 0x00007ff9f36e9000 	C:\Windows\System32\combase.dll
0x00007ff9f01c0000 - 0x00007ff9f0326000 	C:\Windows\SYSTEM32\wintypes.dll
0x00007ff9f3ef0000 - 0x00007ff9f3fda000 	C:\Windows\System32\SHCORE.dll
0x00007ff9f3d10000 - 0x00007ff9f3d6d000 	C:\Windows\System32\shlwapi.dll
0x00007ff9f2130000 - 0x00007ff9f2151000 	C:\Windows\SYSTEM32\profapi.dll
0x00007ff9d8f80000 - 0x00007ff9d8f93000 	C:\Program Files\Java\jdk-18.0.2\bin\net.dll
0x00007ff9ed6f0000 - 0x00007ff9ed7fc000 	C:\Windows\SYSTEM32\WINHTTP.dll
0x00007ff9f16e0000 - 0x00007ff9f1747000 	C:\Windows\system32\mswsock.dll
0x00007ff9d31d0000 - 0x00007ff9d31e6000 	C:\Program Files\Java\jdk-18.0.2\bin\nio.dll
0x00007ff9d31b0000 - 0x00007ff9d31c8000 	C:\Program Files\Java\jdk-18.0.2\bin\zip.dll

dbghelp: loaded successfully - version: 4.0.5 - missing functions: none
symbol engine: initialized successfully - sym options: 0x614 - pdb path: .;C:\Program Files\Java\jdk-18.0.2\bin;C:\Windows\SYSTEM32;C:\Windows\WinSxS\amd64_microsoft.windows.common-controls_6595b64144ccf1df_6.0.22000.120_none_9d947278b86cc467;C:\Program Files\Java\jdk-18.0.2\bin\server

VM Arguments:
jvm_args: -Dfile.encoding=UTF-8 
java_command: mainlibrary.MainLibrary
java_class_path (initial): C:\Users\PenTester12\Downloads\securityProject\securityProject\mysql-connector-java-5.1.48.jar;C:\Users\PenTester12\Downloads\securityProject\securityProject\build\classes
Launcher Type: SUN_STANDARD

[Global flags]
     intx CICompilerCount                          = 2                                         {product} {ergonomic}
     uint ConcGCThreads                            = 1                                         {product} {ergonomic}
     uint G1ConcRefinementThreads                  = 2                                         {product} {ergonomic}
   size_t G1HeapRegionSize                         = 1048576                                   {product} {ergonomic}
    uintx GCDrainStackTargetSize                   = 64                                        {product} {ergonomic}
   size_t InitialHeapSize                          = 134217728                                 {product} {ergonomic}
   size_t MarkStackSize                            = 4194304                                   {product} {ergonomic}
   size_t MaxHeapSize                              = 2147483648                                {product} {ergonomic}
   size_t MaxNewSize                               = 1287651328                                {product} {ergonomic}
   size_t MinHeapDeltaBytes                        = 1048576                                   {product} {ergonomic}
   size_t MinHeapSize                              = 8388608                                   {product} {ergonomic}
    uintx NonNMethodCodeHeapSize                   = 5826188                                {pd product} {ergonomic}
    uintx NonProfiledCodeHeapSize                  = 122916026                              {pd product} {ergonomic}
    uintx ProfiledCodeHeapSize                     = 122916026                              {pd product} {ergonomic}
    uintx ReservedCodeCacheSize                    = 251658240                              {pd product} {ergonomic}
     bool SegmentedCodeCache                       = true                                      {product} {ergonomic}
   size_t SoftMaxHeapSize                          = 2147483648                             {manageable} {ergonomic}
     bool UseCompressedClassPointers               = true                           {product lp64_product} {ergonomic}
     bool UseCompressedOops                        = true                           {product lp64_product} {ergonomic}
     bool UseG1GC                                  = true                                      {product} {ergonomic}
     bool UseLargePagesIndividualAllocation        = false                                  {pd product} {ergonomic}

Logging:
Log output configuration:
 #0: stdout all=warning uptime,level,tags foldmultilines=false
 #1: stderr all=off uptime,level,tags foldmultilines=false

Environment Variables:
PATH=C:\Program Files\Fortify\Fortify_SCA_and_Apps_19.1.0\bin;C:\Program Files\Eclipse Adoptium\jdk-17.0.4.8-hotspot\bin;C:\Program Files\Common Files\Oracle\Java\javapath;C:\Windows\system32;C:\Windows;C:\Windows\System32\Wbem;C:\Windows\System32\WindowsPowerShell\v1.0\;C:\Windows\System32\OpenSSH\;C:\Program Files\Docker\Docker\resources\bin;C:\ProgramData\DockerDesktop\version-bin;C:\Program Files\Go\bin;C:\Program Files\Git\cmd;C:\Users\PenTester12\Downloads\sonar-scanner-cli-4.7.0.2747-windows\sonar-scanner-4.7.0.2747-windows\bin;C:\Program Files\MySQL\MySQL Shell 8.0\bin\;C:\Users\PenTester12\AppData\Local\Microsoft\WindowsApps;C:\Users\PenTester12\go\bin;C:\Users\PenTester12\AppData\Local\Programs\Microsoft VS Code\bin
USERNAME=PenTester12
OS=Windows_NT
PROCESSOR_IDENTIFIER=Intel64 Family 6 Model 85 Stepping 7, GenuineIntel



---------------  S Y S T E M  ---------------

OS:
 Windows 11 , 64 bit Build 22000 (10.0.22000.708)
OS uptime: 0 days 5:03 hours
Hyper-V role detected

CPU: total 2 (initial active 2) (1 cores per cpu, 2 threads per core) family 6 model 85 stepping 7 microcode 0xffffffff, cx8, cmov, fxsr, ht, mmx, 3dnowpref, sse, sse2, sse3, ssse3, sse4.1, sse4.2, popcnt, lzcnt, tsc, avx, avx2, aes, erms, clmul, bmi1, bmi2, rtm, adx, avx512f, avx512dq, avx512cd, avx512bw, avx512vl, fma, vzeroupper, clflush, clflushopt, hv

Memory: 4k page, system-wide physical 8190M (1423M free)
TotalPageFile size 10238M (AvailPageFile size 3M)
current process WorkingSet (physical memory assigned to process): 28M, peak: 28M
current process commit charge ("private bytes"): 197M, peak: 197M

vm_info: Java HotSpot(TM) 64-Bit Server VM (18.0.2+9-61) for windows-amd64 JRE (18.0.2+9-61), built on Jun  7 2022 13:09:01 by "mach5one" with MS VC++ 16.8 / 16.9 (VS2019)

END.
