#
# There is insufficient memory for the Java Runtime Environment to continue.
# Native memory allocation (mmap) failed to map 124780544 bytes for Failed to commit area from 0x0000000091300000 to 0x0000000098a00000 of length 124780544.
# Possible reasons:
#   The system is out of physical RAM or swap space
#   The process is running with CompressedOops enabled, and the Java Heap may be blocking the growth of the native heap
# Possible solutions:
#   Reduce memory load on the system
#   Increase physical memory or swap space
#   Check if swap backing store is full
#   Decrease Java heap size (-Xmx/-Xms)
#   Decrease number of Java threads
#   Decrease Java thread stack sizes (-Xss)
#   Set larger code cache with -XX:ReservedCodeCacheSize=
#   JVM is running with Unscaled Compressed Oops mode in which the Java heap is
#     placed in the first 4GB address space. The Java Heap base address is the
#     maximum limit for the native heap growth. Please use -XX:HeapBaseMinAddress
#     to set the Java Heap base and to place the Java Heap above 4GB virtual address.
# This output file may be truncated or incomplete.
#
#  Out of Memory Error (./src/hotspot/os/windows/os_windows.cpp:3387), pid=15508, tid=4492
#
# JRE version: OpenJDK Runtime Environment Temurin-11.0.14.1+1 (11.0.14.1+1) (build 11.0.14.1+1)
# Java VM: OpenJDK 64-Bit Server VM Temurin-11.0.14.1+1 (11.0.14.1+1, mixed mode, tiered, compressed oops, g1 gc, windows-amd64)
# No core dump will be written. Minidumps are not enabled by default on client versions of Windows
#

---------------  S U M M A R Y ------------

Command Line: -Djava.awt.headless=true -Dscanner.home=C:\Users\PenTester12\Downloads\sonar-scanner-cli-4.7.0.2747-windows\sonar-scanner-4.7.0.2747-windows\bin\.. -Dproject.home=C:\Users\PenTester12\Downloads\securityProject\securityProject org.sonarsource.scanner.cli.Main -Dsonar.projectKey=Security-Project -Dsonar.sources=. -Dsonar.host.url=http://127.0.0.1:9000 -Dsonar.login=sqp_f126a0a56e42a30b8cd4e1f678ca8e9b2b5fbdc7 -Dsonar.java.binaries=.\build\classes\mainlibrary

Host: Intel(R) Xeon(R) Platinum 8272CL CPU @ 2.60GHz, 2 cores, 7G,  Windows 11 , 64 bit Build 22000 (10.0.22000.708)
Time: Sat Aug 13 18:02:08 2022 India Standard Time elapsed time: 36.057324 seconds (0d 0h 0m 36s)

---------------  T H R E A D  ---------------

Current thread (0x000002a58f1a3000):  VMThread "VM Thread" [stack: 0x000000b163300000,0x000000b163400000] [id=4492]

Stack: [0x000000b163300000,0x000000b163400000]
[error occurred during error reporting (printing stack bounds), id 0xc0000005, EXCEPTION_ACCESS_VIOLATION (0xc0000005) at pc=0x000002a5800012e7]

Native frames: (J=compiled Java code, j=interpreted, Vv=VM code, C=native code)
V  [jvm.dll+0x61e59a]
V  [jvm.dll+0x7aaca9]
V  [jvm.dll+0x7ac398]
V  [jvm.dll+0x7ac9d5]
V  [jvm.dll+0x7ac98b]
V  [jvm.dll+0x61d927]
V  [jvm.dll+0x61e038]
C  [ntdll.dll+0xa8fcf]
C  [ntdll.dll+0x35e9a]
C  [ntdll.dll+0xa7fde]
C  0x000002a5800012e7

VM_Operation (0x000000b162dfbe60): G1CollectForAllocation, mode: safepoint, requested by thread 0x000002a5f3a7e800


---------------  P R O C E S S  ---------------

Threads class SMR info:
_java_thread_list=0x000002a591dec570, length=16, elements={
0x000002a5f3a7e800, 0x000002a58f1a5800, 0x000002a58f1ba800, 0x000002a58fb42800,
0x000002a58f1c9000, 0x000002a58f1c9800, 0x000002a58f1ca800, 0x000002a58f1cf000,
0x000002a58f1fd800, 0x000002a58fc71800, 0x000002a58fefd800, 0x000002a59020a000,
0x000002a591693000, 0x000002a591694000, 0x000002a58fe84800, 0x000002a593c13000
}

Java Threads: ( => current thread )
  0x000002a5f3a7e800 JavaThread "main" [_thread_blocked, id=15840, stack(0x000000b162d00000,0x000000b162e00000)]
  0x000002a58f1a5800 JavaThread "Reference Handler" daemon [_thread_blocked, id=7036, stack(0x000000b163400000,0x000000b163500000)]
  0x000002a58f1ba800 JavaThread "Finalizer" daemon [_thread_blocked, id=14772, stack(0x000000b163500000,0x000000b163600000)]
  0x000002a58fb42800 JavaThread "Signal Dispatcher" daemon [_thread_blocked, id=16232, stack(0x000000b163600000,0x000000b163700000)]
  0x000002a58f1c9000 JavaThread "Attach Listener" daemon [_thread_blocked, id=15544, stack(0x000000b163700000,0x000000b163800000)]
  0x000002a58f1c9800 JavaThread "Service Thread" daemon [_thread_blocked, id=15720, stack(0x000000b163800000,0x000000b163900000)]
  0x000002a58f1ca800 JavaThread "C2 CompilerThread0" daemon [_thread_blocked, id=16012, stack(0x000000b163900000,0x000000b163a00000)]
  0x000002a58f1cf000 JavaThread "C1 CompilerThread0" daemon [_thread_blocked, id=16080, stack(0x000000b163a00000,0x000000b163b00000)]
  0x000002a58f1fd800 JavaThread "Sweeper thread" daemon [_thread_blocked, id=8176, stack(0x000000b163b00000,0x000000b163c00000)]
  0x000002a58fc71800 JavaThread "Common-Cleaner" daemon [_thread_blocked, id=14852, stack(0x000000b163d00000,0x000000b163e00000)]
  0x000002a58fefd800 JavaThread "OkHttp ConnectionPool" daemon [_thread_blocked, id=15568, stack(0x000000b164000000,0x000000b164100000)]
  0x000002a59020a000 JavaThread "Okio Watchdog" daemon [_thread_blocked, id=15836, stack(0x000000b164100000,0x000000b164200000)]
  0x000002a591693000 JavaThread "OkHttp TaskRunner" daemon [_thread_blocked, id=16032, stack(0x000000b164200000,0x000000b164300000)]
  0x000002a591694000 JavaThread "Okio Watchdog" daemon [_thread_blocked, id=16072, stack(0x000000b164300000,0x000000b164400000)]
  0x000002a58fe84800 JavaThread "HttpClient-1-SelectorManager" daemon [_thread_in_native, id=15868, stack(0x000000b164400000,0x000000b164500000)]
  0x000002a593c13000 JavaThread "Report about progress of Java AST analyzer" daemon [_thread_blocked, id=14896, stack(0x000000b164500000,0x000000b164600000)]

Other Threads:
=>0x000002a58f1a3000 VMThread "VM Thread" [stack: 0x000000b163300000,0x000000b163400000] [id=4492]
  0x000002a58fc6e800 WatcherThread [stack: 0x000000b163c00000,0x000000b163d00000] [id=6888]
  0x000002a5f3a96800 GCTaskThread "GC Thread#0" [stack: 0x000000b162e00000,0x000000b162f00000] [id=14812]
  0x000002a58fefa000 GCTaskThread "GC Thread#1" [stack: 0x000000b163e00000,0x000000b163f00000] [id=9212]
  0x000002a5f3ac7000 ConcurrentGCThread "G1 Main Marker" [stack: 0x000000b162f00000,0x000000b163000000] [id=15072]
  0x000002a5f3acb000 ConcurrentGCThread "G1 Conc#0" [stack: 0x000000b163000000,0x000000b163100000] [id=2080]
  0x000002a5f3b52800 ConcurrentGCThread "G1 Refine#0" [stack: 0x000000b163100000,0x000000b163200000] [id=3060]
  0x000002a594256800 ConcurrentGCThread "G1 Refine#1" [stack: 0x000000b164600000,0x000000b164700000] [id=15248]
  0x000002a5f3b55800 ConcurrentGCThread "G1 Young RemSet Sampling" [stack: 0x000000b163200000,0x000000b163300000] [id=15528]

Threads with active compile tasks:
C2 CompilerThread0  36078 9867       4       org.eclipse.jdt.internal.compiler.lookup.ReferenceBinding::isCompatibleWith (139 bytes)

VM state:at safepoint (normal execution)

VM Mutex/Monitor currently owned by a thread:  ([mutex/lock_event])
[0x000002a5f3a7a190] Threads_lock - owner thread: 0x000002a58f1a3000
[0x000002a5f3a7ab20] Heap_lock - owner thread: 0x000002a5f3a7e800

Heap address: 0x0000000080000000, size: 2048 MB, Compressed Oops mode: 32-bit
Narrow klass base: 0x0000000000000000, Narrow klass shift: 3
Compressed class space size: 1073741824 Address: 0x0000000100000000

Heap:
 garbage-first heap   total 403456K, used 113341K [0x0000000080000000, 0x0000000100000000)
  region size 1024K, 12 young (12288K), 12 survivors (12288K)
 Metaspace       used 78556K, capacity 81769K, committed 81836K, reserved 1120256K
  class space    used 9565K, capacity 10707K, committed 10752K, reserved 1048576K
Heap Regions: E=young(eden), S=young(survivor), O=old, HS=humongous(starts), HC=humongous(continues), CS=collection set, F=free, A=archive, TAMS=top-at-mark-start (previous, next)
|   0|0x0000000080000000, 0x0000000080100000, 0x0000000080100000|100%| O|  |TAMS 0x0000000080100000, 0x0000000080000000| Untracked 
|   1|0x0000000080100000, 0x0000000080200000, 0x0000000080200000|100%| O|  |TAMS 0x0000000080200000, 0x0000000080100000| Untracked 
|   2|0x0000000080200000, 0x0000000080300000, 0x0000000080300000|100%| O|  |TAMS 0x0000000080300000, 0x0000000080200000| Untracked 
|   3|0x0000000080300000, 0x0000000080400000, 0x0000000080400000|100%|HS|  |TAMS 0x0000000080400000, 0x0000000080300000| Complete 
|   4|0x0000000080400000, 0x0000000080500000, 0x0000000080500000|100%|HC|  |TAMS 0x0000000080500000, 0x0000000080400000| Complete 
|   5|0x0000000080500000, 0x0000000080600000, 0x0000000080600000|100%|HS|  |TAMS 0x0000000080600000, 0x0000000080500000| Complete 
|   6|0x0000000080600000, 0x0000000080700000, 0x0000000080700000|100%| O|  |TAMS 0x0000000080700000, 0x0000000080600000| Untracked 
|   7|0x0000000080700000, 0x0000000080800000, 0x0000000080800000|100%|HS|  |TAMS 0x0000000080800000, 0x0000000080700000| Complete 
|   8|0x0000000080800000, 0x0000000080900000, 0x0000000080900000|100%|HC|  |TAMS 0x0000000080900000, 0x0000000080800000| Complete 
|   9|0x0000000080900000, 0x0000000080a00000, 0x0000000080a00000|100%|HC|  |TAMS 0x0000000080a00000, 0x0000000080900000| Complete 
|  10|0x0000000080a00000, 0x0000000080b00000, 0x0000000080b00000|100%|HS|  |TAMS 0x0000000080b00000, 0x0000000080a00000| Complete 
|  11|0x0000000080b00000, 0x0000000080c00000, 0x0000000080c00000|100%|HS|  |TAMS 0x0000000080c00000, 0x0000000080b00000| Complete 
|  12|0x0000000080c00000, 0x0000000080d00000, 0x0000000080d00000|100%| O|  |TAMS 0x0000000080d00000, 0x0000000080c00000| Untracked 
|  13|0x0000000080d00000, 0x0000000080e00000, 0x0000000080e00000|100%| O|  |TAMS 0x0000000080e00000, 0x0000000080d00000| Untracked 
|  14|0x0000000080e00000, 0x0000000080f00000, 0x0000000080f00000|100%| O|  |TAMS 0x0000000080f00000, 0x0000000080e00000| Untracked 
|  15|0x0000000080f00000, 0x0000000081000000, 0x0000000081000000|100%| O|  |TAMS 0x0000000081000000, 0x0000000080f00000| Untracked 
|  16|0x0000000081000000, 0x0000000081100000, 0x0000000081100000|100%| O|  |TAMS 0x0000000081100000, 0x0000000081000000| Untracked 
|  17|0x0000000081100000, 0x0000000081200000, 0x0000000081200000|100%| O|  |TAMS 0x0000000081200000, 0x0000000081100000| Untracked 
|  18|0x0000000081200000, 0x0000000081300000, 0x0000000081300000|100%| O|  |TAMS 0x0000000081300000, 0x0000000081200000| Untracked 
|  19|0x0000000081300000, 0x0000000081400000, 0x0000000081400000|100%| O|  |TAMS 0x0000000081400000, 0x0000000081300000| Untracked 
|  20|0x0000000081400000, 0x0000000081500000, 0x0000000081500000|100%| O|  |TAMS 0x0000000081500000, 0x0000000081400000| Untracked 
|  21|0x0000000081500000, 0x0000000081600000, 0x0000000081600000|100%| O|  |TAMS 0x0000000081600000, 0x0000000081500000| Untracked 
|  22|0x0000000081600000, 0x0000000081700000, 0x0000000081700000|100%| O|  |TAMS 0x0000000081700000, 0x0000000081600000| Untracked 
|  23|0x0000000081700000, 0x0000000081800000, 0x0000000081800000|100%| O|  |TAMS 0x0000000081800000, 0x0000000081700000| Untracked 
|  24|0x0000000081800000, 0x0000000081900000, 0x0000000081900000|100%| O|  |TAMS 0x0000000081900000, 0x0000000081800000| Untracked 
|  25|0x0000000081900000, 0x0000000081a00000, 0x0000000081a00000|100%| O|  |TAMS 0x0000000081a00000, 0x0000000081900000| Untracked 
|  26|0x0000000081a00000, 0x0000000081b00000, 0x0000000081b00000|100%| O|  |TAMS 0x0000000081b00000, 0x0000000081a00000| Untracked 
|  27|0x0000000081b00000, 0x0000000081c00000, 0x0000000081c00000|100%| O|  |TAMS 0x0000000081c00000, 0x0000000081b00000| Untracked 
|  28|0x0000000081c00000, 0x0000000081d00000, 0x0000000081d00000|100%| O|  |TAMS 0x0000000081d00000, 0x0000000081c00000| Untracked 
|  29|0x0000000081d00000, 0x0000000081e00000, 0x0000000081e00000|100%| O|  |TAMS 0x0000000081e00000, 0x0000000081d00000| Untracked 
|  30|0x0000000081e00000, 0x0000000081f00000, 0x0000000081f00000|100%| O|  |TAMS 0x0000000081f00000, 0x0000000081e00000| Untracked 
|  31|0x0000000081f00000, 0x0000000082000000, 0x0000000082000000|100%| O|  |TAMS 0x0000000082000000, 0x0000000081f00000| Untracked 
|  32|0x0000000082000000, 0x0000000082100000, 0x0000000082100000|100%| O|  |TAMS 0x0000000082100000, 0x0000000082000000| Untracked 
|  33|0x0000000082100000, 0x0000000082200000, 0x0000000082200000|100%| O|  |TAMS 0x0000000082200000, 0x0000000082100000| Untracked 
|  34|0x0000000082200000, 0x0000000082300000, 0x0000000082300000|100%| O|  |TAMS 0x0000000082300000, 0x0000000082200000| Untracked 
|  35|0x0000000082300000, 0x0000000082400000, 0x0000000082400000|100%| O|  |TAMS 0x0000000082400000, 0x0000000082300000| Untracked 
|  36|0x0000000082400000, 0x0000000082500000, 0x0000000082500000|100%| O|  |TAMS 0x000000008242f800, 0x0000000082400000| Untracked 
|  37|0x0000000082500000, 0x0000000082600000, 0x0000000082600000|100%| O|  |TAMS 0x0000000082500000, 0x0000000082500000| Untracked 
|  38|0x0000000082600000, 0x0000000082700000, 0x0000000082700000|100%| O|  |TAMS 0x0000000082600000, 0x0000000082600000| Untracked 
|  39|0x0000000082700000, 0x0000000082800000, 0x0000000082800000|100%| O|  |TAMS 0x0000000082700000, 0x0000000082700000| Untracked 
|  40|0x0000000082800000, 0x0000000082900000, 0x0000000082900000|100%| O|  |TAMS 0x0000000082800000, 0x0000000082800000| Untracked 
|  41|0x0000000082900000, 0x0000000082a00000, 0x0000000082a00000|100%| O|  |TAMS 0x0000000082900000, 0x0000000082900000| Untracked 
|  42|0x0000000082a00000, 0x0000000082b00000, 0x0000000082b00000|100%| O|  |TAMS 0x0000000082a00000, 0x0000000082a00000| Untracked 
|  43|0x0000000082b00000, 0x0000000082c00000, 0x0000000082c00000|100%| O|  |TAMS 0x0000000082b00000, 0x0000000082b00000| Untracked 
|  44|0x0000000082c00000, 0x0000000082d00000, 0x0000000082d00000|100%| O|  |TAMS 0x0000000082c00000, 0x0000000082c00000| Untracked 
|  45|0x0000000082d00000, 0x0000000082e00000, 0x0000000082e00000|100%| O|  |TAMS 0x0000000082d00000, 0x0000000082d00000| Untracked 
|  46|0x0000000082e00000, 0x0000000082f00000, 0x0000000082f00000|100%| O|  |TAMS 0x0000000082e00000, 0x0000000082e00000| Untracked 
|  47|0x0000000082f00000, 0x0000000083000000, 0x0000000083000000|100%| O|  |TAMS 0x0000000082f00000, 0x0000000082f00000| Untracked 
|  48|0x0000000083000000, 0x0000000083100000, 0x0000000083100000|100%| O|  |TAMS 0x0000000083000000, 0x0000000083000000| Untracked 
|  49|0x0000000083100000, 0x0000000083200000, 0x0000000083200000|100%| O|  |TAMS 0x0000000083100000, 0x0000000083100000| Untracked 
|  50|0x0000000083200000, 0x0000000083300000, 0x0000000083300000|100%| O|  |TAMS 0x0000000083200000, 0x0000000083200000| Untracked 
|  51|0x0000000083300000, 0x0000000083400000, 0x0000000083400000|100%| O|  |TAMS 0x0000000083300000, 0x0000000083300000| Untracked 
|  52|0x0000000083400000, 0x0000000083500000, 0x0000000083500000|100%| O|  |TAMS 0x0000000083400000, 0x0000000083400000| Untracked 
|  53|0x0000000083500000, 0x0000000083600000, 0x0000000083600000|100%| O|  |TAMS 0x0000000083500000, 0x0000000083500000| Untracked 
|  54|0x0000000083600000, 0x0000000083700000, 0x0000000083700000|100%| O|  |TAMS 0x0000000083600000, 0x0000000083600000| Untracked 
|  55|0x0000000083700000, 0x0000000083800000, 0x0000000083800000|100%| O|  |TAMS 0x0000000083700000, 0x0000000083700000| Untracked 
|  56|0x0000000083800000, 0x0000000083900000, 0x0000000083900000|100%| O|  |TAMS 0x0000000083800000, 0x0000000083800000| Untracked 
|  57|0x0000000083900000, 0x0000000083a00000, 0x0000000083a00000|100%| O|  |TAMS 0x0000000083900000, 0x0000000083900000| Untracked 
|  58|0x0000000083a00000, 0x0000000083b00000, 0x0000000083b00000|100%| O|  |TAMS 0x0000000083a00000, 0x0000000083a00000| Untracked 
|  59|0x0000000083b00000, 0x0000000083c00000, 0x0000000083c00000|100%| O|  |TAMS 0x0000000083b00000, 0x0000000083b00000| Untracked 
|  60|0x0000000083c00000, 0x0000000083d00000, 0x0000000083d00000|100%| O|  |TAMS 0x0000000083c00000, 0x0000000083c00000| Untracked 
|  61|0x0000000083d00000, 0x0000000083e00000, 0x0000000083e00000|100%| O|  |TAMS 0x0000000083d00000, 0x0000000083d00000| Untracked 
|  62|0x0000000083e00000, 0x0000000083f00000, 0x0000000083f00000|100%| O|  |TAMS 0x0000000083e00000, 0x0000000083e00000| Untracked 
|  63|0x0000000083f00000, 0x0000000084000000, 0x0000000084000000|100%| O|  |TAMS 0x0000000083f00000, 0x0000000083f00000| Untracked 
|  64|0x0000000084000000, 0x0000000084100000, 0x0000000084100000|100%| O|  |TAMS 0x0000000084000000, 0x0000000084000000| Untracked 
|  65|0x0000000084100000, 0x0000000084200000, 0x0000000084200000|100%| O|  |TAMS 0x0000000084100000, 0x0000000084100000| Untracked 
|  66|0x0000000084200000, 0x0000000084300000, 0x0000000084300000|100%| O|  |TAMS 0x0000000084200000, 0x0000000084200000| Untracked 
|  67|0x0000000084300000, 0x0000000084400000, 0x0000000084400000|100%| O|  |TAMS 0x0000000084300000, 0x0000000084300000| Untracked 
|  68|0x0000000084400000, 0x0000000084500000, 0x0000000084500000|100%| O|  |TAMS 0x0000000084400000, 0x0000000084400000| Untracked 
|  69|0x0000000084500000, 0x0000000084600000, 0x0000000084600000|100%| O|  |TAMS 0x0000000084500000, 0x0000000084500000| Untracked 
|  70|0x0000000084600000, 0x0000000084700000, 0x0000000084700000|100%| O|  |TAMS 0x0000000084600000, 0x0000000084600000| Untracked 
|  71|0x0000000084700000, 0x0000000084800000, 0x0000000084800000|100%| O|  |TAMS 0x0000000084700000, 0x0000000084700000| Untracked 
|  72|0x0000000084800000, 0x0000000084900000, 0x0000000084900000|100%| O|  |TAMS 0x0000000084800000, 0x0000000084800000| Untracked 
|  73|0x0000000084900000, 0x0000000084a00000, 0x0000000084a00000|100%| O|  |TAMS 0x0000000084900000, 0x0000000084900000| Untracked 
|  74|0x0000000084a00000, 0x0000000084b00000, 0x0000000084b00000|100%| O|  |TAMS 0x0000000084a00000, 0x0000000084a00000| Untracked 
|  75|0x0000000084b00000, 0x0000000084c00000, 0x0000000084c00000|100%| O|  |TAMS 0x0000000084b00000, 0x0000000084b00000| Untracked 
|  76|0x0000000084c00000, 0x0000000084d00000, 0x0000000084d00000|100%| O|  |TAMS 0x0000000084c00000, 0x0000000084c00000| Untracked 
|  77|0x0000000084d00000, 0x0000000084e00000, 0x0000000084e00000|100%| O|  |TAMS 0x0000000084d00000, 0x0000000084d00000| Untracked 
|  78|0x0000000084e00000, 0x0000000084f00000, 0x0000000084f00000|100%| O|  |TAMS 0x0000000084e00000, 0x0000000084e00000| Untracked 
|  79|0x0000000084f00000, 0x0000000085000000, 0x0000000085000000|100%| O|  |TAMS 0x0000000084f00000, 0x0000000084f00000| Untracked 
|  80|0x0000000085000000, 0x0000000085100000, 0x0000000085100000|100%| O|  |TAMS 0x0000000085000000, 0x0000000085000000| Untracked 
|  81|0x0000000085100000, 0x0000000085200000, 0x0000000085200000|100%| O|  |TAMS 0x0000000085100000, 0x0000000085100000| Untracked 
|  82|0x0000000085200000, 0x0000000085300000, 0x0000000085300000|100%| O|  |TAMS 0x0000000085200000, 0x0000000085200000| Untracked 
|  83|0x0000000085300000, 0x0000000085400000, 0x0000000085400000|100%| O|  |TAMS 0x0000000085300000, 0x0000000085300000| Untracked 
|  84|0x0000000085400000, 0x0000000085500000, 0x0000000085500000|100%| O|  |TAMS 0x0000000085400000, 0x0000000085400000| Untracked 
|  85|0x0000000085500000, 0x0000000085600000, 0x0000000085600000|100%| O|  |TAMS 0x0000000085500000, 0x0000000085500000| Untracked 
|  86|0x0000000085600000, 0x0000000085700000, 0x0000000085700000|100%| O|  |TAMS 0x0000000085600000, 0x0000000085600000| Untracked 
|  87|0x0000000085700000, 0x0000000085800000, 0x0000000085800000|100%| O|  |TAMS 0x0000000085700000, 0x0000000085700000| Untracked 
|  88|0x0000000085800000, 0x0000000085900000, 0x0000000085900000|100%| O|  |TAMS 0x0000000085800000, 0x0000000085800000| Untracked 
|  89|0x0000000085900000, 0x0000000085a00000, 0x0000000085a00000|100%| O|  |TAMS 0x0000000085900000, 0x0000000085900000| Untracked 
|  90|0x0000000085a00000, 0x0000000085b00000, 0x0000000085b00000|100%| O|  |TAMS 0x0000000085a00000, 0x0000000085a00000| Untracked 
|  91|0x0000000085b00000, 0x0000000085c00000, 0x0000000085c00000|100%| O|  |TAMS 0x0000000085b00000, 0x0000000085b00000| Untracked 
|  92|0x0000000085c00000, 0x0000000085d00000, 0x0000000085d00000|100%| O|  |TAMS 0x0000000085c00000, 0x0000000085c00000| Untracked 
|  93|0x0000000085d00000, 0x0000000085e00000, 0x0000000085e00000|100%| O|  |TAMS 0x0000000085d00000, 0x0000000085d00000| Untracked 
|  94|0x0000000085e00000, 0x0000000085f00000, 0x0000000085f00000|100%| O|  |TAMS 0x0000000085e00000, 0x0000000085e00000| Untracked 
|  95|0x0000000085f00000, 0x0000000086000000, 0x0000000086000000|100%| O|  |TAMS 0x0000000085f00000, 0x0000000085f00000| Untracked 
|  96|0x0000000086000000, 0x0000000086100000, 0x0000000086100000|100%| O|  |TAMS 0x0000000086000000, 0x0000000086000000| Untracked 
|  97|0x0000000086100000, 0x0000000086200000, 0x0000000086200000|100%| O|  |TAMS 0x0000000086100000, 0x0000000086100000| Untracked 
|  98|0x0000000086200000, 0x00000000862af400, 0x0000000086300000| 68%| O|  |TAMS 0x0000000086200000, 0x0000000086200000| Untracked 
|  99|0x0000000086300000, 0x0000000086300000, 0x0000000086400000|  0%| F|  |TAMS 0x0000000086300000, 0x0000000086300000| Untracked 
| 100|0x0000000086400000, 0x0000000086400000, 0x0000000086500000|  0%| F|  |TAMS 0x0000000086400000, 0x0000000086400000| Untracked 
| 101|0x0000000086500000, 0x0000000086500000, 0x0000000086600000|  0%| F|  |TAMS 0x0000000086500000, 0x0000000086500000| Untracked 
| 102|0x0000000086600000, 0x0000000086600000, 0x0000000086700000|  0%| F|  |TAMS 0x0000000086600000, 0x0000000086600000| Untracked 
| 103|0x0000000086700000, 0x0000000086700000, 0x0000000086800000|  0%| F|  |TAMS 0x0000000086700000, 0x0000000086700000| Untracked 
| 104|0x0000000086800000, 0x0000000086800000, 0x0000000086900000|  0%| F|  |TAMS 0x0000000086800000, 0x0000000086800000| Untracked 
| 105|0x0000000086900000, 0x0000000086900000, 0x0000000086a00000|  0%| F|  |TAMS 0x0000000086900000, 0x0000000086900000| Untracked 
| 106|0x0000000086a00000, 0x0000000086a00000, 0x0000000086b00000|  0%| F|  |TAMS 0x0000000086a00000, 0x0000000086a00000| Untracked 
| 107|0x0000000086b00000, 0x0000000086b00000, 0x0000000086c00000|  0%| F|  |TAMS 0x0000000086b00000, 0x0000000086b00000| Untracked 
| 108|0x0000000086c00000, 0x0000000086c00000, 0x0000000086d00000|  0%| F|  |TAMS 0x0000000086c00000, 0x0000000086c00000| Untracked 
| 109|0x0000000086d00000, 0x0000000086d00000, 0x0000000086e00000|  0%| F|  |TAMS 0x0000000086d00000, 0x0000000086d00000| Untracked 
| 110|0x0000000086e00000, 0x0000000086e00000, 0x0000000086f00000|  0%| F|  |TAMS 0x0000000086e00000, 0x0000000086e00000| Untracked 
| 111|0x0000000086f00000, 0x0000000086f00000, 0x0000000087000000|  0%| F|  |TAMS 0x0000000086f00000, 0x0000000086f00000| Untracked 
| 112|0x0000000087000000, 0x0000000087000000, 0x0000000087100000|  0%| F|  |TAMS 0x0000000087000000, 0x0000000087000000| Untracked 
| 113|0x0000000087100000, 0x0000000087100000, 0x0000000087200000|  0%| F|  |TAMS 0x0000000087100000, 0x0000000087100000| Untracked 
| 114|0x0000000087200000, 0x0000000087200000, 0x0000000087300000|  0%| F|  |TAMS 0x0000000087200000, 0x0000000087200000| Untracked 
| 115|0x0000000087300000, 0x0000000087300000, 0x0000000087400000|  0%| F|  |TAMS 0x0000000087300000, 0x0000000087300000| Untracked 
| 116|0x0000000087400000, 0x0000000087400000, 0x0000000087500000|  0%| F|  |TAMS 0x0000000087400000, 0x0000000087400000| Untracked 
| 117|0x0000000087500000, 0x0000000087500000, 0x0000000087600000|  0%| F|  |TAMS 0x0000000087500000, 0x0000000087500000| Untracked 
| 118|0x0000000087600000, 0x0000000087600000, 0x0000000087700000|  0%| F|  |TAMS 0x0000000087600000, 0x0000000087600000| Untracked 
| 119|0x0000000087700000, 0x0000000087700000, 0x0000000087800000|  0%| F|  |TAMS 0x0000000087700000, 0x0000000087700000| Untracked 
| 120|0x0000000087800000, 0x0000000087800000, 0x0000000087900000|  0%| F|  |TAMS 0x0000000087800000, 0x0000000087800000| Untracked 
| 121|0x0000000087900000, 0x0000000087900000, 0x0000000087a00000|  0%| F|  |TAMS 0x0000000087900000, 0x0000000087900000| Untracked 
| 122|0x0000000087a00000, 0x0000000087a00000, 0x0000000087b00000|  0%| F|  |TAMS 0x0000000087a00000, 0x0000000087a00000| Untracked 
| 123|0x0000000087b00000, 0x0000000087b00000, 0x0000000087c00000|  0%| F|  |TAMS 0x0000000087b00000, 0x0000000087b00000| Untracked 
| 124|0x0000000087c00000, 0x0000000087c00000, 0x0000000087d00000|  0%| F|  |TAMS 0x0000000087c00000, 0x0000000087c00000| Untracked 
| 125|0x0000000087d00000, 0x0000000087d00000, 0x0000000087e00000|  0%| F|  |TAMS 0x0000000087d00000, 0x0000000087d00000| Untracked 
| 126|0x0000000087e00000, 0x0000000087e00000, 0x0000000087f00000|  0%| F|  |TAMS 0x0000000087e00000, 0x0000000087e00000| Untracked 
| 127|0x0000000087f00000, 0x0000000087f00000, 0x0000000088000000|  0%| F|  |TAMS 0x0000000087f00000, 0x0000000087f00000| Untracked 
| 128|0x0000000088000000, 0x0000000088000000, 0x0000000088100000|  0%| F|  |TAMS 0x0000000088000000, 0x0000000088000000| Untracked 
| 129|0x0000000088100000, 0x0000000088100000, 0x0000000088200000|  0%| F|  |TAMS 0x0000000088100000, 0x0000000088100000| Untracked 
| 130|0x0000000088200000, 0x0000000088200000, 0x0000000088300000|  0%| F|  |TAMS 0x0000000088200000, 0x0000000088200000| Untracked 
| 131|0x0000000088300000, 0x0000000088300000, 0x0000000088400000|  0%| F|  |TAMS 0x0000000088300000, 0x0000000088300000| Untracked 
| 132|0x0000000088400000, 0x0000000088400000, 0x0000000088500000|  0%| F|  |TAMS 0x0000000088400000, 0x0000000088400000| Untracked 
| 133|0x0000000088500000, 0x0000000088500000, 0x0000000088600000|  0%| F|  |TAMS 0x0000000088500000, 0x0000000088500000| Untracked 
| 134|0x0000000088600000, 0x0000000088600000, 0x0000000088700000|  0%| F|  |TAMS 0x0000000088600000, 0x0000000088600000| Untracked 
| 135|0x0000000088700000, 0x0000000088700000, 0x0000000088800000|  0%| F|  |TAMS 0x0000000088700000, 0x0000000088700000| Untracked 
| 136|0x0000000088800000, 0x0000000088800000, 0x0000000088900000|  0%| F|  |TAMS 0x0000000088800000, 0x0000000088800000| Untracked 
| 137|0x0000000088900000, 0x0000000088900000, 0x0000000088a00000|  0%| F|  |TAMS 0x0000000088900000, 0x0000000088900000| Untracked 
| 138|0x0000000088a00000, 0x0000000088a00000, 0x0000000088b00000|  0%| F|  |TAMS 0x0000000088a00000, 0x0000000088a00000| Untracked 
| 139|0x0000000088b00000, 0x0000000088c00000, 0x0000000088c00000|100%| S|CS|TAMS 0x0000000088b00000, 0x0000000088b00000| Complete 
| 140|0x0000000088c00000, 0x0000000088d00000, 0x0000000088d00000|100%| S|CS|TAMS 0x0000000088c00000, 0x0000000088c00000| Complete 
| 141|0x0000000088d00000, 0x0000000088e00000, 0x0000000088e00000|100%| S|CS|TAMS 0x0000000088d00000, 0x0000000088d00000| Complete 
| 142|0x0000000088e00000, 0x0000000088f00000, 0x0000000088f00000|100%| S|CS|TAMS 0x0000000088e00000, 0x0000000088e00000| Complete 
| 143|0x0000000088f00000, 0x0000000089000000, 0x0000000089000000|100%| S|CS|TAMS 0x0000000088f00000, 0x0000000088f00000| Complete 
| 144|0x0000000089000000, 0x0000000089100000, 0x0000000089100000|100%| S|CS|TAMS 0x0000000089000000, 0x0000000089000000| Complete 
| 145|0x0000000089100000, 0x0000000089200000, 0x0000000089200000|100%| S|CS|TAMS 0x0000000089100000, 0x0000000089100000| Complete 
| 146|0x0000000089200000, 0x0000000089300000, 0x0000000089300000|100%| S|CS|TAMS 0x0000000089200000, 0x0000000089200000| Complete 
| 147|0x0000000089300000, 0x0000000089300000, 0x0000000089400000|  0%| F|  |TAMS 0x0000000089300000, 0x0000000089300000| Untracked 
| 148|0x0000000089400000, 0x0000000089400000, 0x0000000089500000|  0%| F|  |TAMS 0x0000000089400000, 0x0000000089400000| Untracked 
| 149|0x0000000089500000, 0x0000000089500000, 0x0000000089600000|  0%| F|  |TAMS 0x0000000089500000, 0x0000000089500000| Untracked 
| 150|0x0000000089600000, 0x0000000089600000, 0x0000000089700000|  0%| F|  |TAMS 0x0000000089600000, 0x0000000089600000| Untracked 
| 151|0x0000000089700000, 0x0000000089700000, 0x0000000089800000|  0%| F|  |TAMS 0x0000000089700000, 0x0000000089700000| Untracked 
| 152|0x0000000089800000, 0x0000000089800000, 0x0000000089900000|  0%| F|  |TAMS 0x0000000089800000, 0x0000000089800000| Untracked 
| 153|0x0000000089900000, 0x0000000089900000, 0x0000000089a00000|  0%| F|  |TAMS 0x0000000089900000, 0x0000000089900000| Untracked 
| 154|0x0000000089a00000, 0x0000000089b00000, 0x0000000089b00000|100%| S|CS|TAMS 0x0000000089a00000, 0x0000000089a00000| Complete 
| 155|0x0000000089b00000, 0x0000000089c00000, 0x0000000089c00000|100%| S|CS|TAMS 0x0000000089b00000, 0x0000000089b00000| Complete 
| 156|0x0000000089c00000, 0x0000000089d00000, 0x0000000089d00000|100%| S|CS|TAMS 0x0000000089c00000, 0x0000000089c00000| Complete 
| 157|0x0000000089d00000, 0x0000000089e00000, 0x0000000089e00000|100%| S|CS|TAMS 0x0000000089d00000, 0x0000000089d00000| Complete 
| 158|0x0000000089e00000, 0x0000000089e00000, 0x0000000089f00000|  0%| F|  |TAMS 0x0000000089e00000, 0x0000000089e00000| Untracked 
| 159|0x0000000089f00000, 0x0000000089f00000, 0x000000008a000000|  0%| F|  |TAMS 0x0000000089f00000, 0x0000000089f00000| Untracked 
| 160|0x000000008a000000, 0x000000008a000000, 0x000000008a100000|  0%| F|  |TAMS 0x000000008a000000, 0x000000008a000000| Untracked 
| 161|0x000000008a100000, 0x000000008a100000, 0x000000008a200000|  0%| F|  |TAMS 0x000000008a100000, 0x000000008a100000| Untracked 
| 162|0x000000008a200000, 0x000000008a200000, 0x000000008a300000|  0%| F|  |TAMS 0x000000008a200000, 0x000000008a200000| Untracked 
| 163|0x000000008a300000, 0x000000008a300000, 0x000000008a400000|  0%| F|  |TAMS 0x000000008a300000, 0x000000008a300000| Untracked 
| 164|0x000000008a400000, 0x000000008a400000, 0x000000008a500000|  0%| F|  |TAMS 0x000000008a400000, 0x000000008a400000| Untracked 
| 165|0x000000008a500000, 0x000000008a500000, 0x000000008a600000|  0%| F|  |TAMS 0x000000008a500000, 0x000000008a500000| Untracked 
| 166|0x000000008a600000, 0x000000008a600000, 0x000000008a700000|  0%| F|  |TAMS 0x000000008a600000, 0x000000008a600000| Untracked 
| 167|0x000000008a700000, 0x000000008a700000, 0x000000008a800000|  0%| F|  |TAMS 0x000000008a700000, 0x000000008a700000| Untracked 
| 168|0x000000008a800000, 0x000000008a800000, 0x000000008a900000|  0%| F|  |TAMS 0x000000008a800000, 0x000000008a800000| Untracked 
| 169|0x000000008a900000, 0x000000008a900000, 0x000000008aa00000|  0%| F|  |TAMS 0x000000008a900000, 0x000000008a900000| Untracked 
| 170|0x000000008aa00000, 0x000000008aa00000, 0x000000008ab00000|  0%| F|  |TAMS 0x000000008aa00000, 0x000000008aa00000| Untracked 
| 171|0x000000008ab00000, 0x000000008ab00000, 0x000000008ac00000|  0%| F|  |TAMS 0x000000008ab00000, 0x000000008ab00000| Untracked 
| 172|0x000000008ac00000, 0x000000008ac00000, 0x000000008ad00000|  0%| F|  |TAMS 0x000000008ac00000, 0x000000008ac00000| Untracked 
| 173|0x000000008ad00000, 0x000000008ad00000, 0x000000008ae00000|  0%| F|  |TAMS 0x000000008ad00000, 0x000000008ad00000| Untracked 
| 174|0x000000008ae00000, 0x000000008ae00000, 0x000000008af00000|  0%| F|  |TAMS 0x000000008ae00000, 0x000000008ae00000| Untracked 
| 175|0x000000008af00000, 0x000000008af00000, 0x000000008b000000|  0%| F|  |TAMS 0x000000008af00000, 0x000000008af00000| Untracked 
| 176|0x000000008b000000, 0x000000008b000000, 0x000000008b100000|  0%| F|  |TAMS 0x000000008b000000, 0x000000008b000000| Untracked 
| 177|0x000000008b100000, 0x000000008b100000, 0x000000008b200000|  0%| F|  |TAMS 0x000000008b100000, 0x000000008b100000| Untracked 
| 178|0x000000008b200000, 0x000000008b200000, 0x000000008b300000|  0%| F|  |TAMS 0x000000008b200000, 0x000000008b200000| Untracked 
| 179|0x000000008b300000, 0x000000008b300000, 0x000000008b400000|  0%| F|  |TAMS 0x000000008b300000, 0x000000008b300000| Untracked 
| 180|0x000000008b400000, 0x000000008b400000, 0x000000008b500000|  0%| F|  |TAMS 0x000000008b400000, 0x000000008b400000| Untracked 
| 181|0x000000008b500000, 0x000000008b500000, 0x000000008b600000|  0%| F|  |TAMS 0x000000008b500000, 0x000000008b500000| Untracked 
| 182|0x000000008b600000, 0x000000008b600000, 0x000000008b700000|  0%| F|  |TAMS 0x000000008b600000, 0x000000008b600000| Untracked 
| 183|0x000000008b700000, 0x000000008b700000, 0x000000008b800000|  0%| F|  |TAMS 0x000000008b700000, 0x000000008b700000| Untracked 
| 184|0x000000008b800000, 0x000000008b800000, 0x000000008b900000|  0%| F|  |TAMS 0x000000008b800000, 0x000000008b800000| Untracked 
| 185|0x000000008b900000, 0x000000008b900000, 0x000000008ba00000|  0%| F|  |TAMS 0x000000008b900000, 0x000000008b900000| Untracked 
| 186|0x000000008ba00000, 0x000000008ba00000, 0x000000008bb00000|  0%| F|  |TAMS 0x000000008ba00000, 0x000000008ba00000| Untracked 
| 187|0x000000008bb00000, 0x000000008bb00000, 0x000000008bc00000|  0%| F|  |TAMS 0x000000008bb00000, 0x000000008bb00000| Untracked 
| 188|0x000000008bc00000, 0x000000008bc00000, 0x000000008bd00000|  0%| F|  |TAMS 0x000000008bc00000, 0x000000008bc00000| Untracked 
| 189|0x000000008bd00000, 0x000000008bd00000, 0x000000008be00000|  0%| F|  |TAMS 0x000000008bd00000, 0x000000008bd00000| Untracked 
| 190|0x000000008be00000, 0x000000008be00000, 0x000000008bf00000|  0%| F|  |TAMS 0x000000008be00000, 0x000000008be00000| Untracked 
| 191|0x000000008bf00000, 0x000000008bf00000, 0x000000008c000000|  0%| F|  |TAMS 0x000000008bf00000, 0x000000008bf00000| Untracked 
| 192|0x000000008c000000, 0x000000008c000000, 0x000000008c100000|  0%| F|  |TAMS 0x000000008c000000, 0x000000008c000000| Untracked 
| 193|0x000000008c100000, 0x000000008c100000, 0x000000008c200000|  0%| F|  |TAMS 0x000000008c100000, 0x000000008c100000| Untracked 
| 194|0x000000008c200000, 0x000000008c200000, 0x000000008c300000|  0%| F|  |TAMS 0x000000008c200000, 0x000000008c200000| Untracked 
| 195|0x000000008c300000, 0x000000008c300000, 0x000000008c400000|  0%| F|  |TAMS 0x000000008c300000, 0x000000008c300000| Untracked 
| 196|0x000000008c400000, 0x000000008c400000, 0x000000008c500000|  0%| F|  |TAMS 0x000000008c400000, 0x000000008c400000| Untracked 
| 197|0x000000008c500000, 0x000000008c500000, 0x000000008c600000|  0%| F|  |TAMS 0x000000008c500000, 0x000000008c500000| Untracked 
| 198|0x000000008c600000, 0x000000008c600000, 0x000000008c700000|  0%| F|  |TAMS 0x000000008c600000, 0x000000008c600000| Untracked 
| 199|0x000000008c700000, 0x000000008c700000, 0x000000008c800000|  0%| F|  |TAMS 0x000000008c700000, 0x000000008c700000| Untracked 
| 200|0x000000008c800000, 0x000000008c800000, 0x000000008c900000|  0%| F|  |TAMS 0x000000008c800000, 0x000000008c800000| Untracked 
| 201|0x000000008c900000, 0x000000008c900000, 0x000000008ca00000|  0%| F|  |TAMS 0x000000008c900000, 0x000000008c900000| Untracked 
| 202|0x000000008ca00000, 0x000000008ca00000, 0x000000008cb00000|  0%| F|  |TAMS 0x000000008ca00000, 0x000000008ca00000| Untracked 
| 203|0x000000008cb00000, 0x000000008cb00000, 0x000000008cc00000|  0%| F|  |TAMS 0x000000008cb00000, 0x000000008cb00000| Untracked 
| 204|0x000000008cc00000, 0x000000008cc00000, 0x000000008cd00000|  0%| F|  |TAMS 0x000000008cc00000, 0x000000008cc00000| Untracked 
| 205|0x000000008cd00000, 0x000000008cd00000, 0x000000008ce00000|  0%| F|  |TAMS 0x000000008cd00000, 0x000000008cd00000| Untracked 
| 206|0x000000008ce00000, 0x000000008ce00000, 0x000000008cf00000|  0%| F|  |TAMS 0x000000008ce00000, 0x000000008ce00000| Untracked 
| 207|0x000000008cf00000, 0x000000008cf00000, 0x000000008d000000|  0%| F|  |TAMS 0x000000008cf00000, 0x000000008cf00000| Untracked 
| 208|0x000000008d000000, 0x000000008d000000, 0x000000008d100000|  0%| F|  |TAMS 0x000000008d000000, 0x000000008d000000| Untracked 
| 209|0x000000008d100000, 0x000000008d100000, 0x000000008d200000|  0%| F|  |TAMS 0x000000008d100000, 0x000000008d100000| Untracked 
| 210|0x000000008d200000, 0x000000008d200000, 0x000000008d300000|  0%| F|  |TAMS 0x000000008d200000, 0x000000008d200000| Untracked 
| 211|0x000000008d300000, 0x000000008d300000, 0x000000008d400000|  0%| F|  |TAMS 0x000000008d300000, 0x000000008d300000| Untracked 
| 212|0x000000008d400000, 0x000000008d400000, 0x000000008d500000|  0%| F|  |TAMS 0x000000008d400000, 0x000000008d400000| Untracked 
| 213|0x000000008d500000, 0x000000008d500000, 0x000000008d600000|  0%| F|  |TAMS 0x000000008d500000, 0x000000008d500000| Untracked 
| 214|0x000000008d600000, 0x000000008d600000, 0x000000008d700000|  0%| F|  |TAMS 0x000000008d600000, 0x000000008d600000| Untracked 
| 215|0x000000008d700000, 0x000000008d700000, 0x000000008d800000|  0%| F|  |TAMS 0x000000008d700000, 0x000000008d700000| Untracked 
| 216|0x000000008d800000, 0x000000008d800000, 0x000000008d900000|  0%| F|  |TAMS 0x000000008d800000, 0x000000008d800000| Untracked 
| 217|0x000000008d900000, 0x000000008d900000, 0x000000008da00000|  0%| F|  |TAMS 0x000000008d900000, 0x000000008d900000| Untracked 
| 218|0x000000008da00000, 0x000000008da00000, 0x000000008db00000|  0%| F|  |TAMS 0x000000008da00000, 0x000000008da00000| Untracked 
| 219|0x000000008db00000, 0x000000008db00000, 0x000000008dc00000|  0%| F|  |TAMS 0x000000008db00000, 0x000000008db00000| Untracked 
| 220|0x000000008dc00000, 0x000000008dc00000, 0x000000008dd00000|  0%| F|  |TAMS 0x000000008dc00000, 0x000000008dc00000| Untracked 
| 221|0x000000008dd00000, 0x000000008dd00000, 0x000000008de00000|  0%| F|  |TAMS 0x000000008dd00000, 0x000000008dd00000| Untracked 
| 222|0x000000008de00000, 0x000000008de00000, 0x000000008df00000|  0%| F|  |TAMS 0x000000008de00000, 0x000000008de00000| Untracked 
| 223|0x000000008df00000, 0x000000008df00000, 0x000000008e000000|  0%| F|  |TAMS 0x000000008df00000, 0x000000008df00000| Untracked 
| 224|0x000000008e000000, 0x000000008e000000, 0x000000008e100000|  0%| F|  |TAMS 0x000000008e000000, 0x000000008e000000| Untracked 
| 225|0x000000008e100000, 0x000000008e100000, 0x000000008e200000|  0%| F|  |TAMS 0x000000008e100000, 0x000000008e100000| Untracked 
| 226|0x000000008e200000, 0x000000008e200000, 0x000000008e300000|  0%| F|  |TAMS 0x000000008e200000, 0x000000008e200000| Untracked 
| 227|0x000000008e300000, 0x000000008e300000, 0x000000008e400000|  0%| F|  |TAMS 0x000000008e300000, 0x000000008e300000| Untracked 
| 228|0x000000008e400000, 0x000000008e400000, 0x000000008e500000|  0%| F|  |TAMS 0x000000008e400000, 0x000000008e400000| Untracked 
| 229|0x000000008e500000, 0x000000008e500000, 0x000000008e600000|  0%| F|  |TAMS 0x000000008e500000, 0x000000008e500000| Untracked 
| 230|0x000000008e600000, 0x000000008e600000, 0x000000008e700000|  0%| F|  |TAMS 0x000000008e600000, 0x000000008e600000| Untracked 
| 231|0x000000008e700000, 0x000000008e700000, 0x000000008e800000|  0%| F|  |TAMS 0x000000008e700000, 0x000000008e700000| Untracked 
| 232|0x000000008e800000, 0x000000008e800000, 0x000000008e900000|  0%| F|  |TAMS 0x000000008e800000, 0x000000008e800000| Untracked 
| 233|0x000000008e900000, 0x000000008e900000, 0x000000008ea00000|  0%| F|  |TAMS 0x000000008e900000, 0x000000008e900000| Untracked 
| 234|0x000000008ea00000, 0x000000008ea00000, 0x000000008eb00000|  0%| F|  |TAMS 0x000000008ea00000, 0x000000008ea00000| Untracked 
| 235|0x000000008eb00000, 0x000000008eb00000, 0x000000008ec00000|  0%| F|  |TAMS 0x000000008eb00000, 0x000000008eb00000| Untracked 
| 236|0x000000008ec00000, 0x000000008ec00000, 0x000000008ed00000|  0%| F|  |TAMS 0x000000008ec00000, 0x000000008ec00000| Untracked 
| 237|0x000000008ed00000, 0x000000008ed00000, 0x000000008ee00000|  0%| F|  |TAMS 0x000000008ed00000, 0x000000008ed00000| Untracked 
| 238|0x000000008ee00000, 0x000000008ee00000, 0x000000008ef00000|  0%| F|  |TAMS 0x000000008ee00000, 0x000000008ee00000| Untracked 
| 239|0x000000008ef00000, 0x000000008ef00000, 0x000000008f000000|  0%| F|  |TAMS 0x000000008ef00000, 0x000000008ef00000| Untracked 
| 240|0x000000008f000000, 0x000000008f000000, 0x000000008f100000|  0%| F|  |TAMS 0x000000008f000000, 0x000000008f000000| Untracked 
| 241|0x000000008f100000, 0x000000008f100000, 0x000000008f200000|  0%| F|  |TAMS 0x000000008f100000, 0x000000008f100000| Untracked 
| 242|0x000000008f200000, 0x000000008f200000, 0x000000008f300000|  0%| F|  |TAMS 0x000000008f200000, 0x000000008f200000| Untracked 
| 243|0x000000008f300000, 0x000000008f300000, 0x000000008f400000|  0%| F|  |TAMS 0x000000008f300000, 0x000000008f300000| Untracked 
| 244|0x000000008f400000, 0x000000008f400000, 0x000000008f500000|  0%| F|  |TAMS 0x000000008f400000, 0x000000008f400000| Untracked 
| 245|0x000000008f500000, 0x000000008f500000, 0x000000008f600000|  0%| F|  |TAMS 0x000000008f500000, 0x000000008f500000| Untracked 
| 246|0x000000008f600000, 0x000000008f600000, 0x000000008f700000|  0%| F|  |TAMS 0x000000008f600000, 0x000000008f600000| Untracked 
| 247|0x000000008f700000, 0x000000008f700000, 0x000000008f800000|  0%| F|  |TAMS 0x000000008f700000, 0x000000008f700000| Untracked 
| 248|0x000000008f800000, 0x000000008f800000, 0x000000008f900000|  0%| F|  |TAMS 0x000000008f800000, 0x000000008f800000| Untracked 
| 249|0x000000008f900000, 0x000000008f900000, 0x000000008fa00000|  0%| F|  |TAMS 0x000000008f900000, 0x000000008f900000| Untracked 
| 250|0x000000008fa00000, 0x000000008fa00000, 0x000000008fb00000|  0%| F|  |TAMS 0x000000008fa00000, 0x000000008fa00000| Untracked 
| 251|0x000000008fb00000, 0x000000008fb00000, 0x000000008fc00000|  0%| F|  |TAMS 0x000000008fb00000, 0x000000008fb00000| Untracked 
| 252|0x000000008fc00000, 0x000000008fc00000, 0x000000008fd00000|  0%| F|  |TAMS 0x000000008fc00000, 0x000000008fc00000| Untracked 
| 253|0x000000008fd00000, 0x000000008fd00000, 0x000000008fe00000|  0%| F|  |TAMS 0x000000008fd00000, 0x000000008fd00000| Untracked 
| 254|0x000000008fe00000, 0x000000008fe00000, 0x000000008ff00000|  0%| F|  |TAMS 0x000000008fe00000, 0x000000008fe00000| Untracked 
| 255|0x000000008ff00000, 0x000000008ff00000, 0x0000000090000000|  0%| F|  |TAMS 0x000000008ff00000, 0x000000008ff00000| Untracked 
| 256|0x0000000090000000, 0x0000000090000000, 0x0000000090100000|  0%| F|  |TAMS 0x0000000090000000, 0x0000000090000000| Untracked 
| 257|0x0000000090100000, 0x0000000090100000, 0x0000000090200000|  0%| F|  |TAMS 0x0000000090100000, 0x0000000090100000| Untracked 
| 258|0x0000000090200000, 0x0000000090200000, 0x0000000090300000|  0%| F|  |TAMS 0x0000000090200000, 0x0000000090200000| Untracked 
| 259|0x0000000090300000, 0x0000000090300000, 0x0000000090400000|  0%| F|  |TAMS 0x0000000090300000, 0x0000000090300000| Untracked 
| 260|0x0000000090400000, 0x0000000090400000, 0x0000000090500000|  0%| F|  |TAMS 0x0000000090400000, 0x0000000090400000| Untracked 
| 261|0x0000000090500000, 0x0000000090500000, 0x0000000090600000|  0%| F|  |TAMS 0x0000000090500000, 0x0000000090500000| Untracked 
| 262|0x0000000090600000, 0x0000000090600000, 0x0000000090700000|  0%| F|  |TAMS 0x0000000090600000, 0x0000000090600000| Untracked 
| 263|0x0000000090700000, 0x0000000090700000, 0x0000000090800000|  0%| F|  |TAMS 0x0000000090700000, 0x0000000090700000| Untracked 
| 264|0x0000000090800000, 0x0000000090800000, 0x0000000090900000|  0%| F|  |TAMS 0x0000000090800000, 0x0000000090800000| Untracked 
| 265|0x0000000090900000, 0x0000000090900000, 0x0000000090a00000|  0%| F|  |TAMS 0x0000000090900000, 0x0000000090900000| Untracked 
| 266|0x0000000090a00000, 0x0000000090a00000, 0x0000000090b00000|  0%| F|  |TAMS 0x0000000090a00000, 0x0000000090a00000| Untracked 
| 267|0x0000000090b00000, 0x0000000090b00000, 0x0000000090c00000|  0%| F|  |TAMS 0x0000000090b00000, 0x0000000090b00000| Untracked 
| 268|0x0000000090c00000, 0x0000000090c00000, 0x0000000090d00000|  0%| F|  |TAMS 0x0000000090c00000, 0x0000000090c00000| Untracked 
| 269|0x0000000090d00000, 0x0000000090d00000, 0x0000000090e00000|  0%| F|  |TAMS 0x0000000090d00000, 0x0000000090d00000| Untracked 
| 270|0x0000000090e00000, 0x0000000090e00000, 0x0000000090f00000|  0%| F|  |TAMS 0x0000000090e00000, 0x0000000090e00000| Untracked 
| 271|0x0000000090f00000, 0x0000000090f00000, 0x0000000091000000|  0%| F|  |TAMS 0x0000000090f00000, 0x0000000090f00000| Untracked 
| 272|0x0000000091000000, 0x0000000091000000, 0x0000000091100000|  0%| F|  |TAMS 0x0000000091000000, 0x0000000091000000| Untracked 
| 273|0x0000000091100000, 0x0000000091100000, 0x0000000091200000|  0%| F|  |TAMS 0x0000000091100000, 0x0000000091100000| Untracked 
| 274|0x0000000091200000, 0x0000000091200000, 0x0000000091300000|  0%| F|  |TAMS 0x0000000091200000, 0x0000000091200000| Untracked 

Card table byte_map: [0x000002a5f9540000,0x000002a5f9940000] _byte_map_base: 0x000002a5f9140000

Marking Bits (Prev, Next): (CMBitMap*) 0x000002a5f3abe068, (CMBitMap*) 0x000002a5f3abe0a0
 Prev Bits: [0x000002a5f9d40000, 0x000002a5fbd40000)
 Next Bits: [0x000002a5fbd40000, 0x000002a5fdd40000)

Polling page: 0x000002a5f1970000

Metaspace:

Usage:
  Non-class:     69.40 MB capacity,    67.37 MB ( 97%) used,     1.71 MB (  2%) free+waste,   317.50 KB ( <1%) overhead. 
      Class:     10.46 MB capacity,     9.34 MB ( 89%) used,   999.59 KB (  9%) free+waste,   142.00 KB (  1%) overhead. 
       Both:     79.85 MB capacity,    76.72 MB ( 96%) used,     2.69 MB (  3%) free+waste,   459.50 KB ( <1%) overhead. 

Virtual space:
  Non-class space:       70.00 MB reserved,      69.42 MB (>99%) committed 
      Class space:        1.00 GB reserved,      10.50 MB (  1%) committed 
             Both:        1.07 GB reserved,      79.92 MB (  7%) committed 

Chunk freelists:
   Non-Class:  22.00 KB
       Class:  0 bytes
        Both:  22.00 KB

MaxMetaspaceSize: 17179869184.00 GB
CompressedClassSpaceSize: 1.00 GB
Initial GC threshold: 20.80 MB
Current GC threshold: 116.74 MB
CDS: off

CodeHeap 'non-profiled nmethods': size=120064Kb used=5686Kb max_used=5686Kb free=114378Kb
 bounds [0x000002a587ac0000, 0x000002a588050000, 0x000002a58f000000]
CodeHeap 'profiled nmethods': size=120000Kb used=24200Kb max_used=24200Kb free=95799Kb
 bounds [0x000002a580590000, 0x000002a581d40000, 0x000002a587ac0000]
CodeHeap 'non-nmethods': size=5696Kb used=1348Kb max_used=1403Kb free=4348Kb
 bounds [0x000002a580000000, 0x000002a580270000, 0x000002a580590000]
 total_blobs=10360 nmethods=9725 adapters=546
 compilation: enabled
              stopped_count=0, restarted_count=0
 full_count=0

Compilation events (20 events):
Event: 35.925 Thread 0x000002a58f1ca800 nmethod 9837 0x000002a58804c890 code [0x000002a58804ca20, 0x000002a58804caf8]
Event: 35.925 Thread 0x000002a58f1ca800 9821       4       org.eclipse.jdt.internal.compiler.lookup.SourceTypeBinding::kind (31 bytes)
Event: 35.925 Thread 0x000002a58f1ca800 nmethod 9821 0x000002a58804cc10 code [0x000002a58804cda0, 0x000002a58804ce38]
Event: 35.925 Thread 0x000002a58f1ca800 9808       4       org.eclipse.jdt.internal.compiler.lookup.MethodBinding::isPrivate (13 bytes)
Event: 35.926 Thread 0x000002a58f1ca800 nmethod 9808 0x000002a58804cf10 code [0x000002a58804d0a0, 0x000002a58804d118]
Event: 35.926 Thread 0x000002a58f1ca800 9860       4       org.sonar.java.model.statement.ReturnStatementTreeImpl::kind (4 bytes)
Event: 35.926 Thread 0x000002a58f1ca800 nmethod 9860 0x000002a58804d210 code [0x000002a58804d3a0, 0x000002a58804d418]
Event: 35.926 Thread 0x000002a58f1ca800 9866       4       org.sonar.java.model.expression.NewArrayTreeImpl::kind (4 bytes)
Event: 35.927 Thread 0x000002a58f1ca800 nmethod 9866 0x000002a58804d510 code [0x000002a58804d6a0, 0x000002a58804d718]
Event: 35.927 Thread 0x000002a58f1ca800 9867       4       org.eclipse.jdt.internal.compiler.lookup.ReferenceBinding::isCompatibleWith (139 bytes)
Event: 35.930 Thread 0x000002a58f1cf000 9868       3       org.eclipse.jdt.internal.compiler.lookup.ModuleBinding$UnNamedModule::getAllRequiredModules (4 bytes)
Event: 35.930 Thread 0x000002a58f1cf000 nmethod 9868 0x000002a581d2e610 code [0x000002a581d2e7c0, 0x000002a581d2e8d8]
Event: 35.937 Thread 0x000002a58f1cf000 9869       3       org.sonar.java.se.checks.MinMaxRangeCheck::checkPostStatement (111 bytes)
Event: 35.938 Thread 0x000002a58f1cf000 nmethod 9869 0x000002a581d2e990 code [0x000002a581d2eca0, 0x000002a581d2fd98]
Event: 35.984 Thread 0x000002a58f1cf000 9873   !   3       org.eclipse.jdt.internal.compiler.lookup.FieldBinding::getAnnotationTagBits (175 bytes)
Event: 35.985 Thread 0x000002a58f1cf000 nmethod 9873 0x000002a581d30310 code [0x000002a581d30540, 0x000002a581d31108]
Event: 35.985 Thread 0x000002a58f1cf000 9874       2       org.sonar.java.se.ProgramState::lambda$learnedAssociations$7 (26 bytes)
Event: 35.986 Thread 0x000002a58f1cf000 nmethod 9874 0x000002a581d31490 code [0x000002a581d31660, 0x000002a581d31938]
Event: 35.986 Thread 0x000002a58f1cf000 9875       2       org.sonar.java.se.ProgramState$$Lambda$1267/0x0000000100a58c40::accept (20 bytes)
Event: 35.986 Thread 0x000002a58f1cf000 nmethod 9875 0x000002a581d31b10 code [0x000002a581d31d00, 0x000002a581d32098]

GC Heap History (20 events):
Event: 26.552 GC heap after
{Heap after GC invocations=21 (full 0):
 garbage-first heap   total 227328K, used 65930K [0x0000000080000000, 0x0000000100000000)
  region size 1024K, 2 young (2048K), 2 survivors (2048K)
 Metaspace       used 77268K, capacity 80358K, committed 80556K, reserved 1120256K
  class space    used 9501K, capacity 10631K, committed 10752K, reserved 1048576K
}
Event: 26.822 GC heap before
{Heap before GC invocations=21 (full 0):
 garbage-first heap   total 227328K, used 167306K [0x0000000080000000, 0x0000000100000000)
  region size 1024K, 101 young (103424K), 2 survivors (2048K)
 Metaspace       used 77268K, capacity 80358K, committed 80556K, reserved 1120256K
  class space    used 9501K, capacity 10631K, committed 10752K, reserved 1048576K
}
Event: 26.842 GC heap after
{Heap after GC invocations=22 (full 0):
 garbage-first heap   total 227328K, used 66868K [0x0000000080000000, 0x0000000100000000)
  region size 1024K, 3 young (3072K), 3 survivors (3072K)
 Metaspace       used 77268K, capacity 80358K, committed 80556K, reserved 1120256K
  class space    used 9501K, capacity 10631K, committed 10752K, reserved 1048576K
}
Event: 28.668 GC heap before
{Heap before GC invocations=22 (full 0):
 garbage-first heap   total 227328K, used 171316K [0x0000000080000000, 0x0000000100000000)
  region size 1024K, 105 young (107520K), 3 survivors (3072K)
 Metaspace       used 77276K, capacity 80362K, committed 80556K, reserved 1120256K
  class space    used 9502K, capacity 10632K, committed 10752K, reserved 1048576K
}
Event: 28.733 GC heap after
{Heap after GC invocations=23 (full 0):
 garbage-first heap   total 227328K, used 83457K [0x0000000080000000, 0x0000000100000000)
  region size 1024K, 14 young (14336K), 14 survivors (14336K)
 Metaspace       used 77276K, capacity 80362K, committed 80556K, reserved 1120256K
  class space    used 9502K, capacity 10632K, committed 10752K, reserved 1048576K
}
Event: 29.014 GC heap before
{Heap before GC invocations=23 (full 0):
 garbage-first heap   total 227328K, used 173569K [0x0000000080000000, 0x0000000100000000)
  region size 1024K, 102 young (104448K), 14 survivors (14336K)
 Metaspace       used 77276K, capacity 80362K, committed 80556K, reserved 1120256K
  class space    used 9502K, capacity 10632K, committed 10752K, reserved 1048576K
}
Event: 29.071 GC heap after
{Heap after GC invocations=24 (full 0):
 garbage-first heap   total 227328K, used 85270K [0x0000000080000000, 0x0000000100000000)
  region size 1024K, 2 young (2048K), 2 survivors (2048K)
 Metaspace       used 77276K, capacity 80362K, committed 80556K, reserved 1120256K
  class space    used 9502K, capacity 10632K, committed 10752K, reserved 1048576K
}
Event: 29.300 GC heap before
{Heap before GC invocations=24 (full 0):
 garbage-first heap   total 227328K, used 176406K [0x0000000080000000, 0x0000000100000000)
  region size 1024K, 91 young (93184K), 2 survivors (2048K)
 Metaspace       used 77276K, capacity 80362K, committed 80556K, reserved 1120256K
  class space    used 9502K, capacity 10632K, committed 10752K, reserved 1048576K
}
Event: 29.315 GC heap after
{Heap after GC invocations=25 (full 0):
 garbage-first heap   total 281600K, used 85456K [0x0000000080000000, 0x0000000100000000)
  region size 1024K, 2 young (2048K), 2 survivors (2048K)
 Metaspace       used 77276K, capacity 80362K, committed 80556K, reserved 1120256K
  class space    used 9502K, capacity 10632K, committed 10752K, reserved 1048576K
}
Event: 29.659 GC heap before
{Heap before GC invocations=25 (full 0):
 garbage-first heap   total 281600K, used 202192K [0x0000000080000000, 0x0000000100000000)
  region size 1024K, 116 young (118784K), 2 survivors (2048K)
 Metaspace       used 77276K, capacity 80362K, committed 80556K, reserved 1120256K
  class space    used 9502K, capacity 10632K, committed 10752K, reserved 1048576K
}
Event: 29.676 GC heap after
{Heap after GC invocations=26 (full 0):
 garbage-first heap   total 281600K, used 86375K [0x0000000080000000, 0x0000000100000000)
  region size 1024K, 3 young (3072K), 3 survivors (3072K)
 Metaspace       used 77276K, capacity 80362K, committed 80556K, reserved 1120256K
  class space    used 9502K, capacity 10632K, committed 10752K, reserved 1048576K
}
Event: 30.752 GC heap before
{Heap before GC invocations=26 (full 0):
 garbage-first heap   total 281600K, used 208231K [0x0000000080000000, 0x0000000100000000)
  region size 1024K, 122 young (124928K), 3 survivors (3072K)
 Metaspace       used 77666K, capacity 80823K, committed 81068K, reserved 1120256K
  class space    used 9551K, capacity 10694K, committed 10752K, reserved 1048576K
}
Event: 30.783 GC heap after
{Heap after GC invocations=27 (full 0):
 garbage-first heap   total 281600K, used 88523K [0x0000000080000000, 0x0000000100000000)
  region size 1024K, 5 young (5120K), 5 survivors (5120K)
 Metaspace       used 77666K, capacity 80823K, committed 81068K, reserved 1120256K
  class space    used 9551K, capacity 10694K, committed 10752K, reserved 1048576K
}
Event: 33.420 GC heap before
{Heap before GC invocations=27 (full 0):
 garbage-first heap   total 281600K, used 215499K [0x0000000080000000, 0x0000000100000000)
  region size 1024K, 129 young (132096K), 5 survivors (5120K)
 Metaspace       used 78213K, capacity 81391K, committed 81580K, reserved 1120256K
  class space    used 9557K, capacity 10703K, committed 10752K, reserved 1048576K
}
Event: 33.479 GC heap after
{Heap after GC invocations=28 (full 0):
 garbage-first heap   total 281600K, used 101142K [0x0000000080000000, 0x0000000100000000)
  region size 1024K, 17 young (17408K), 17 survivors (17408K)
 Metaspace       used 78213K, capacity 81391K, committed 81580K, reserved 1120256K
  class space    used 9557K, capacity 10703K, committed 10752K, reserved 1048576K
}
Event: 33.887 GC heap before
{Heap before GC invocations=28 (full 0):
 garbage-first heap   total 281600K, used 220950K [0x0000000080000000, 0x0000000100000000)
  region size 1024K, 134 young (137216K), 17 survivors (17408K)
 Metaspace       used 78215K, capacity 81391K, committed 81580K, reserved 1120256K
  class space    used 9557K, capacity 10703K, committed 10752K, reserved 1048576K
}
Event: 33.954 GC heap after
{Heap after GC invocations=29 (full 0):
 garbage-first heap   total 281600K, used 104637K [0x0000000080000000, 0x0000000100000000)
  region size 1024K, 4 young (4096K), 4 survivors (4096K)
 Metaspace       used 78215K, capacity 81391K, committed 81580K, reserved 1120256K
  class space    used 9557K, capacity 10703K, committed 10752K, reserved 1048576K
}
Event: 34.484 GC heap before
{Heap before GC invocations=29 (full 0):
 garbage-first heap   total 281600K, used 224445K [0x0000000080000000, 0x0000000100000000)
  region size 1024K, 121 young (123904K), 4 survivors (4096K)
 Metaspace       used 78216K, capacity 81391K, committed 81580K, reserved 1120256K
  class space    used 9557K, capacity 10703K, committed 10752K, reserved 1048576K
}
Event: 34.510 GC heap after
{Heap after GC invocations=30 (full 0):
 garbage-first heap   total 281600K, used 108221K [0x0000000080000000, 0x0000000100000000)
  region size 1024K, 7 young (7168K), 7 survivors (7168K)
 Metaspace       used 78216K, capacity 81391K, committed 81580K, reserved 1120256K
  class space    used 9557K, capacity 10703K, committed 10752K, reserved 1048576K
}
Event: 36.014 GC heap before
{Heap before GC invocations=30 (full 0):
 garbage-first heap   total 281600K, used 228029K [0x0000000080000000, 0x0000000100000000)
  region size 1024K, 124 young (126976K), 7 survivors (7168K)
 Metaspace       used 78556K, capacity 81769K, committed 81836K, reserved 1120256K
  class space    used 9565K, capacity 10707K, committed 10752K, reserved 1048576K
}

Deoptimization events (20 events):
Event: 35.330 Thread 0x000002a5f3a7e800 DEOPT PACKING pc=0x000002a587eadb94 sp=0x000000b162dfc1c0
Event: 35.330 Thread 0x000002a5f3a7e800 DEOPT UNPACKING pc=0x000002a5800085af sp=0x000000b162dfc080 mode 2
Event: 35.433 Thread 0x000002a5f3a7e800 Uncommon trap: trap_request=0xffffffde fr.pc=0x000002a587f37888 relative=0x0000000000001348
Event: 35.433 Thread 0x000002a5f3a7e800 Uncommon trap: reason=class_check action=maybe_recompile pc=0x000002a587f37888 method=org.sonar.java.se.ProgramState.isVolatileField(Lorg/sonar/plugins/java/api/semantic/Symbol;)Z @ 8 c2
Event: 35.433 Thread 0x000002a5f3a7e800 DEOPT PACKING pc=0x000002a587f37888 sp=0x000000b162dfc3c0
Event: 35.433 Thread 0x000002a5f3a7e800 DEOPT UNPACKING pc=0x000002a5800085af sp=0x000000b162dfc330 mode 2
Event: 35.433 Thread 0x000002a5f3a7e800 Uncommon trap: trap_request=0xffffffde fr.pc=0x000002a587f29a50 relative=0x00000000000018d0
Event: 35.433 Thread 0x000002a5f3a7e800 Uncommon trap: reason=class_check action=maybe_recompile pc=0x000002a587f29a50 method=org.sonar.java.se.checks.MinMaxRangeCheck.checkPostStatement(Lorg/sonar/java/se/CheckerContext;Lorg/sonar/plugins/java/api/tree/Tree;)Lorg/sonar/java/se/ProgramState; @ 
Event: 35.433 Thread 0x000002a5f3a7e800 DEOPT PACKING pc=0x000002a587f29a50 sp=0x000000b162dfb8c0
Event: 35.433 Thread 0x000002a5f3a7e800 DEOPT UNPACKING pc=0x000002a5800085af sp=0x000000b162dfb8a0 mode 2
Event: 35.779 Thread 0x000002a5f3a7e800 DEOPT PACKING pc=0x000002a581a0cdae sp=0x000000b162dfc520
Event: 35.779 Thread 0x000002a5f3a7e800 DEOPT UNPACKING pc=0x000002a580049d0e sp=0x000000b162dfbb10 mode 0
Event: 35.935 Thread 0x000002a5f3a7e800 Uncommon trap: trap_request=0xffffff4d fr.pc=0x000002a587f297f4 relative=0x0000000000001674
Event: 35.935 Thread 0x000002a5f3a7e800 Uncommon trap: reason=unstable_if action=reinterpret pc=0x000002a587f297f4 method=org.sonar.java.se.checks.MinMaxRangeCheck.isConstant(Lorg/sonar/plugins/java/api/semantic/Symbol;)Z @ 15 c2
Event: 35.935 Thread 0x000002a5f3a7e800 DEOPT PACKING pc=0x000002a587f297f4 sp=0x000000b162dfbf40
Event: 35.935 Thread 0x000002a5f3a7e800 DEOPT UNPACKING pc=0x000002a5800085af sp=0x000000b162dfbde0 mode 2
Event: 35.984 Thread 0x000002a5f3a7e800 Uncommon trap: trap_request=0xffffffde fr.pc=0x000002a587eda9c0 relative=0x0000000000000540
Event: 35.984 Thread 0x000002a5f3a7e800 Uncommon trap: reason=class_check action=maybe_recompile pc=0x000002a587eda9c0 method=org.sonar.java.se.ProgramState.getValue(Lorg/sonar/plugins/java/api/semantic/Symbol;)Lorg/sonar/java/se/symbolicvalues/SymbolicValue; @ 5 c2
Event: 35.984 Thread 0x000002a5f3a7e800 DEOPT PACKING pc=0x000002a587eda9c0 sp=0x000000b162dfc1b0
Event: 35.984 Thread 0x000002a5f3a7e800 DEOPT UNPACKING pc=0x000002a5800085af sp=0x000000b162dfc090 mode 2

Classes redefined (0 events):
No events

Internal exceptions (20 events):
Event: 15.733 Thread 0x000002a5f3a7e800 Exception <a 'java/lang/NoSuchMethodError'{0x00000000886079d8}: 'java.lang.Object java.lang.invoke.DirectMethodHandle$Holder.newInvokeSpecial(java.lang.Object, java.lang.Object, java.lang.Object)'> (0x00000000886079d8) thrown at [./src/hotspot/share/interpreter/linkResolver.cpp, line 773]
Event: 16.856 Thread 0x000002a5f3a7e800 Exception <a 'java/lang/IncompatibleClassChangeError'{0x00000000862851f8}: Found class java.lang.Object, but interface was expected> (0x00000000862851f8) thrown at [./src/hotspot/share/interpreter/linkResolver.cpp, line 839]
Event: 18.130 Thread 0x000002a5f3a7e800 Exception <a 'java/lang/NoSuchMethodError'{0x000000008b63ebe8}: 'void java.lang.invoke.DirectMethodHandle$Holder.invokeSpecial(java.lang.Object, java.lang.Object, int)'> (0x000000008b63ebe8) thrown at [./src/hotspot/share/interpreter/linkResolver.cpp, line 773]
Event: 18.387 Thread 0x000002a5f3a7e800 Exception <a 'java/lang/NoSuchMethodError'{0x000000008afff7a0}: 'java.lang.Object java.lang.invoke.DirectMethodHandle$Holder.invokeStatic(java.lang.Object, java.lang.Object, java.lang.Object, java.lang.Object, java.lang.Object, java.lang.Object, java.lang.Object, java.lang.Object, java.lang.Object, java.lang.Object, java.lang.Object, java.lang.Object, java.lang.Object, java.lang.Object, java.lang.Object, int)'> (0x000000008afff7a0) thrown at [./src/hotspot/share/interpreter/linkResolver.cpp, line 773]
Event: 18.429 Thread 0x000002a5f3a7e800 Exception <a 'java/lang/NoSuchMethodError'{0x000000008aeb4e48}: 'java.lang.Object java.lang.invoke.DirectMethodHandle$Holder.invokeSpecial(java.lang.Object, java.lang.Object, java.lang.Object, int, java.lang.Object)'> (0x000000008aeb4e48) thrown at [./src/hotspot/share/interpreter/linkResolver.cpp, line 773]
Event: 18.430 Thread 0x000002a5f3a7e800 Exception <a 'java/lang/NoSuchMethodError'{0x000000008aebf098}: 'java.lang.Object java.lang.invoke.Invokers$Holder.linkToTargetMethod(java.lang.Object, int, java.lang.Object, java.lang.Object)'> (0x000000008aebf098) thrown at [./src/hotspot/share/interpreter/linkResolver.cpp, line 773]
Event: 18.738 Thread 0x000002a5f3a7e800 Implicit null exception at 0x000002a587d77cb9 to 0x000002a587d784a0
Event: 18.783 Thread 0x000002a5f3a7e800 Exception <a 'java/lang/NoSuchMethodError'{0x000000008a4edef8}: 'int java.lang.invoke.DirectMethodHandle$Holder.invokeInterface(java.lang.Object, java.lang.Object, java.lang.Object, java.lang.Object)'> (0x000000008a4edef8) thrown at [./src/hotspot/share/interpreter/linkResolver.cpp, line 773]
Event: 18.783 Thread 0x000002a5f3a7e800 Exception <a 'java/lang/IncompatibleClassChangeError'{0x000000008a4f1208}: Found class java.lang.Object, but interface was expected> (0x000000008a4f1208) thrown at [./src/hotspot/share/interpreter/linkResolver.cpp, line 839]
Event: 18.936 Thread 0x000002a5f3a7e800 Implicit null exception at 0x000002a587cead6e to 0x000002a587ceae20
Event: 18.953 Thread 0x000002a5f3a7e800 Exception <a 'java/lang/NoSuchMethodError'{0x0000000089f29c60}: 'java.lang.Object java.lang.invoke.DirectMethodHandle$Holder.invokeStatic(java.lang.Object, int, java.lang.Object)'> (0x0000000089f29c60) thrown at [./src/hotspot/share/interpreter/linkResolver.cpp, line 773]
Event: 18.999 Thread 0x000002a5f3a7e800 Exception <a 'java/lang/NoSuchMethodError'{0x0000000089d30a18}: 'java.lang.Object java.lang.invoke.DirectMethodHandle$Holder.invokeStaticInit(java.lang.Object, java.lang.Object, java.lang.Object, java.lang.Object)'> (0x0000000089d30a18) thrown at [./src/hotspot/share/interpreter/linkResolver.cpp, line 773]
Event: 19.097 Thread 0x000002a5f3a7e800 Implicit null exception at 0x000002a587b64d4f to 0x000002a587b651c4
Event: 19.102 Thread 0x000002a5f3a7e800 Exception <a 'java/lang/NoSuchMethodError'{0x0000000089951308}: 'void java.lang.invoke.DelegatingMethodHandle$Holder.delegate(java.lang.Object, java.lang.Object, int, java.lang.Object)'> (0x0000000089951308) thrown at [./src/hotspot/share/interpreter/linkResolver.cpp, line 773]
Event: 19.490 Thread 0x000002a5f3a7e800 Exception <a 'java/lang/NoSuchMethodError'{0x0000000088d3d7a8}: 'void java.lang.invoke.DirectMethodHandle$Holder.invokeSpecial(java.lang.Object, java.lang.Object, int, java.lang.Object)'> (0x0000000088d3d7a8) thrown at [./src/hotspot/share/interpreter/linkResolver.cpp, line 773]
Event: 19.546 Thread 0x000002a5f3a7e800 Implicit null exception at 0x000002a587dd8673 to 0x000002a587dd8a98
Event: 19.987 Thread 0x000002a5f3a7e800 Implicit null exception at 0x000002a587d854b4 to 0x000002a587d85554
Event: 22.052 Thread 0x000002a5f3a7e800 Implicit null exception at 0x000002a587e20bbf to 0x000002a587e23d3c
Event: 22.469 Thread 0x000002a5f3a7e800 Exception <a 'java/lang/NoSuchMethodError'{0x0000000087d7f150}: 'int java.lang.invoke.DirectMethodHandle$Holder.invokeStatic(java.lang.Object, java.lang.Object, java.lang.Object, int)'> (0x0000000087d7f150) thrown at [./src/hotspot/share/interpreter/linkResolver.cpp, line 773]
Event: 22.472 Thread 0x000002a5f3a7e800 Exception <a 'java/lang/NoSuchMethodError'{0x0000000087d86228}: 'java.lang.Object java.lang.invoke.DirectMethodHandle$Holder.invokeInterface(java.lang.Object, java.lang.Object, int)'> (0x0000000087d86228) thrown at [./src/hotspot/share/interpreter/linkResolver.cpp, line 773]

Events (20 events):
Event: 35.080 loading class org/sonar/plugins/java/api/tree/SyntaxToken done
Event: 35.080 loading class org/sonar/plugins/java/api/tree/VariableTree
Event: 35.080 loading class org/sonar/plugins/java/api/tree/VariableTree done
Event: 35.163 Executing VM operation: ICBufferFull
Event: 35.163 Executing VM operation: ICBufferFull done
Event: 35.170 Executing VM operation: RevokeBias
Event: 35.170 Executing VM operation: RevokeBias done
Event: 35.220 loading class org/sonar/java/model/statement/EmptyStatementTreeImpl
Event: 35.220 loading class org/sonar/java/model/statement/EmptyStatementTreeImpl done
Event: 35.664 loading class org/sonar/plugins/java/api/tree/Tree
Event: 35.664 loading class org/sonar/plugins/java/api/tree/Tree done
Event: 35.664 loading class org/sonar/java/reporting/JavaQuickFix
Event: 35.664 loading class org/sonar/java/reporting/JavaQuickFix done
Event: 35.664 loading class org/sonar/plugins/java/api/tree/Tree
Event: 35.664 loading class org/sonar/plugins/java/api/tree/Tree done
Event: 35.911 loading class org/sonar/plugins/java/api/tree/IdentifierTree
Event: 35.911 loading class org/sonar/plugins/java/api/tree/IdentifierTree done
Event: 35.914 loading class org/sonar/plugins/java/api/tree/IdentifierTree
Event: 35.914 loading class org/sonar/plugins/java/api/tree/IdentifierTree done
Event: 36.014 Executing VM operation: G1CollectForAllocation


Dynamic libraries:
0x00007ff6b82e0000 - 0x00007ff6b82ed000 	C:\Users\PenTester12\Downloads\sonar-scanner-cli-4.7.0.2747-windows\sonar-scanner-4.7.0.2747-windows\jre\bin\java.exe
0x00007ff9f4d20000 - 0x00007ff9f4f29000 	C:\Windows\SYSTEM32\ntdll.dll
0x00007ff9f3d70000 - 0x00007ff9f3e2d000 	C:\Windows\System32\KERNEL32.DLL
0x00007ff9f25b0000 - 0x00007ff9f292d000 	C:\Windows\System32\KERNELBASE.dll
0x00007ff9f2490000 - 0x00007ff9f25a1000 	C:\Windows\System32\ucrtbase.dll
0x00007ff9d2e00000 - 0x00007ff9d2e17000 	C:\Users\PenTester12\Downloads\sonar-scanner-cli-4.7.0.2747-windows\sonar-scanner-4.7.0.2747-windows\jre\bin\jli.dll
0x00007ff9f2e90000 - 0x00007ff9f303d000 	C:\Windows\System32\USER32.dll
0x00007ff9f2200000 - 0x00007ff9f2226000 	C:\Windows\System32\win32u.dll
0x00007ff9f3e30000 - 0x00007ff9f3e59000 	C:\Windows\System32\GDI32.dll
0x00007ff9f2a90000 - 0x00007ff9f2ba8000 	C:\Windows\System32\gdi32full.dll
0x00007ff9f29f0000 - 0x00007ff9f2a8d000 	C:\Windows\System32\msvcp_win.dll
0x00007ff9d2de0000 - 0x00007ff9d2df5000 	C:\Users\PenTester12\Downloads\sonar-scanner-cli-4.7.0.2747-windows\sonar-scanner-4.7.0.2747-windows\jre\bin\VCRUNTIME140.dll
0x00007ff9d5410000 - 0x00007ff9d56b5000 	C:\Windows\WinSxS\amd64_microsoft.windows.common-controls_6595b64144ccf1df_6.0.22000.120_none_9d947278b86cc467\COMCTL32.dll
0x00007ff9f3fe0000 - 0x00007ff9f4083000 	C:\Windows\System32\msvcrt.dll
0x00007ff9f49e0000 - 0x00007ff9f4a11000 	C:\Windows\System32\IMM32.DLL
0x00007ff9bbde0000 - 0x00007ff9bbe7b000 	C:\Users\PenTester12\Downloads\sonar-scanner-cli-4.7.0.2747-windows\sonar-scanner-4.7.0.2747-windows\jre\bin\msvcp140.dll
0x00007ff99fd40000 - 0x00007ff9a08c1000 	C:\Users\PenTester12\Downloads\sonar-scanner-cli-4.7.0.2747-windows\sonar-scanner-4.7.0.2747-windows\jre\bin\server\jvm.dll
0x00007ff9f3250000 - 0x00007ff9f32fe000 	C:\Windows\System32\ADVAPI32.dll
0x00007ff9f4180000 - 0x00007ff9f421e000 	C:\Windows\System32\sechost.dll
0x00007ff9f2c70000 - 0x00007ff9f2d90000 	C:\Windows\System32\RPCRT4.dll
0x00007ff9f36f0000 - 0x00007ff9f36f8000 	C:\Windows\System32\PSAPI.DLL
0x00007ff9ddf30000 - 0x00007ff9ddf39000 	C:\Windows\SYSTEM32\WSOCK32.dll
0x00007ff9f4a30000 - 0x00007ff9f4a9f000 	C:\Windows\System32\WS2_32.dll
0x00007ff9e02d0000 - 0x00007ff9e0303000 	C:\Windows\SYSTEM32\WINMM.dll
0x00007ff9ea5d0000 - 0x00007ff9ea5da000 	C:\Windows\SYSTEM32\VERSION.dll
0x00007ff9f12c0000 - 0x00007ff9f12d8000 	C:\Windows\SYSTEM32\kernel.appcore.dll
0x00007ff9d3300000 - 0x00007ff9d3310000 	C:\Users\PenTester12\Downloads\sonar-scanner-cli-4.7.0.2747-windows\sonar-scanner-4.7.0.2747-windows\jre\bin\verify.dll
0x00007ff9e66d0000 - 0x00007ff9e68f1000 	C:\Windows\SYSTEM32\DBGHELP.DLL
0x00007ff9e6690000 - 0x00007ff9e66c1000 	C:\Windows\SYSTEM32\dbgcore.DLL
0x00007ff9f22a0000 - 0x00007ff9f231f000 	C:\Windows\System32\bcryptPrimitives.dll
0x00007ff9cffb0000 - 0x00007ff9cffd8000 	C:\Users\PenTester12\Downloads\sonar-scanner-cli-4.7.0.2747-windows\sonar-scanner-4.7.0.2747-windows\jre\bin\java.dll
0x00007ff9d3160000 - 0x00007ff9d316a000 	C:\Users\PenTester12\Downloads\sonar-scanner-cli-4.7.0.2747-windows\sonar-scanner-4.7.0.2747-windows\jre\bin\jimage.dll
0x00007ff9cf4c0000 - 0x00007ff9cf4d8000 	C:\Users\PenTester12\Downloads\sonar-scanner-cli-4.7.0.2747-windows\sonar-scanner-4.7.0.2747-windows\jre\bin\zip.dll
0x00007ff9f4220000 - 0x00007ff9f49d8000 	C:\Windows\System32\SHELL32.dll
0x00007ff9f0330000 - 0x00007ff9f0b98000 	C:\Windows\SYSTEM32\windows.storage.dll
0x00007ff9f3370000 - 0x00007ff9f36e9000 	C:\Windows\System32\combase.dll
0x00007ff9f01c0000 - 0x00007ff9f0326000 	C:\Windows\SYSTEM32\wintypes.dll
0x00007ff9f3ef0000 - 0x00007ff9f3fda000 	C:\Windows\System32\SHCORE.dll
0x00007ff9f3d10000 - 0x00007ff9f3d6d000 	C:\Windows\System32\shlwapi.dll
0x00007ff9f2130000 - 0x00007ff9f2151000 	C:\Windows\SYSTEM32\profapi.dll
0x00007ff9cf4a0000 - 0x00007ff9cf4b9000 	C:\Users\PenTester12\Downloads\sonar-scanner-cli-4.7.0.2747-windows\sonar-scanner-4.7.0.2747-windows\jre\bin\net.dll
0x00007ff9ed6f0000 - 0x00007ff9ed7fc000 	C:\Windows\SYSTEM32\WINHTTP.dll
0x00007ff9f16e0000 - 0x00007ff9f1747000 	C:\Windows\system32\mswsock.dll
0x00007ff9cf480000 - 0x00007ff9cf493000 	C:\Users\PenTester12\Downloads\sonar-scanner-cli-4.7.0.2747-windows\sonar-scanner-4.7.0.2747-windows\jre\bin\nio.dll
0x00007ff9d2dd0000 - 0x00007ff9d2dde000 	C:\Users\PenTester12\Downloads\sonar-scanner-cli-4.7.0.2747-windows\sonar-scanner-4.7.0.2747-windows\jre\bin\sunmscapi.dll
0x00007ff9f2320000 - 0x00007ff9f2482000 	C:\Windows\System32\CRYPT32.dll
0x00007ff9f1ab0000 - 0x00007ff9f1ad8000 	C:\Windows\SYSTEM32\ncrypt.dll
0x00007ff9f1a70000 - 0x00007ff9f1aa7000 	C:\Windows\SYSTEM32\NTASN1.dll
0x00007ff9cf450000 - 0x00007ff9cf475000 	C:\Users\PenTester12\Downloads\sonar-scanner-cli-4.7.0.2747-windows\sonar-scanner-4.7.0.2747-windows\jre\bin\sunec.dll
0x00007ff9f19b0000 - 0x00007ff9f19c8000 	C:\Windows\SYSTEM32\CRYPTSP.dll
0x00007ff9f1220000 - 0x00007ff9f1255000 	C:\Windows\system32\rsaenh.dll
0x00007ff9f1780000 - 0x00007ff9f17a9000 	C:\Windows\SYSTEM32\USERENV.dll
0x00007ff9f1ae0000 - 0x00007ff9f1b07000 	C:\Windows\SYSTEM32\bcrypt.dll
0x00007ff9f18d0000 - 0x00007ff9f18dc000 	C:\Windows\SYSTEM32\CRYPTBASE.dll
0x00007ff9f0df0000 - 0x00007ff9f0e1d000 	C:\Windows\SYSTEM32\IPHLPAPI.DLL
0x00007ff9f3360000 - 0x00007ff9f3369000 	C:\Windows\System32\NSI.dll
0x00007ff9ed830000 - 0x00007ff9ed849000 	C:\Windows\SYSTEM32\dhcpcsvc6.DLL
0x00007ff9ed950000 - 0x00007ff9ed96e000 	C:\Windows\SYSTEM32\dhcpcsvc.DLL
0x00007ff9f0e20000 - 0x00007ff9f0f08000 	C:\Windows\SYSTEM32\DNSAPI.dll

dbghelp: loaded successfully - version: 4.0.5 - missing functions: none
symbol engine: initialized successfully - sym options: 0x614 - pdb path: .;C:\Users\PenTester12\Downloads\sonar-scanner-cli-4.7.0.2747-windows\sonar-scanner-4.7.0.2747-windows\jre\bin;C:\Windows\SYSTEM32;C:\Windows\WinSxS\amd64_microsoft.windows.common-controls_6595b64144ccf1df_6.0.22000.120_none_9d947278b86cc467;C:\Users\PenTester12\Downloads\sonar-scanner-cli-4.7.0.2747-windows\sonar-scanner-4.7.0.2747-windows\jre\bin\server

VM Arguments:
jvm_args: -Djava.awt.headless=true -Dscanner.home=C:\Users\PenTester12\Downloads\sonar-scanner-cli-4.7.0.2747-windows\sonar-scanner-4.7.0.2747-windows\bin\.. -Dproject.home=C:\Users\PenTester12\Downloads\securityProject\securityProject 
java_command: org.sonarsource.scanner.cli.Main -Dsonar.projectKey=Security-Project -Dsonar.sources=. -Dsonar.host.url=http://127.0.0.1:9000 -Dsonar.login=sqp_f126a0a56e42a30b8cd4e1f678ca8e9b2b5fbdc7 -Dsonar.java.binaries=.\build\classes\mainlibrary
java_class_path (initial): C:\Users\PenTester12\Downloads\sonar-scanner-cli-4.7.0.2747-windows\sonar-scanner-4.7.0.2747-windows\bin\..\lib\sonar-scanner-cli-4.7.0.2747.jar
Launcher Type: SUN_STANDARD

[Global flags]
     intx CICompilerCount                          = 2                                         {product} {ergonomic}
     uint ConcGCThreads                            = 1                                         {product} {ergonomic}
     uint G1ConcRefinementThreads                  = 2                                         {product} {ergonomic}
   size_t G1HeapRegionSize                         = 1048576                                   {product} {ergonomic}
    uintx GCDrainStackTargetSize                   = 64                                        {product} {ergonomic}
   size_t InitialHeapSize                          = 134217728                                 {product} {ergonomic}
   size_t MarkStackSize                            = 4194304                                   {product} {ergonomic}
   size_t MaxHeapSize                              = 2147483648                                {product} {ergonomic}
   size_t MaxNewSize                               = 1287651328                                {product} {ergonomic}
   size_t MinHeapDeltaBytes                        = 1048576                                   {product} {ergonomic}
    uintx NonNMethodCodeHeapSize                   = 5825164                                {pd product} {ergonomic}
    uintx NonProfiledCodeHeapSize                  = 122916538                              {pd product} {ergonomic}
    uintx ProfiledCodeHeapSize                     = 122916538                              {pd product} {ergonomic}
    uintx ReservedCodeCacheSize                    = 251658240                              {pd product} {ergonomic}
     bool SegmentedCodeCache                       = true                                      {product} {ergonomic}
     bool UseCompressedClassPointers               = true                                 {lp64_product} {ergonomic}
     bool UseCompressedOops                        = true                                 {lp64_product} {ergonomic}
     bool UseG1GC                                  = true                                      {product} {ergonomic}
     bool UseLargePagesIndividualAllocation        = false                                  {pd product} {ergonomic}

Logging:
Log output configuration:
 #0: stdout all=warning uptime,level,tags
 #1: stderr all=off uptime,level,tags

Environment Variables:
JAVA_HOME=C:\Users\PenTester12\Downloads\sonar-scanner-cli-4.7.0.2747-windows\sonar-scanner-4.7.0.2747-windows\bin\..\jre
PATH=C:\Program Files\Fortify\Fortify_SCA_and_Apps_19.1.0\bin;C:\Program Files\Eclipse Adoptium\jdk-17.0.4.8-hotspot\bin;C:\Program Files\Common Files\Oracle\Java\javapath;C:\Windows\system32;C:\Windows;C:\Windows\System32\Wbem;C:\Windows\System32\WindowsPowerShell\v1.0\;C:\Windows\System32\OpenSSH\;C:\Program Files\Docker\Docker\resources\bin;C:\ProgramData\DockerDesktop\version-bin;C:\Program Files\Go\bin;C:\Program Files\Git\cmd;C:\Users\PenTester12\Downloads\sonar-scanner-cli-4.7.0.2747-windows\sonar-scanner-4.7.0.2747-windows\bin;C:\Program Files\MySQL\MySQL Shell 8.0\bin\;C:\Users\PenTester12\AppData\Local\Microsoft\WindowsApps;C:\Users\PenTester12\go\bin;C:\Users\PenTester12\AppData\Local\Programs\Microsoft VS Code\bin
USERNAME=PenTester12
OS=Windows_NT
PROCESSOR_IDENTIFIER=Intel64 Family 6 Model 85 Stepping 7, GenuineIntel



---------------  S Y S T E M  ---------------

OS: Windows 11 , 64 bit Build 22000 (10.0.22000.708)
OS uptime: 0 days 2:03 hours
Hyper-V role detected

CPU:total 2 (initial active 2) (1 cores per cpu, 2 threads per core) family 6 model 85 stepping 7 microcode 0xffffffff, cmov, cx8, fxsr, mmx, sse, sse2, sse3, ssse3, sse4.1, sse4.2, popcnt, avx, avx2, aes, clmul, erms, rtm, 3dnowpref, lzcnt, ht, tsc, bmi1, bmi2, adx, evex, fma

Memory: 4k page, system-wide physical 8190M (1056M free)
TotalPageFile size 10238M (AvailPageFile size 67M)
current process WorkingSet (physical memory assigned to process): 473M, peak: 494M
current process commit charge ("private bytes"): 498M, peak: 617M

vm_info: OpenJDK 64-Bit Server VM (11.0.14.1+1) for windows-amd64 JRE (11.0.14.1+1), built on Feb  9 2022 01:48:27 by "" with unknown MS VC++:1916

END.
