#
# A fatal error has been detected by the Java Runtime Environment:
#
#  EXCEPTION_ACCESS_VIOLATION (0xc0000005) at pc=0x00007ff9ceeeb621, pid=9592, tid=14492
#
# JRE version: Java(TM) SE Runtime Environment (18.0.2+9) (build 18.0.2+9-61)
# Java VM: Java HotSpot(TM) 64-Bit Server VM (18.0.2+9-61, mixed mode, sharing, tiered, compressed oops, compressed class ptrs, g1 gc, windows-amd64)
# Problematic frame:
# C  [awt.dll+0xdb621]
#
# No core dump will be written. Minidumps are not enabled by default on client versions of Windows
#
# If you would like to submit a bug report, please visit:
#   https://bugreport.java.com/bugreport/crash.jsp
# The crash happened outside the Java Virtual Machine in native code.
# See problematic frame for where to report the bug.
#

---------------  S U M M A R Y ------------

Command Line: -Dfile.encoding=UTF-8 mainlibrary.MainLibrary

Host: Intel(R) Xeon(R) Platinum 8272CL CPU @ 2.60GHz, 2 cores, 7G,  Windows 11 , 64 bit Build 22000 (10.0.22000.708)
Time: Sat Aug 13 19:14:44 2022 India Standard Time elapsed time: 188.007132 seconds (0d 0h 3m 8s)

---------------  T H R E A D  ---------------

Current thread (0x000002dd2bf8b020):  JavaThread "AWT-Windows" daemon [_thread_in_native, id=14492, stack(0x000000de23600000,0x000000de23700000)]

Stack: [0x000000de23600000,0x000000de23700000],  sp=0x000000de236fed20,  free space=1019k
Native frames: (J=compiled Java code, j=interpreted, Vv=VM code, C=native code)
C  [awt.dll+0xdb621]

Java frames: (J=compiled Java code, j=interpreted, Vv=VM code)
j  sun.awt.windows.WToolkit.eventLoop()V+0 java.desktop@18.0.2
j  sun.awt.windows.WToolkit.run()V+50 java.desktop@18.0.2
j  java.lang.Thread.run()V+11 java.base@18.0.2
v  ~StubRoutines::call_stub

siginfo: EXCEPTION_ACCESS_VIOLATION (0xc0000005), reading address 0x0000000000000008


Register to memory mapping:

RIP=0x00007ff9ceeeb621 awt.dll
RAX=0x0 is NULL
RBX=0x000002dd30081910 points into unknown readable memory: 0x000002dd302ab4b0 | b0 b4 2a 30 dd 02 00 00
RCX=0x0 is NULL
RDX=0x0 is NULL
RSP=0x000000de236fed20 is pointing into the stack for thread: 0x000002dd2bf8b020
RBP=0x000000de236fee29 is pointing into the stack for thread: 0x000002dd2bf8b020
RSI=0x0000000019010463 is an unknown value
RDI=0x0 is NULL
R8 =0x0000000000000001 is an unknown value
R9 =0x000000de236fee29 is pointing into the stack for thread: 0x000002dd2bf8b020
R10=0x0 is NULL
R11=0x0000000000000246 is an unknown value
R12=0x0 is NULL
R13=0x0000000000000310 is an unknown value
R14=0x0 is NULL
R15=0x0 is NULL


Registers:
RAX=0x0000000000000000, RBX=0x000002dd30081910, RCX=0x0000000000000000, RDX=0x0000000000000000
RSP=0x000000de236fed20, RBP=0x000000de236fee29, RSI=0x0000000019010463, RDI=0x0000000000000000
R8 =0x0000000000000001, R9 =0x000000de236fee29, R10=0x0000000000000000, R11=0x0000000000000246
R12=0x0000000000000000, R13=0x0000000000000310, R14=0x0000000000000000, R15=0x0000000000000000
RIP=0x00007ff9ceeeb621, EFLAGS=0x0000000000010246

Top of Stack: (sp=0x000000de236fed20)
0x000000de236fed20:   00007ff9cef4a838 0000000019010463
0x000000de236fed30:   00009bd03ddddc7c 000000000000c1e0
0x000000de236fed40:   0000000000000000 00007ff9ceea775c
0x000000de236fed50:   0000000019010463 000002dd2f2ec240
0x000000de236fed60:   000002dd30081910 000002dd2f2ec240
0x000000de236fed70:   000002dd2f2ec240 00007ff9ceea7806
0x000000de236fed80:   00007ff9cee10000 0000000000000000
0x000000de236fed90:   0000000000000000 00007ff9cee26103
0x000000de236feda0:   000002dd2f2ec240 00007ff9ceea4b66
0x000000de236fedb0:   000002dd2f2ec240 0000000000000000
0x000000de236fedc0:   0000000000000000 0000000004380780
0x000000de236fedd0:   0000000000000000 00007ff9d54a48a8
0x000000de236fede0:   0000000000000001 00007ff9f4d5f527
0x000000de236fedf0:   0000000000000000 0000000080000022
0x000000de236fee00:   0000000000000000 0000000000000000
0x000000de236fee10:   000002dd2bf8b020 000002dd2bf8b2b0 

Instructions: (pc=0x00007ff9ceeeb621)
0x00007ff9ceeeb521:   83 ec 28 66 0f 6e c2 0f 5b c0 f3 0f 59 41 48 0f
0x00007ff9ceeeb531:   5a c8 f2 0f 10 05 75 46 03 00 f2 0f 5c 0d 95 46
0x00007ff9ceeeb541:   01 00 66 0f 2f c1 76 0a b8 00 00 00 80 48 83 c4
0x00007ff9ceeeb551:   28 c3 66 0f 2f 0d c5 8f 02 00 76 0a b8 ff ff ff
0x00007ff9ceeeb561:   7f 48 83 c4 28 c3 0f 28 c1 e8 77 0e 01 00 f2 0f
0x00007ff9ceeeb571:   2c c0 48 83 c4 28 c3 cc cc cc cc cc cc cc cc 48
0x00007ff9ceeeb581:   83 ec 28 66 0f 6e c2 0f 5b c0 f3 0f 59 41 4c 0f
0x00007ff9ceeeb591:   5a c8 f2 0f 10 05 15 46 03 00 f2 0f 5c 0d 35 46
0x00007ff9ceeeb5a1:   01 00 66 0f 2f c1 76 0a b8 00 00 00 80 48 83 c4
0x00007ff9ceeeb5b1:   28 c3 66 0f 2f 0d 65 8f 02 00 76 0a b8 ff ff ff
0x00007ff9ceeeb5c1:   7f 48 83 c4 28 c3 0f 28 c1 e8 17 0e 01 00 f2 0f
0x00007ff9ceeeb5d1:   2c c0 48 83 c4 28 c3 cc cc cc cc cc cc cc cc 48
0x00007ff9ceeeb5e1:   8b 49 08 48 85 c9 0f 85 c3 80 fe ff 33 c0 c3 48
0x00007ff9ceeeb5f1:   89 5c 24 08 48 89 74 24 10 57 48 83 ec 20 8b fa
0x00007ff9ceeeb601:   48 8b f1 e8 77 cf f4 ff 48 8b d8 48 89 44 24 40
0x00007ff9ceeeb611:   41 b8 01 00 00 00 8b d7 48 8b c8 e8 df ce f4 ff
0x00007ff9ceeeb621:   48 8b 48 08 48 85 c9 74 0d 48 8b d6 e8 7e 80 fe
0x00007ff9ceeeb631:   ff 48 8b f8 eb 02 33 ff 48 8b cb e8 3f d0 f4 ff
0x00007ff9ceeeb641:   90 48 8b c7 48 8b 5c 24 30 48 8b 74 24 38 48 83
0x00007ff9ceeeb651:   c4 20 5f c3 cc cc cc cc cc cc cc cc cc cc cc 48
0x00007ff9ceeeb661:   8b 01 89 10 c3 cc cc cc cc cc cc cc cc cc cc 40
0x00007ff9ceeeb671:   57 48 83 ec 40 48 83 79 38 00 48 8b f9 0f 84 96
0x00007ff9ceeeb681:   01 00 00 48 8b 0d 8d b7 06 00 ba 02 00 01 00 48
0x00007ff9ceeeb691:   89 5c 24 58 48 89 74 24 68 e8 8d f5 00 00 4c 8b
0x00007ff9ceeeb6a1:   05 e2 bc 06 00 48 8b c8 48 8b 57 38 48 8b d8 4c
0x00007ff9ceeeb6b1:   8b 08 41 ff 91 f8 02 00 00 48 8b f0 48 85 c0 0f
0x00007ff9ceeeb6c1:   84 4a 01 00 00 4c 8b 0b 48 8b d0 4c 8b 05 a5 bc
0x00007ff9ceeeb6d1:   06 00 48 8b cb 41 ff 91 00 01 00 00 84 c0 0f 84
0x00007ff9ceeeb6e1:   2b 01 00 00 48 8b 7f 08 48 8b d6 48 8b 03 48 8b
0x00007ff9ceeeb6f1:   cb 4c 8b 05 97 bc 06 00 48 81 c7 00 04 00 00 48
0x00007ff9ceeeb701:   89 6c 24 60 4c 89 64 24 38 ff 90 f8 02 00 00 4c
0x00007ff9ceeeb711:   8b 0b 48 8b d6 4c 8b 05 7b bc 06 00 48 8b cb 4c 


Stack slot to memory mapping:
stack at sp + 0 slots: 0x00007ff9cef4a838 awt.dll
stack at sp + 1 slots: 0x0000000019010463 is an unknown value
stack at sp + 2 slots: 0x00009bd03ddddc7c is an unknown value
stack at sp + 3 slots: 0x000000000000c1e0 is an unknown value
stack at sp + 4 slots: 0x0 is NULL
stack at sp + 5 slots: 0x00007ff9ceea775c awt.dll
stack at sp + 6 slots: 0x0000000019010463 is an unknown value
stack at sp + 7 slots: 0x000002dd2f2ec240 points into unknown readable memory: 0x00007ff9cef1b850 | 50 b8 f1 ce f9 7f 00 00


---------------  P R O C E S S  ---------------

Threads class SMR info:
_java_thread_list=0x000002dd2fdee260, length=19, elements={
0x000002dd27a61f50, 0x000002dd27a62800, 0x000002dd27a7ec90, 0x000002dd27a7f630,
0x000002dd27a7ffd0, 0x000002dd27a80970, 0x000002dd27a81640, 0x000002dd27acff20,
0x000002dd27af7c00, 0x000002dd2bd7a1a0, 0x000002dd2bd7ccf0, 0x000002dd2bde1df0,
0x000002dd2bde22b0, 0x000002dd2bf8b020, 0x000002dd2c04b030, 0x000002dd0a58e410,
0x000002dd2f26e010, 0x000002dd2f5e7260, 0x000002dd2eead780
}

Java Threads: ( => current thread )
  0x000002dd27a61f50 JavaThread "Reference Handler" daemon [_thread_blocked, id=5400, stack(0x000000de22800000,0x000000de22900000)]
  0x000002dd27a62800 JavaThread "Finalizer" daemon [_thread_blocked, id=14200, stack(0x000000de22900000,0x000000de22a00000)]
  0x000002dd27a7ec90 JavaThread "Signal Dispatcher" daemon [_thread_blocked, id=7420, stack(0x000000de22a00000,0x000000de22b00000)]
  0x000002dd27a7f630 JavaThread "Attach Listener" daemon [_thread_blocked, id=11812, stack(0x000000de22b00000,0x000000de22c00000)]
  0x000002dd27a7ffd0 JavaThread "Service Thread" daemon [_thread_blocked, id=12880, stack(0x000000de22c00000,0x000000de22d00000)]
  0x000002dd27a80970 JavaThread "Monitor Deflation Thread" daemon [_thread_blocked, id=3304, stack(0x000000de22d00000,0x000000de22e00000)]
  0x000002dd27a81640 JavaThread "C2 CompilerThread0" daemon [_thread_blocked, id=14656, stack(0x000000de22e00000,0x000000de22f00000)]
  0x000002dd27acff20 JavaThread "C1 CompilerThread0" daemon [_thread_blocked, id=8708, stack(0x000000de22f00000,0x000000de23000000)]
  0x000002dd27af7c00 JavaThread "Sweeper thread" daemon [_thread_blocked, id=11928, stack(0x000000de23000000,0x000000de23100000)]
  0x000002dd2bd7a1a0 JavaThread "Notification Thread" daemon [_thread_blocked, id=15808, stack(0x000000de23100000,0x000000de23200000)]
  0x000002dd2bd7ccf0 JavaThread "Common-Cleaner" daemon [_thread_blocked, id=3668, stack(0x000000de23300000,0x000000de23400000)]
  0x000002dd2bde1df0 JavaThread "Java2D Disposer" daemon [_thread_blocked, id=13868, stack(0x000000de23400000,0x000000de23500000)]
  0x000002dd2bde22b0 JavaThread "AWT-Shutdown" [_thread_blocked, id=12744, stack(0x000000de23500000,0x000000de23600000)]
=>0x000002dd2bf8b020 JavaThread "AWT-Windows" daemon [_thread_in_native, id=14492, stack(0x000000de23600000,0x000000de23700000)]
  0x000002dd2c04b030 JavaThread "AWT-EventQueue-0" [_thread_blocked, id=16508, stack(0x000000de23700000,0x000000de23800000)]
  0x000002dd0a58e410 JavaThread "DestroyJavaVM" [_thread_blocked, id=880, stack(0x000000de22000000,0x000000de22100000)]
  0x000002dd2f26e010 JavaThread "D3D Screen Updater" daemon [_thread_blocked, id=484, stack(0x000000de23800000,0x000000de23900000)]
  0x000002dd2f5e7260 JavaThread "TimerQueue" daemon [_thread_blocked, id=12768, stack(0x000000de23e00000,0x000000de23f00000)]
  0x000002dd2eead780 JavaThread "mysql-cj-abandoned-connection-cleanup" daemon [_thread_blocked, id=10520, stack(0x000000de24000000,0x000000de24100000)]

Other Threads:
  0x000002dd0a65dcd0 VMThread "VM Thread" [stack: 0x000000de22700000,0x000000de22800000] [id=12820]
  0x000002dd2bd7ca80 WatcherThread "VM Periodic Task Thread" [stack: 0x000000de23200000,0x000000de23300000] [id=10284]
  0x000002dd0a5ef5b0 WorkerThread "GC Thread#0" [stack: 0x000000de22200000,0x000000de22300000] [id=2588]
  0x000002dd2f4ac900 WorkerThread "GC Thread#1" [stack: 0x000000de23b00000,0x000000de23c00000] [id=13832]
  0x000002dd0a6004e0 ConcurrentGCThread "G1 Main Marker" [stack: 0x000000de22300000,0x000000de22400000] [id=10956]
  0x000002dd0a602040 WorkerThread "G1 Conc#0" [stack: 0x000000de22400000,0x000000de22500000] [id=5960]
  0x000002dd0a637020 ConcurrentGCThread "G1 Refine#0" [stack: 0x000000de22500000,0x000000de22600000] [id=536]
  0x000002dd2f4a80c0 ConcurrentGCThread "G1 Refine#1" [stack: 0x000000de23c00000,0x000000de23d00000] [id=12608]
  0x000002dd0a637a90 ConcurrentGCThread "G1 Service" [stack: 0x000000de22600000,0x000000de22700000] [id=6516]

Threads with active compile tasks:

VM state: not at safepoint (normal execution)

VM Mutex/Monitor currently owned by a thread: None

Heap address: 0x0000000080000000, size: 2048 MB, Compressed Oops mode: 32-bit

CDS archive(s) mapped at: [0x0000000800000000-0x0000000800ba0000-0x0000000800ba0000), size 12189696, SharedBaseAddress: 0x0000000800000000, ArchiveRelocationMode: 0.
Compressed class space mapped at: 0x0000000800c00000-0x0000000840c00000, reserved size: 1073741824
Narrow klass base: 0x0000000800000000, Narrow klass shift: 0, Narrow klass range: 0x100000000

GC Precious Log:
 CardTable entry size: 512
 Card Set container configuration: InlinePtr #cards 5 size 8 Array Of Cards #cards 12 size 40 Howl #buckets 4 coarsen threshold 1843 Howl Bitmap #cards 512 size 80 coarsen threshold 460 Card regions per heap region 1 cards per card region 2048
 CPUs: 2 total, 2 available
 Memory: 8190M
 Large Page Support: Disabled
 NUMA Support: Disabled
 Compressed Oops: Enabled (32-bit)
 Heap Region Size: 1M
 Heap Min Capacity: 8M
 Heap Initial Capacity: 128M
 Heap Max Capacity: 2G
 Pre-touch: Disabled
 Parallel Workers: 2
 Concurrent Workers: 1
 Concurrent Refinement Workers: 2
 Periodic GC: Disabled

Heap:
 garbage-first heap   total 131072K, used 22794K [0x0000000080000000, 0x0000000100000000)
  region size 1024K, 15 young (15360K), 2 survivors (2048K)
 Metaspace       used 16347K, committed 16576K, reserved 1114112K
  class space    used 1749K, committed 1856K, reserved 1048576K

Heap Regions: E=young(eden), S=young(survivor), O=old, HS=humongous(starts), HC=humongous(continues), CS=collection set, F=free, OA=open archive, CA=closed archive, TAMS=top-at-mark-start (previous, next)
|   0|0x0000000080000000, 0x0000000080100000, 0x0000000080100000|100%| O|  |TAMS 0x0000000080000000, 0x0000000080000000| Untracked 
|   1|0x0000000080100000, 0x0000000080200000, 0x0000000080200000|100%| O|  |TAMS 0x0000000080100000, 0x0000000080100000| Untracked 
|   2|0x0000000080200000, 0x0000000080280c00, 0x0000000080300000| 50%| O|  |TAMS 0x0000000080200000, 0x0000000080200000| Untracked 
|   3|0x0000000080300000, 0x0000000080400000, 0x0000000080400000|100%|HS|  |TAMS 0x0000000080300000, 0x0000000080300000| Complete 
|   4|0x0000000080400000, 0x0000000080500000, 0x0000000080500000|100%|HC|  |TAMS 0x0000000080400000, 0x0000000080400000| Complete 
|   5|0x0000000080500000, 0x0000000080600000, 0x0000000080600000|100%|HC|  |TAMS 0x0000000080500000, 0x0000000080500000| Complete 
|   6|0x0000000080600000, 0x0000000080700000, 0x0000000080700000|100%|HC|  |TAMS 0x0000000080600000, 0x0000000080600000| Complete 
|   7|0x0000000080700000, 0x0000000080800000, 0x0000000080800000|100%|HC|  |TAMS 0x0000000080700000, 0x0000000080700000| Complete 
|   8|0x0000000080800000, 0x0000000080900000, 0x0000000080900000|100%|HC|  |TAMS 0x0000000080800000, 0x0000000080800000| Complete 
|   9|0x0000000080900000, 0x0000000080a00000, 0x0000000080a00000|100%|HC|  |TAMS 0x0000000080900000, 0x0000000080900000| Complete 
|  10|0x0000000080a00000, 0x0000000080a00000, 0x0000000080b00000|  0%| F|  |TAMS 0x0000000080a00000, 0x0000000080a00000| Untracked 
|  11|0x0000000080b00000, 0x0000000080b00000, 0x0000000080c00000|  0%| F|  |TAMS 0x0000000080b00000, 0x0000000080b00000| Untracked 
|  12|0x0000000080c00000, 0x0000000080c00000, 0x0000000080d00000|  0%| F|  |TAMS 0x0000000080c00000, 0x0000000080c00000| Untracked 
|  13|0x0000000080d00000, 0x0000000080d00000, 0x0000000080e00000|  0%| F|  |TAMS 0x0000000080d00000, 0x0000000080d00000| Untracked 
|  14|0x0000000080e00000, 0x0000000080e00000, 0x0000000080f00000|  0%| F|  |TAMS 0x0000000080e00000, 0x0000000080e00000| Untracked 
|  15|0x0000000080f00000, 0x0000000080f00000, 0x0000000081000000|  0%| F|  |TAMS 0x0000000080f00000, 0x0000000080f00000| Untracked 
|  16|0x0000000081000000, 0x0000000081000000, 0x0000000081100000|  0%| F|  |TAMS 0x0000000081000000, 0x0000000081000000| Untracked 
|  17|0x0000000081100000, 0x0000000081100000, 0x0000000081200000|  0%| F|  |TAMS 0x0000000081100000, 0x0000000081100000| Untracked 
|  18|0x0000000081200000, 0x0000000081200000, 0x0000000081300000|  0%| F|  |TAMS 0x0000000081200000, 0x0000000081200000| Untracked 
|  19|0x0000000081300000, 0x0000000081300000, 0x0000000081400000|  0%| F|  |TAMS 0x0000000081300000, 0x0000000081300000| Untracked 
|  20|0x0000000081400000, 0x0000000081400000, 0x0000000081500000|  0%| F|  |TAMS 0x0000000081400000, 0x0000000081400000| Untracked 
|  21|0x0000000081500000, 0x0000000081500000, 0x0000000081600000|  0%| F|  |TAMS 0x0000000081500000, 0x0000000081500000| Untracked 
|  22|0x0000000081600000, 0x0000000081600000, 0x0000000081700000|  0%| F|  |TAMS 0x0000000081600000, 0x0000000081600000| Untracked 
|  23|0x0000000081700000, 0x0000000081700000, 0x0000000081800000|  0%| F|  |TAMS 0x0000000081700000, 0x0000000081700000| Untracked 
|  24|0x0000000081800000, 0x0000000081800000, 0x0000000081900000|  0%| F|  |TAMS 0x0000000081800000, 0x0000000081800000| Untracked 
|  25|0x0000000081900000, 0x0000000081900000, 0x0000000081a00000|  0%| F|  |TAMS 0x0000000081900000, 0x0000000081900000| Untracked 
|  26|0x0000000081a00000, 0x0000000081a00000, 0x0000000081b00000|  0%| F|  |TAMS 0x0000000081a00000, 0x0000000081a00000| Untracked 
|  27|0x0000000081b00000, 0x0000000081b00000, 0x0000000081c00000|  0%| F|  |TAMS 0x0000000081b00000, 0x0000000081b00000| Untracked 
|  28|0x0000000081c00000, 0x0000000081c00000, 0x0000000081d00000|  0%| F|  |TAMS 0x0000000081c00000, 0x0000000081c00000| Untracked 
|  29|0x0000000081d00000, 0x0000000081d00000, 0x0000000081e00000|  0%| F|  |TAMS 0x0000000081d00000, 0x0000000081d00000| Untracked 
|  30|0x0000000081e00000, 0x0000000081e00000, 0x0000000081f00000|  0%| F|  |TAMS 0x0000000081e00000, 0x0000000081e00000| Untracked 
|  31|0x0000000081f00000, 0x0000000081f00000, 0x0000000082000000|  0%| F|  |TAMS 0x0000000081f00000, 0x0000000081f00000| Untracked 
|  32|0x0000000082000000, 0x0000000082000000, 0x0000000082100000|  0%| F|  |TAMS 0x0000000082000000, 0x0000000082000000| Untracked 
|  33|0x0000000082100000, 0x0000000082100000, 0x0000000082200000|  0%| F|  |TAMS 0x0000000082100000, 0x0000000082100000| Untracked 
|  34|0x0000000082200000, 0x0000000082200000, 0x0000000082300000|  0%| F|  |TAMS 0x0000000082200000, 0x0000000082200000| Untracked 
|  35|0x0000000082300000, 0x0000000082300000, 0x0000000082400000|  0%| F|  |TAMS 0x0000000082300000, 0x0000000082300000| Untracked 
|  36|0x0000000082400000, 0x0000000082400000, 0x0000000082500000|  0%| F|  |TAMS 0x0000000082400000, 0x0000000082400000| Untracked 
|  37|0x0000000082500000, 0x0000000082500000, 0x0000000082600000|  0%| F|  |TAMS 0x0000000082500000, 0x0000000082500000| Untracked 
|  38|0x0000000082600000, 0x0000000082600000, 0x0000000082700000|  0%| F|  |TAMS 0x0000000082600000, 0x0000000082600000| Untracked 
|  39|0x0000000082700000, 0x0000000082700000, 0x0000000082800000|  0%| F|  |TAMS 0x0000000082700000, 0x0000000082700000| Untracked 
|  40|0x0000000082800000, 0x0000000082800000, 0x0000000082900000|  0%| F|  |TAMS 0x0000000082800000, 0x0000000082800000| Untracked 
|  41|0x0000000082900000, 0x0000000082900000, 0x0000000082a00000|  0%| F|  |TAMS 0x0000000082900000, 0x0000000082900000| Untracked 
|  42|0x0000000082a00000, 0x0000000082a00000, 0x0000000082b00000|  0%| F|  |TAMS 0x0000000082a00000, 0x0000000082a00000| Untracked 
|  43|0x0000000082b00000, 0x0000000082b00000, 0x0000000082c00000|  0%| F|  |TAMS 0x0000000082b00000, 0x0000000082b00000| Untracked 
|  44|0x0000000082c00000, 0x0000000082c00000, 0x0000000082d00000|  0%| F|  |TAMS 0x0000000082c00000, 0x0000000082c00000| Untracked 
|  45|0x0000000082d00000, 0x0000000082d00000, 0x0000000082e00000|  0%| F|  |TAMS 0x0000000082d00000, 0x0000000082d00000| Untracked 
|  46|0x0000000082e00000, 0x0000000082e00000, 0x0000000082f00000|  0%| F|  |TAMS 0x0000000082e00000, 0x0000000082e00000| Untracked 
|  47|0x0000000082f00000, 0x0000000082f00000, 0x0000000083000000|  0%| F|  |TAMS 0x0000000082f00000, 0x0000000082f00000| Untracked 
|  48|0x0000000083000000, 0x0000000083000000, 0x0000000083100000|  0%| F|  |TAMS 0x0000000083000000, 0x0000000083000000| Untracked 
|  49|0x0000000083100000, 0x0000000083100000, 0x0000000083200000|  0%| F|  |TAMS 0x0000000083100000, 0x0000000083100000| Untracked 
|  50|0x0000000083200000, 0x0000000083200000, 0x0000000083300000|  0%| F|  |TAMS 0x0000000083200000, 0x0000000083200000| Untracked 
|  51|0x0000000083300000, 0x0000000083300000, 0x0000000083400000|  0%| F|  |TAMS 0x0000000083300000, 0x0000000083300000| Untracked 
|  52|0x0000000083400000, 0x0000000083400000, 0x0000000083500000|  0%| F|  |TAMS 0x0000000083400000, 0x0000000083400000| Untracked 
|  53|0x0000000083500000, 0x0000000083500000, 0x0000000083600000|  0%| F|  |TAMS 0x0000000083500000, 0x0000000083500000| Untracked 
|  54|0x0000000083600000, 0x0000000083600000, 0x0000000083700000|  0%| F|  |TAMS 0x0000000083600000, 0x0000000083600000| Untracked 
|  55|0x0000000083700000, 0x0000000083700000, 0x0000000083800000|  0%| F|  |TAMS 0x0000000083700000, 0x0000000083700000| Untracked 
|  56|0x0000000083800000, 0x0000000083800000, 0x0000000083900000|  0%| F|  |TAMS 0x0000000083800000, 0x0000000083800000| Untracked 
|  57|0x0000000083900000, 0x0000000083900000, 0x0000000083a00000|  0%| F|  |TAMS 0x0000000083900000, 0x0000000083900000| Untracked 
|  58|0x0000000083a00000, 0x0000000083a00000, 0x0000000083b00000|  0%| F|  |TAMS 0x0000000083a00000, 0x0000000083a00000| Untracked 
|  59|0x0000000083b00000, 0x0000000083b00000, 0x0000000083c00000|  0%| F|  |TAMS 0x0000000083b00000, 0x0000000083b00000| Untracked 
|  60|0x0000000083c00000, 0x0000000083c00000, 0x0000000083d00000|  0%| F|  |TAMS 0x0000000083c00000, 0x0000000083c00000| Untracked 
|  61|0x0000000083d00000, 0x0000000083d00000, 0x0000000083e00000|  0%| F|  |TAMS 0x0000000083d00000, 0x0000000083d00000| Untracked 
|  62|0x0000000083e00000, 0x0000000083e00000, 0x0000000083f00000|  0%| F|  |TAMS 0x0000000083e00000, 0x0000000083e00000| Untracked 
|  63|0x0000000083f00000, 0x0000000083f00000, 0x0000000084000000|  0%| F|  |TAMS 0x0000000083f00000, 0x0000000083f00000| Untracked 
|  64|0x0000000084000000, 0x0000000084000000, 0x0000000084100000|  0%| F|  |TAMS 0x0000000084000000, 0x0000000084000000| Untracked 
|  65|0x0000000084100000, 0x0000000084100000, 0x0000000084200000|  0%| F|  |TAMS 0x0000000084100000, 0x0000000084100000| Untracked 
|  66|0x0000000084200000, 0x0000000084200000, 0x0000000084300000|  0%| F|  |TAMS 0x0000000084200000, 0x0000000084200000| Untracked 
|  67|0x0000000084300000, 0x0000000084300000, 0x0000000084400000|  0%| F|  |TAMS 0x0000000084300000, 0x0000000084300000| Untracked 
|  68|0x0000000084400000, 0x0000000084400000, 0x0000000084500000|  0%| F|  |TAMS 0x0000000084400000, 0x0000000084400000| Untracked 
|  69|0x0000000084500000, 0x0000000084500000, 0x0000000084600000|  0%| F|  |TAMS 0x0000000084500000, 0x0000000084500000| Untracked 
|  70|0x0000000084600000, 0x0000000084600000, 0x0000000084700000|  0%| F|  |TAMS 0x0000000084600000, 0x0000000084600000| Untracked 
|  71|0x0000000084700000, 0x0000000084700000, 0x0000000084800000|  0%| F|  |TAMS 0x0000000084700000, 0x0000000084700000| Untracked 
|  72|0x0000000084800000, 0x0000000084800000, 0x0000000084900000|  0%| F|  |TAMS 0x0000000084800000, 0x0000000084800000| Untracked 
|  73|0x0000000084900000, 0x0000000084900000, 0x0000000084a00000|  0%| F|  |TAMS 0x0000000084900000, 0x0000000084900000| Untracked 
|  74|0x0000000084a00000, 0x0000000084a00000, 0x0000000084b00000|  0%| F|  |TAMS 0x0000000084a00000, 0x0000000084a00000| Untracked 
|  75|0x0000000084b00000, 0x0000000084b00000, 0x0000000084c00000|  0%| F|  |TAMS 0x0000000084b00000, 0x0000000084b00000| Untracked 
|  76|0x0000000084c00000, 0x0000000084c00000, 0x0000000084d00000|  0%| F|  |TAMS 0x0000000084c00000, 0x0000000084c00000| Untracked 
|  77|0x0000000084d00000, 0x0000000084d00000, 0x0000000084e00000|  0%| F|  |TAMS 0x0000000084d00000, 0x0000000084d00000| Untracked 
|  78|0x0000000084e00000, 0x0000000084e00000, 0x0000000084f00000|  0%| F|  |TAMS 0x0000000084e00000, 0x0000000084e00000| Untracked 
|  79|0x0000000084f00000, 0x0000000084f00000, 0x0000000085000000|  0%| F|  |TAMS 0x0000000084f00000, 0x0000000084f00000| Untracked 
|  80|0x0000000085000000, 0x0000000085000000, 0x0000000085100000|  0%| F|  |TAMS 0x0000000085000000, 0x0000000085000000| Untracked 
|  81|0x0000000085100000, 0x0000000085100000, 0x0000000085200000|  0%| F|  |TAMS 0x0000000085100000, 0x0000000085100000| Untracked 
|  82|0x0000000085200000, 0x0000000085200000, 0x0000000085300000|  0%| F|  |TAMS 0x0000000085200000, 0x0000000085200000| Untracked 
|  83|0x0000000085300000, 0x0000000085300000, 0x0000000085400000|  0%| F|  |TAMS 0x0000000085300000, 0x0000000085300000| Untracked 
|  84|0x0000000085400000, 0x0000000085400000, 0x0000000085500000|  0%| F|  |TAMS 0x0000000085400000, 0x0000000085400000| Untracked 
|  85|0x0000000085500000, 0x0000000085500000, 0x0000000085600000|  0%| F|  |TAMS 0x0000000085500000, 0x0000000085500000| Untracked 
|  86|0x0000000085600000, 0x0000000085600000, 0x0000000085700000|  0%| F|  |TAMS 0x0000000085600000, 0x0000000085600000| Untracked 
|  87|0x0000000085700000, 0x0000000085700000, 0x0000000085800000|  0%| F|  |TAMS 0x0000000085700000, 0x0000000085700000| Untracked 
|  88|0x0000000085800000, 0x0000000085800000, 0x0000000085900000|  0%| F|  |TAMS 0x0000000085800000, 0x0000000085800000| Untracked 
|  89|0x0000000085900000, 0x0000000085900000, 0x0000000085a00000|  0%| F|  |TAMS 0x0000000085900000, 0x0000000085900000| Untracked 
|  90|0x0000000085a00000, 0x0000000085a00000, 0x0000000085b00000|  0%| F|  |TAMS 0x0000000085a00000, 0x0000000085a00000| Untracked 
|  91|0x0000000085b00000, 0x0000000085b00000, 0x0000000085c00000|  0%| F|  |TAMS 0x0000000085b00000, 0x0000000085b00000| Untracked 
|  92|0x0000000085c00000, 0x0000000085c00000, 0x0000000085d00000|  0%| F|  |TAMS 0x0000000085c00000, 0x0000000085c00000| Untracked 
|  93|0x0000000085d00000, 0x0000000085d00000, 0x0000000085e00000|  0%| F|  |TAMS 0x0000000085d00000, 0x0000000085d00000| Untracked 
|  94|0x0000000085e00000, 0x0000000085e00000, 0x0000000085f00000|  0%| F|  |TAMS 0x0000000085e00000, 0x0000000085e00000| Untracked 
|  95|0x0000000085f00000, 0x0000000085f00000, 0x0000000086000000|  0%| F|  |TAMS 0x0000000085f00000, 0x0000000085f00000| Untracked 
|  96|0x0000000086000000, 0x0000000086000000, 0x0000000086100000|  0%| F|  |TAMS 0x0000000086000000, 0x0000000086000000| Untracked 
|  97|0x0000000086100000, 0x0000000086100000, 0x0000000086200000|  0%| F|  |TAMS 0x0000000086100000, 0x0000000086100000| Untracked 
|  98|0x0000000086200000, 0x0000000086200000, 0x0000000086300000|  0%| F|  |TAMS 0x0000000086200000, 0x0000000086200000| Untracked 
|  99|0x0000000086300000, 0x0000000086300000, 0x0000000086400000|  0%| F|  |TAMS 0x0000000086300000, 0x0000000086300000| Untracked 
| 100|0x0000000086400000, 0x0000000086400000, 0x0000000086500000|  0%| F|  |TAMS 0x0000000086400000, 0x0000000086400000| Untracked 
| 101|0x0000000086500000, 0x0000000086500000, 0x0000000086600000|  0%| F|  |TAMS 0x0000000086500000, 0x0000000086500000| Untracked 
| 102|0x0000000086600000, 0x0000000086600000, 0x0000000086700000|  0%| F|  |TAMS 0x0000000086600000, 0x0000000086600000| Untracked 
| 103|0x0000000086700000, 0x0000000086700000, 0x0000000086800000|  0%| F|  |TAMS 0x0000000086700000, 0x0000000086700000| Untracked 
| 104|0x0000000086800000, 0x0000000086800000, 0x0000000086900000|  0%| F|  |TAMS 0x0000000086800000, 0x0000000086800000| Untracked 
| 105|0x0000000086900000, 0x0000000086900000, 0x0000000086a00000|  0%| F|  |TAMS 0x0000000086900000, 0x0000000086900000| Untracked 
| 106|0x0000000086a00000, 0x0000000086a00000, 0x0000000086b00000|  0%| F|  |TAMS 0x0000000086a00000, 0x0000000086a00000| Untracked 
| 107|0x0000000086b00000, 0x0000000086b00000, 0x0000000086c00000|  0%| F|  |TAMS 0x0000000086b00000, 0x0000000086b00000| Untracked 
| 108|0x0000000086c00000, 0x0000000086c00000, 0x0000000086d00000|  0%| F|  |TAMS 0x0000000086c00000, 0x0000000086c00000| Untracked 
| 109|0x0000000086d00000, 0x0000000086d00000, 0x0000000086e00000|  0%| F|  |TAMS 0x0000000086d00000, 0x0000000086d00000| Untracked 
| 110|0x0000000086e00000, 0x0000000086e00000, 0x0000000086f00000|  0%| F|  |TAMS 0x0000000086e00000, 0x0000000086e00000| Untracked 
| 111|0x0000000086f00000, 0x0000000086f00000, 0x0000000087000000|  0%| F|  |TAMS 0x0000000086f00000, 0x0000000086f00000| Untracked 
| 112|0x0000000087000000, 0x0000000087000000, 0x0000000087100000|  0%| F|  |TAMS 0x0000000087000000, 0x0000000087000000| Untracked 
| 113|0x0000000087100000, 0x000000008716aa88, 0x0000000087200000| 41%| E|  |TAMS 0x0000000087100000, 0x0000000087100000| Complete 
| 114|0x0000000087200000, 0x0000000087300000, 0x0000000087300000|100%| E|  |TAMS 0x0000000087200000, 0x0000000087200000| Complete 
| 115|0x0000000087300000, 0x0000000087400000, 0x0000000087400000|100%| E|CS|TAMS 0x0000000087300000, 0x0000000087300000| Complete 
| 116|0x0000000087400000, 0x0000000087500000, 0x0000000087500000|100%| E|CS|TAMS 0x0000000087400000, 0x0000000087400000| Complete 
| 117|0x0000000087500000, 0x00000000875c1d40, 0x0000000087600000| 75%| S|CS|TAMS 0x0000000087500000, 0x0000000087500000| Complete 
| 118|0x0000000087600000, 0x0000000087700000, 0x0000000087700000|100%| S|CS|TAMS 0x0000000087600000, 0x0000000087600000| Complete 
| 119|0x0000000087700000, 0x0000000087800000, 0x0000000087800000|100%| E|CS|TAMS 0x0000000087700000, 0x0000000087700000| Complete 
| 120|0x0000000087800000, 0x0000000087900000, 0x0000000087900000|100%| E|CS|TAMS 0x0000000087800000, 0x0000000087800000| Complete 
| 121|0x0000000087900000, 0x0000000087a00000, 0x0000000087a00000|100%| E|CS|TAMS 0x0000000087900000, 0x0000000087900000| Complete 
| 122|0x0000000087a00000, 0x0000000087b00000, 0x0000000087b00000|100%| E|CS|TAMS 0x0000000087a00000, 0x0000000087a00000| Complete 
| 123|0x0000000087b00000, 0x0000000087c00000, 0x0000000087c00000|100%| E|CS|TAMS 0x0000000087b00000, 0x0000000087b00000| Complete 
| 124|0x0000000087c00000, 0x0000000087d00000, 0x0000000087d00000|100%| E|CS|TAMS 0x0000000087c00000, 0x0000000087c00000| Complete 
| 125|0x0000000087d00000, 0x0000000087e00000, 0x0000000087e00000|100%| E|CS|TAMS 0x0000000087d00000, 0x0000000087d00000| Complete 
| 126|0x0000000087e00000, 0x0000000087f00000, 0x0000000087f00000|100%| E|CS|TAMS 0x0000000087e00000, 0x0000000087e00000| Complete 
| 127|0x0000000087f00000, 0x0000000088000000, 0x0000000088000000|100%| E|CS|TAMS 0x0000000087f00000, 0x0000000087f00000| Complete 

Card table byte_map: [0x000002dd20ed0000,0x000002dd212d0000] _byte_map_base: 0x000002dd20ad0000

Marking Bits (Prev, Next): (CMBitMap*) 0x000002dd0a5efbb0, (CMBitMap*) 0x000002dd0a5efbf0
 Prev Bits: [0x000002dd216d0000, 0x000002dd236d0000)
 Next Bits: [0x000002dd236d0000, 0x000002dd256d0000)

Polling page: 0x000002dd08580000

Metaspace:

Usage:
  Non-class:     14.26 MB used.
      Class:      1.71 MB used.
       Both:     15.96 MB used.

Virtual space:
  Non-class space:       64.00 MB reserved,      14.38 MB ( 22%) committed,  1 nodes.
      Class space:        1.00 GB reserved,       1.81 MB ( <1%) committed,  1 nodes.
             Both:        1.06 GB reserved,      16.19 MB (  1%) committed. 

Chunk freelists:
   Non-Class:  832.00 KB
       Class:  2.16 MB
        Both:  2.97 MB

MaxMetaspaceSize: unlimited
CompressedClassSpaceSize: 1.00 GB
Initial GC threshold: 21.00 MB
Current GC threshold: 21.00 MB
CDS: on
MetaspaceReclaimPolicy: balanced
 - commit_granule_bytes: 65536.
 - commit_granule_words: 8192.
 - virtual_space_node_default_size: 8388608.
 - enlarge_chunks_in_place: 1.
 - new_chunks_are_fully_committed: 0.
 - uncommit_free_chunks: 1.
 - use_allocation_guard: 0.


Internal statistics:

num_allocs_failed_limit: 0.
num_arena_births: 226.
num_arena_deaths: 0.
num_vsnodes_births: 2.
num_vsnodes_deaths: 0.
num_space_committed: 259.
num_space_uncommitted: 0.
num_chunks_returned_to_freelist: 0.
num_chunks_taken_from_freelist: 424.
num_chunk_merges: 0.
num_chunk_splits: 255.
num_chunks_enlarged: 138.
num_inconsistent_stats: 0.

CodeHeap 'non-profiled nmethods': size=120064Kb used=1055Kb max_used=1055Kb free=119009Kb
 bounds [0x000002dd19990000, 0x000002dd19c00000, 0x000002dd20ed0000]
CodeHeap 'profiled nmethods': size=120000Kb used=5475Kb max_used=5475Kb free=114525Kb
 bounds [0x000002dd12460000, 0x000002dd129c0000, 0x000002dd19990000]
CodeHeap 'non-nmethods': size=5696Kb used=1398Kb max_used=1423Kb free=4297Kb
 bounds [0x000002dd11ed0000, 0x000002dd12140000, 0x000002dd12460000]
 total_blobs=3528 nmethods=2797 adapters=643
 compilation: enabled
              stopped_count=0, restarted_count=0
 full_count=0

Compilation events (20 events):
Event: 115.393 Thread 0x000002dd27a81640 2788       4       java.awt.geom.AffineTransform::equals (92 bytes)
Event: 115.394 Thread 0x000002dd27a81640 nmethod 2788 0x000002dd19a96190 code [0x000002dd19a96320, 0x000002dd19a96518]
Event: 122.424 Thread 0x000002dd27acff20 2789       3       sun.swing.SwingUtilities2::isScaleChanged (16 bytes)
Event: 122.425 Thread 0x000002dd27acff20 nmethod 2789 0x000002dd129b3990 code [0x000002dd129b3b40, 0x000002dd129b3cc8]
Event: 122.426 Thread 0x000002dd27a81640 2790       4       java.lang.Object::equals (11 bytes)
Event: 122.426 Thread 0x000002dd27a81640 nmethod 2790 0x000002dd19a96610 code [0x000002dd19a96780, 0x000002dd19a96818]
Event: 123.552 Thread 0x000002dd27a81640 2791       4       sun.util.logging.PlatformLogger::isLoggable (23 bytes)
Event: 123.554 Thread 0x000002dd27acff20 2792  s    3       javax.swing.RepaintManager::getPaintManager (107 bytes)
Event: 123.555 Thread 0x000002dd27acff20 nmethod 2792 0x000002dd129b3d90 code [0x000002dd129b3fc0, 0x000002dd129b4838]
Event: 123.555 Thread 0x000002dd27acff20 2793       3       javax.swing.plaf.basic.BasicButtonListener::propertyChange (87 bytes)
Event: 123.556 Thread 0x000002dd27acff20 nmethod 2793 0x000002dd129b4a90 code [0x000002dd129b4cc0, 0x000002dd129b5878]
Event: 123.560 Thread 0x000002dd27a81640 nmethod 2791 0x000002dd19a96910 code [0x000002dd19a96ae0, 0x000002dd19a974f0]
Event: 126.427 Thread 0x000002dd27acff20 2794       3       javax.swing.plaf.synth.SynthButtonUI::propertyChange (19 bytes)
Event: 126.428 Thread 0x000002dd27acff20 nmethod 2794 0x000002dd129b5b10 code [0x000002dd129b5d20, 0x000002dd129b6538]
Event: 126.429 Thread 0x000002dd27acff20 2795       1       java.awt.event.PaintEvent::getUpdateRect (5 bytes)
Event: 126.429 Thread 0x000002dd27acff20 nmethod 2795 0x000002dd19a97910 code [0x000002dd19a97aa0, 0x000002dd19a97b78]
Event: 126.636 Thread 0x000002dd27acff20 2796  s!   3       jdk.internal.loader.URLClassPath::getLoader (194 bytes)
Event: 126.637 Thread 0x000002dd27acff20 nmethod 2796 0x000002dd129b6710 code [0x000002dd129b6a00, 0x000002dd129b7ef8]
Event: 127.748 Thread 0x000002dd27acff20 2797       3       java.util.IdentityHashMap$IdentityHashMapIterator::<init> (63 bytes)
Event: 127.748 Thread 0x000002dd27acff20 nmethod 2797 0x000002dd129b8690 code [0x000002dd129b8840, 0x000002dd129b8af8]

GC Heap History (6 events):
Event: 1.498 GC heap before
{Heap before GC invocations=0 (full 0):
 garbage-first heap   total 131072K, used 6144K [0x0000000080000000, 0x0000000100000000)
  region size 1024K, 6 young (6144K), 0 survivors (0K)
 Metaspace       used 8481K, committed 8640K, reserved 1114112K
  class space    used 977K, committed 1024K, reserved 1048576K
}
Event: 1.515 GC heap after
{Heap after GC invocations=1 (full 0):
 garbage-first heap   total 131072K, used 2458K [0x0000000080000000, 0x0000000100000000)
  region size 1024K, 1 young (1024K), 1 survivors (1024K)
 Metaspace       used 8481K, committed 8640K, reserved 1114112K
  class space    used 977K, committed 1024K, reserved 1048576K
}
Event: 1.794 GC heap before
{Heap before GC invocations=1 (full 0):
 garbage-first heap   total 131072K, used 7578K [0x0000000080000000, 0x0000000100000000)
  region size 1024K, 6 young (6144K), 1 survivors (1024K)
 Metaspace       used 8712K, committed 8896K, reserved 1114112K
  class space    used 979K, committed 1024K, reserved 1048576K
}
Event: 1.800 GC heap after
{Heap after GC invocations=2 (full 0):
 garbage-first heap   total 131072K, used 3352K [0x0000000080000000, 0x0000000100000000)
  region size 1024K, 1 young (1024K), 1 survivors (1024K)
 Metaspace       used 8712K, committed 8896K, reserved 1114112K
  class space    used 979K, committed 1024K, reserved 1048576K
}
Event: 10.436 GC heap before
{Heap before GC invocations=2 (full 0):
 garbage-first heap   total 131072K, used 11544K [0x0000000080000000, 0x0000000100000000)
  region size 1024K, 9 young (9216K), 1 survivors (1024K)
 Metaspace       used 12405K, committed 12608K, reserved 1114112K
  class space    used 1319K, committed 1408K, reserved 1048576K
}
Event: 10.441 GC heap after
{Heap after GC invocations=3 (full 0):
 garbage-first heap   total 131072K, used 4362K [0x0000000080000000, 0x0000000100000000)
  region size 1024K, 2 young (2048K), 2 survivors (2048K)
 Metaspace       used 12405K, committed 12608K, reserved 1114112K
  class space    used 1319K, committed 1408K, reserved 1048576K
}

Deoptimization events (20 events):
Event: 15.767 Thread 0x000002dd2c04b030 DEOPT PACKING pc=0x000002dd19a7deb4 sp=0x000000de237fe400
Event: 15.767 Thread 0x000002dd2c04b030 DEOPT UNPACKING pc=0x000002dd11f25c23 sp=0x000000de237fe3a8 mode 2
Event: 15.767 Thread 0x000002dd2c04b030 Uncommon trap: trap_request=0xffffffde fr.pc=0x000002dd19a7deb4 relative=0x0000000000000854
Event: 15.767 Thread 0x000002dd2c04b030 Uncommon trap: reason=class_check action=maybe_recompile pc=0x000002dd19a7deb4 method=java.util.Hashtable.put(Ljava/lang/Object;Ljava/lang/Object;)Ljava/lang/Object; @ 60 c2
Event: 15.767 Thread 0x000002dd2c04b030 DEOPT PACKING pc=0x000002dd19a7deb4 sp=0x000000de237fe400
Event: 15.767 Thread 0x000002dd2c04b030 DEOPT UNPACKING pc=0x000002dd11f25c23 sp=0x000000de237fe3a8 mode 2
Event: 15.767 Thread 0x000002dd2c04b030 Uncommon trap: trap_request=0xffffffde fr.pc=0x000002dd19a7deb4 relative=0x0000000000000854
Event: 15.767 Thread 0x000002dd2c04b030 Uncommon trap: reason=class_check action=maybe_recompile pc=0x000002dd19a7deb4 method=java.util.Hashtable.put(Ljava/lang/Object;Ljava/lang/Object;)Ljava/lang/Object; @ 60 c2
Event: 15.767 Thread 0x000002dd2c04b030 DEOPT PACKING pc=0x000002dd19a7deb4 sp=0x000000de237fe400
Event: 15.767 Thread 0x000002dd2c04b030 DEOPT UNPACKING pc=0x000002dd11f25c23 sp=0x000000de237fe3a8 mode 2
Event: 15.958 Thread 0x000002dd2c04b030 Uncommon trap: trap_request=0xffffff45 fr.pc=0x000002dd19a2582c relative=0x0000000000002dec
Event: 15.958 Thread 0x000002dd2c04b030 Uncommon trap: reason=unstable_if action=reinterpret pc=0x000002dd19a2582c method=sun.java2d.marlin.Renderer._endRendering(II)V @ 228 c2
Event: 15.958 Thread 0x000002dd2c04b030 DEOPT PACKING pc=0x000002dd19a2582c sp=0x000000de237fcb20
Event: 15.958 Thread 0x000002dd2c04b030 DEOPT UNPACKING pc=0x000002dd11f25c23 sp=0x000000de237fc920 mode 2
Event: 15.998 Thread 0x000002dd2c04b030 Uncommon trap: trap_request=0xffffff45 fr.pc=0x000002dd19a21290 relative=0x0000000000000090
Event: 15.998 Thread 0x000002dd2c04b030 Uncommon trap: reason=unstable_if action=reinterpret pc=0x000002dd19a21290 method=sun.java2d.marlin.FloatMath.ceil_int(D)I @ 7 c2
Event: 15.998 Thread 0x000002dd2c04b030 DEOPT PACKING pc=0x000002dd19a21290 sp=0x000000de237fc0d0
Event: 15.998 Thread 0x000002dd2c04b030 DEOPT UNPACKING pc=0x000002dd11f25c23 sp=0x000000de237fc058 mode 2
Event: 16.302 Thread 0x000002dd2c04b030 DEOPT PACKING pc=0x000002dd1292d0cf sp=0x000000de237fc870
Event: 16.302 Thread 0x000002dd2c04b030 DEOPT UNPACKING pc=0x000002dd11f26763 sp=0x000000de237fbc38 mode 0

Classes loaded (20 events):
Event: 15.847 Loading class javax/swing/JTable$2
Event: 15.847 Loading class javax/swing/JTable$Resizable3
Event: 15.847 Loading class javax/swing/JTable$Resizable2
Event: 15.847 Loading class javax/swing/JTable$Resizable2 done
Event: 15.847 Loading class javax/swing/JTable$Resizable3 done
Event: 15.847 Loading class javax/swing/JTable$2 done
Event: 15.847 Loading class javax/swing/JTable$5
Event: 15.847 Loading class javax/swing/JTable$5 done
Event: 15.953 Loading class javax/swing/plaf/nimbus/RadioButtonPainter
Event: 15.956 Loading class javax/swing/plaf/nimbus/RadioButtonPainter done
Event: 15.958 Loading class java/awt/geom/EllipseIterator
Event: 15.958 Loading class java/awt/geom/EllipseIterator done
Event: 16.203 Loading class javax/swing/JToggleButton$1
Event: 16.203 Loading class javax/swing/JToggleButton$1 done
Event: 100.189 Loading class java/util/WeakHashMap$KeyIterator
Event: 100.189 Loading class java/util/WeakHashMap$HashIterator
Event: 100.189 Loading class java/util/WeakHashMap$HashIterator done
Event: 100.189 Loading class java/util/WeakHashMap$KeyIterator done
Event: 100.203 Loading class javax/swing/RepaintManager$DisplayChangedRunnable
Event: 100.203 Loading class javax/swing/RepaintManager$DisplayChangedRunnable done

Classes unloaded (0 events):
No events

Classes redefined (0 events):
No events

Internal exceptions (20 events):
Event: 15.710 Thread 0x000002dd2c04b030 Exception <a 'java/lang/ClassNotFoundException'{0x00000000878d14f8}: TableHeader> (0x00000000878d14f8) 
thrown [s\open\src\hotspot\share\classfile\systemDictionary.cpp, line 255]
Event: 15.710 Thread 0x000002dd2c04b030 Exception <a 'java/lang/ClassNotFoundException'{0x00000000878d1f78}: TextField> (0x00000000878d1f78) 
thrown [s\open\src\hotspot\share\classfile\systemDictionary.cpp, line 255]
Event: 15.710 Thread 0x000002dd2c04b030 Exception <a 'java/lang/ClassNotFoundException'{0x00000000878d2650}: FormattedTextField> (0x00000000878d2650) 
thrown [s\open\src\hotspot\share\classfile\systemDictionary.cpp, line 255]
Event: 15.711 Thread 0x000002dd2c04b030 Exception <a 'java/lang/ClassNotFoundException'{0x00000000878d2d20}: PasswordField> (0x00000000878d2d20) 
thrown [s\open\src\hotspot\share\classfile\systemDictionary.cpp, line 255]
Event: 15.711 Thread 0x000002dd2c04b030 Exception <a 'java/lang/ClassNotFoundException'{0x00000000878d3420}: TextArea> (0x00000000878d3420) 
thrown [s\open\src\hotspot\share\classfile\systemDictionary.cpp, line 255]
Event: 15.711 Thread 0x000002dd2c04b030 Exception <a 'java/lang/ClassNotFoundException'{0x00000000878d3b20}: TextPane> (0x00000000878d3b20) 
thrown [s\open\src\hotspot\share\classfile\systemDictionary.cpp, line 255]
Event: 15.711 Thread 0x000002dd2c04b030 Exception <a 'java/lang/ClassNotFoundException'{0x00000000878d4228}: EditorPane> (0x00000000878d4228) 
thrown [s\open\src\hotspot\share\classfile\systemDictionary.cpp, line 255]
Event: 15.711 Thread 0x000002dd2c04b030 Exception <a 'java/lang/ClassNotFoundException'{0x00000000878d4d48}: ToolBar> (0x00000000878d4d48) 
thrown [s\open\src\hotspot\share\classfile\systemDictionary.cpp, line 255]
Event: 15.711 Thread 0x000002dd2c04b030 Exception <a 'java/lang/ClassNotFoundException'{0x00000000878d54a8}: ToolBar> (0x00000000878d54a8) 
thrown [s\open\src\hotspot\share\classfile\systemDictionary.cpp, line 255]
Event: 15.711 Thread 0x000002dd2c04b030 Exception <a 'java/lang/ClassNotFoundException'{0x00000000878d5aa8}: Button> (0x00000000878d5aa8) 
thrown [s\open\src\hotspot\share\classfile\systemDictionary.cpp, line 255]
Event: 15.711 Thread 0x000002dd2c04b030 Exception <a 'java/lang/ClassNotFoundException'{0x00000000878d61d0}: ToolBar> (0x00000000878d61d0) 
thrown [s\open\src\hotspot\share\classfile\systemDictionary.cpp, line 255]
Event: 15.711 Thread 0x000002dd2c04b030 Exception <a 'java/lang/ClassNotFoundException'{0x00000000878d67e0}: ToggleButton> (0x00000000878d67e0) 
thrown [s\open\src\hotspot\share\classfile\systemDictionary.cpp, line 255]
Event: 15.711 Thread 0x000002dd2c04b030 Exception <a 'java/lang/ClassNotFoundException'{0x00000000878d6ec0}: javax/swing/JToolBarSeparator> (0x00000000878d6ec0) 
thrown [s\open\src\hotspot\share\classfile\systemDictionary.cpp, line 255]
Event: 15.711 Thread 0x000002dd2c04b030 Exception <a 'java/lang/ClassNotFoundException'{0x00000000878d7470}: ToolBarSeparator> (0x00000000878d7470) 
thrown [s\open\src\hotspot\share\classfile\systemDictionary.cpp, line 255]
Event: 15.711 Thread 0x000002dd2c04b030 Exception <a 'java/lang/ClassNotFoundException'{0x00000000878d7b70}: ToolTip> (0x00000000878d7b70) 
thrown [s\open\src\hotspot\share\classfile\systemDictionary.cpp, line 255]
Event: 15.711 Thread 0x000002dd2c04b030 Exception <a 'java/lang/ClassNotFoundException'{0x00000000878d8270}: Tree> (0x00000000878d8270) 
thrown [s\open\src\hotspot\share\classfile\systemDictionary.cpp, line 255]
Event: 15.711 Thread 0x000002dd2c04b030 Exception <a 'java/lang/ClassNotFoundException'{0x00000000878d89d0}: Tree> (0x00000000878d89d0) 
thrown [s\open\src\hotspot\share\classfile\systemDictionary.cpp, line 255]
Event: 15.711 Thread 0x000002dd2c04b030 Exception <a 'java/lang/ClassNotFoundException'{0x00000000878d8fe0}: javax/swing/JTreeCell> (0x00000000878d8fe0) 
thrown [s\open\src\hotspot\share\classfile\systemDictionary.cpp, line 255]
Event: 15.711 Thread 0x000002dd2c04b030 Exception <a 'java/lang/ClassNotFoundException'{0x00000000878d9588}: TreeCell> (0x00000000878d9588) 
thrown [s\open\src\hotspot\share\classfile\systemDictionary.cpp, line 255]
Event: 15.711 Thread 0x000002dd2c04b030 Exception <a 'java/lang/ClassNotFoundException'{0x00000000878d9de0}: RootPane> (0x00000000878d9de0) 
thrown [s\open\src\hotspot\share\classfile\systemDictionary.cpp, line 255]

VM Operations (20 events):
Event: 15.773 Executing VM operation: HandshakeAllThreads
Event: 15.773 Executing VM operation: HandshakeAllThreads done
Event: 16.779 Executing VM operation: Cleanup
Event: 16.779 Executing VM operation: Cleanup done
Event: 18.789 Executing VM operation: Cleanup
Event: 18.789 Executing VM operation: Cleanup done
Event: 19.804 Executing VM operation: Cleanup
Event: 19.804 Executing VM operation: Cleanup done
Event: 20.810 Executing VM operation: Cleanup
Event: 20.810 Executing VM operation: Cleanup done
Event: 21.824 Executing VM operation: Cleanup
Event: 21.824 Executing VM operation: Cleanup done
Event: 23.831 Executing VM operation: Cleanup
Event: 23.831 Executing VM operation: Cleanup done
Event: 102.543 Executing VM operation: Cleanup
Event: 102.543 Executing VM operation: Cleanup done
Event: 115.710 Executing VM operation: Cleanup
Event: 115.710 Executing VM operation: Cleanup done
Event: 124.078 Executing VM operation: Cleanup
Event: 124.079 Executing VM operation: Cleanup done

Events (20 events):
Event: 0.118 Thread 0x000002dd27af7c00 Thread added: 0x000002dd27af7c00
Event: 0.153 Thread 0x000002dd2bd7a1a0 Thread added: 0x000002dd2bd7a1a0
Event: 0.157 Thread 0x000002dd2bd7ccf0 Thread added: 0x000002dd2bd7ccf0
Event: 0.165 Loaded shared library C:\Program Files\Java\jdk-18.0.2\bin\net.dll
Event: 0.174 Loaded shared library C:\Program Files\Java\jdk-18.0.2\bin\nio.dll
Event: 0.184 Loaded shared library C:\Program Files\Java\jdk-18.0.2\bin\zip.dll
Event: 0.229 Loaded shared library C:\Program Files\Java\jdk-18.0.2\bin\jimage.dll
Event: 0.284 Loaded shared library C:\Program Files\Java\jdk-18.0.2\bin\awt.dll
Event: 0.442 Thread 0x000002dd2bde1df0 Thread added: 0x000002dd2bde1df0
Event: 0.443 Thread 0x000002dd2bde22b0 Thread added: 0x000002dd2bde22b0
Event: 0.447 Thread 0x000002dd2bf8b020 Thread added: 0x000002dd2bf8b020
Event: 0.643 Loaded shared library C:\Program Files\Java\jdk-18.0.2\bin\freetype.dll
Event: 0.644 Loaded shared library C:\Program Files\Java\jdk-18.0.2\bin\fontmanager.dll
Event: 0.790 Thread 0x000002dd2c04b030 Thread added: 0x000002dd2c04b030
Event: 0.791 Thread 0x000002dd0a58e410 Thread exited: 0x000002dd0a58e410
Event: 0.791 Thread 0x000002dd0a58e410 Thread added: 0x000002dd0a58e410
Event: 1.225 Thread 0x000002dd2f26e010 Thread added: 0x000002dd2f26e010
Event: 2.178 Thread 0x000002dd2f5e7260 Thread added: 0x000002dd2f5e7260
Event: 10.269 Loaded shared library C:\Program Files\Java\jdk-18.0.2\bin\verify.dll
Event: 10.276 Thread 0x000002dd2eead780 Thread added: 0x000002dd2eead780


Dynamic libraries:
0x00007ff628aa0000 - 0x00007ff628ab0000 	C:\Program Files\Java\jdk-18.0.2\bin\java.exe
0x00007ff9f4d20000 - 0x00007ff9f4f29000 	C:\Windows\SYSTEM32\ntdll.dll
0x00007ff9f3d70000 - 0x00007ff9f3e2d000 	C:\Windows\System32\KERNEL32.DLL
0x00007ff9f25b0000 - 0x00007ff9f292d000 	C:\Windows\System32\KERNELBASE.dll
0x00007ff9f2490000 - 0x00007ff9f25a1000 	C:\Windows\System32\ucrtbase.dll
0x00007ff9d9dd0000 - 0x00007ff9d9de8000 	C:\Program Files\Java\jdk-18.0.2\bin\jli.dll
0x00007ff9f3250000 - 0x00007ff9f32fe000 	C:\Windows\System32\ADVAPI32.dll
0x00007ff9f3fe0000 - 0x00007ff9f4083000 	C:\Windows\System32\msvcrt.dll
0x00007ff9f4180000 - 0x00007ff9f421e000 	C:\Windows\System32\sechost.dll
0x00007ff9f2c70000 - 0x00007ff9f2d90000 	C:\Windows\System32\RPCRT4.dll
0x00007ff9f2e90000 - 0x00007ff9f303d000 	C:\Windows\System32\USER32.dll
0x00007ff9f2200000 - 0x00007ff9f2226000 	C:\Windows\System32\win32u.dll
0x00007ff9f3e30000 - 0x00007ff9f3e59000 	C:\Windows\System32\GDI32.dll
0x00007ff9f2a90000 - 0x00007ff9f2ba8000 	C:\Windows\System32\gdi32full.dll
0x00007ff9f29f0000 - 0x00007ff9f2a8d000 	C:\Windows\System32\msvcp_win.dll
0x00007ff9de7b0000 - 0x00007ff9de7ca000 	C:\Program Files\Java\jdk-18.0.2\bin\VCRUNTIME140.dll
0x00007ff9d5410000 - 0x00007ff9d56b5000 	C:\Windows\WinSxS\amd64_microsoft.windows.common-controls_6595b64144ccf1df_6.0.22000.120_none_9d947278b86cc467\COMCTL32.dll
0x00007ff9ea5d0000 - 0x00007ff9ea5da000 	C:\Windows\SYSTEM32\VERSION.dll
0x00007ff9f49e0000 - 0x00007ff9f4a11000 	C:\Windows\System32\IMM32.DLL
0x00007ff9eea10000 - 0x00007ff9eea1c000 	C:\Program Files\Java\jdk-18.0.2\bin\vcruntime140_1.dll
0x00007ff9cf0c0000 - 0x00007ff9cf14d000 	C:\Program Files\Java\jdk-18.0.2\bin\msvcp140.dll
0x00007ff9a5570000 - 0x00007ff9a6181000 	C:\Program Files\Java\jdk-18.0.2\bin\server\jvm.dll
0x00007ff9f36f0000 - 0x00007ff9f36f8000 	C:\Windows\System32\PSAPI.DLL
0x00007ff9ddf30000 - 0x00007ff9ddf39000 	C:\Windows\SYSTEM32\WSOCK32.dll
0x00007ff9f4a30000 - 0x00007ff9f4a9f000 	C:\Windows\System32\WS2_32.dll
0x00007ff9e02d0000 - 0x00007ff9e0303000 	C:\Windows\SYSTEM32\WINMM.dll
0x00007ff9f12c0000 - 0x00007ff9f12d8000 	C:\Windows\SYSTEM32\kernel.appcore.dll
0x00007ff9de810000 - 0x00007ff9de81a000 	C:\Program Files\Java\jdk-18.0.2\bin\jimage.dll
0x00007ff9e66d0000 - 0x00007ff9e68f1000 	C:\Windows\SYSTEM32\DBGHELP.DLL
0x00007ff9e6690000 - 0x00007ff9e66c1000 	C:\Windows\SYSTEM32\dbgcore.DLL
0x00007ff9f22a0000 - 0x00007ff9f231f000 	C:\Windows\System32\bcryptPrimitives.dll
0x00007ff9d32d0000 - 0x00007ff9d32f5000 	C:\Program Files\Java\jdk-18.0.2\bin\java.dll
0x00007ff9d31f0000 - 0x00007ff9d32c6000 	C:\Program Files\Java\jdk-18.0.2\bin\jsvml.dll
0x00007ff9f4220000 - 0x00007ff9f49d8000 	C:\Windows\System32\SHELL32.dll
0x00007ff9f0330000 - 0x00007ff9f0b98000 	C:\Windows\SYSTEM32\windows.storage.dll
0x00007ff9f3370000 - 0x00007ff9f36e9000 	C:\Windows\System32\combase.dll
0x00007ff9f01c0000 - 0x00007ff9f0326000 	C:\Windows\SYSTEM32\wintypes.dll
0x00007ff9f3ef0000 - 0x00007ff9f3fda000 	C:\Windows\System32\SHCORE.dll
0x00007ff9f3d10000 - 0x00007ff9f3d6d000 	C:\Windows\System32\shlwapi.dll
0x00007ff9f2130000 - 0x00007ff9f2151000 	C:\Windows\SYSTEM32\profapi.dll
0x00007ff9d8f80000 - 0x00007ff9d8f93000 	C:\Program Files\Java\jdk-18.0.2\bin\net.dll
0x00007ff9ed6f0000 - 0x00007ff9ed7fc000 	C:\Windows\SYSTEM32\WINHTTP.dll
0x00007ff9f16e0000 - 0x00007ff9f1747000 	C:\Windows\system32\mswsock.dll
0x00007ff9d31d0000 - 0x00007ff9d31e6000 	C:\Program Files\Java\jdk-18.0.2\bin\nio.dll
0x00007ff9d31b0000 - 0x00007ff9d31c8000 	C:\Program Files\Java\jdk-18.0.2\bin\zip.dll
0x00007ff9cee10000 - 0x00007ff9cef9f000 	C:\Program Files\Java\jdk-18.0.2\bin\awt.dll
0x00007ff9f2db0000 - 0x00007ff9f2e86000 	C:\Windows\System32\OLEAUT32.dll
0x00007ff9ef810000 - 0x00007ff9ef8a1000 	C:\Windows\SYSTEM32\apphelp.dll
0x00007ff9ef910000 - 0x00007ff9ef9bc000 	C:\Windows\system32\uxtheme.dll
0x00007ff9f3b70000 - 0x00007ff9f3c8e000 	C:\Windows\System32\MSCTF.dll
0x00007ff9f30b0000 - 0x00007ff9f324a000 	C:\Windows\System32\ole32.dll
0x00007ff9efbd0000 - 0x00007ff9efbff000 	C:\Windows\system32\DWMAPI.DLL
0x00007ff9cf030000 - 0x00007ff9cf0b6000 	C:\Program Files\Java\jdk-18.0.2\bin\freetype.dll
0x00007ff9cebe0000 - 0x00007ff9cec88000 	C:\Program Files\Java\jdk-18.0.2\bin\fontmanager.dll
0x00007ff9ced00000 - 0x00007ff9cee01000 	C:\Windows\system32\opengl32.dll
0x00007ff9d3180000 - 0x00007ff9d31ad000 	C:\Windows\SYSTEM32\GLU32.dll
0x00007ff9efa10000 - 0x00007ff9efa48000 	C:\Windows\SYSTEM32\dxcore.dll
0x00007ff9de2c0000 - 0x00007ff9de3ed000 	C:\Windows\SYSTEM32\textinputframework.dll
0x00007ff9ef520000 - 0x00007ff9ef652000 	C:\Windows\SYSTEM32\CoreMessaging.dll
0x00007ff9e14e0000 - 0x00007ff9e184d000 	C:\Windows\SYSTEM32\CoreUIComponents.dll
0x00007ff9f18d0000 - 0x00007ff9f18dc000 	C:\Windows\SYSTEM32\CRYPTBASE.DLL
0x00007ff9f2bc0000 - 0x00007ff9f2c6f000 	C:\Windows\System32\clbcatq.dll
0x00007ff9e0570000 - 0x00007ff9e071e000 	C:\Windows\SYSTEM32\WindowsCodecs.dll
0x00007ff9ce060000 - 0x00007ff9ce0bd000 	C:\Windows\system32\dataexchange.dll
0x00007ff9e5950000 - 0x00007ff9e5bb6000 	C:\Windows\system32\twinapi.appcore.dll
0x00007ff9da0e0000 - 0x00007ff9da0f0000 	C:\Program Files\Java\jdk-18.0.2\bin\verify.dll
0x00007ff9f0e20000 - 0x00007ff9f0f08000 	C:\Windows\SYSTEM32\DNSAPI.dll
0x00007ff9f0df0000 - 0x00007ff9f0e1d000 	C:\Windows\SYSTEM32\IPHLPAPI.DLL
0x00007ff9f3360000 - 0x00007ff9f3369000 	C:\Windows\System32\NSI.dll
0x00007ff9eb7e0000 - 0x00007ff9eb7ea000 	C:\Windows\System32\rasadhlp.dll
0x00007ff9ecc60000 - 0x00007ff9ecce1000 	C:\Windows\System32\fwpuclnt.dll
0x00007ff9db9d0000 - 0x00007ff9dba7e000 	C:\Windows\SYSTEM32\TextShaping.dll
0x00007ff9bb4f0000 - 0x00007ff9bb696000 	C:\Windows\system32\d3d9.dll
0x00007ff9e1ad0000 - 0x00007ff9e1b14000 	C:\Windows\SYSTEM32\directxdatabasehelper.dll
0x00007ff9efb70000 - 0x00007ff9efba4000 	C:\Windows\SYSTEM32\ntmarta.dll

dbghelp: loaded successfully - version: 4.0.5 - missing functions: none
symbol engine: initialized successfully - sym options: 0x614 - pdb path: .;C:\Program Files\Java\jdk-18.0.2\bin;C:\Windows\SYSTEM32;C:\Windows\WinSxS\amd64_microsoft.windows.common-controls_6595b64144ccf1df_6.0.22000.120_none_9d947278b86cc467;C:\Program Files\Java\jdk-18.0.2\bin\server

VM Arguments:
jvm_args: -Dfile.encoding=UTF-8 
java_command: mainlibrary.MainLibrary
java_class_path (initial): C:\Users\PenTester12\Downloads\securityProject\securityProject\mysql-connector-java-5.1.48.jar;C:\Users\PenTester12\Downloads\securityProject\securityProject\build\classes
Launcher Type: SUN_STANDARD

[Global flags]
     intx CICompilerCount                          = 2                                         {product} {ergonomic}
     uint ConcGCThreads                            = 1                                         {product} {ergonomic}
     uint G1ConcRefinementThreads                  = 2                                         {product} {ergonomic}
   size_t G1HeapRegionSize                         = 1048576                                   {product} {ergonomic}
    uintx GCDrainStackTargetSize                   = 64                                        {product} {ergonomic}
   size_t InitialHeapSize                          = 134217728                                 {product} {ergonomic}
   size_t MarkStackSize                            = 4194304                                   {product} {ergonomic}
   size_t MaxHeapSize                              = 2147483648                                {product} {ergonomic}
   size_t MaxNewSize                               = 1287651328                                {product} {ergonomic}
   size_t MinHeapDeltaBytes                        = 1048576                                   {product} {ergonomic}
   size_t MinHeapSize                              = 8388608                                   {product} {ergonomic}
    uintx NonNMethodCodeHeapSize                   = 5826188                                {pd product} {ergonomic}
    uintx NonProfiledCodeHeapSize                  = 122916026                              {pd product} {ergonomic}
    uintx ProfiledCodeHeapSize                     = 122916026                              {pd product} {ergonomic}
    uintx ReservedCodeCacheSize                    = 251658240                              {pd product} {ergonomic}
     bool SegmentedCodeCache                       = true                                      {product} {ergonomic}
   size_t SoftMaxHeapSize                          = 2147483648                             {manageable} {ergonomic}
     bool UseCompressedClassPointers               = true                           {product lp64_product} {ergonomic}
     bool UseCompressedOops                        = true                           {product lp64_product} {ergonomic}
     bool UseG1GC                                  = true                                      {product} {ergonomic}
     bool UseLargePagesIndividualAllocation        = false                                  {pd product} {ergonomic}

Logging:
Log output configuration:
 #0: stdout all=warning uptime,level,tags foldmultilines=false
 #1: stderr all=off uptime,level,tags foldmultilines=false

Environment Variables:
PATH=C:\Program Files\Fortify\Fortify_SCA_and_Apps_19.1.0\bin;C:\Program Files\Eclipse Adoptium\jdk-17.0.4.8-hotspot\bin;C:\Program Files\Common Files\Oracle\Java\javapath;C:\Windows\system32;C:\Windows;C:\Windows\System32\Wbem;C:\Windows\System32\WindowsPowerShell\v1.0\;C:\Windows\System32\OpenSSH\;C:\Program Files\Docker\Docker\resources\bin;C:\ProgramData\DockerDesktop\version-bin;C:\Program Files\Go\bin;C:\Program Files\Git\cmd;C:\Users\PenTester12\Downloads\sonar-scanner-cli-4.7.0.2747-windows\sonar-scanner-4.7.0.2747-windows\bin;C:\Program Files\MySQL\MySQL Shell 8.0\bin\;C:\Users\PenTester12\AppData\Local\Microsoft\WindowsApps;C:\Users\PenTester12\go\bin;C:\Users\PenTester12\AppData\Local\Programs\Microsoft VS Code\bin
USERNAME=PenTester12
OS=Windows_NT
PROCESSOR_IDENTIFIER=Intel64 Family 6 Model 85 Stepping 7, GenuineIntel



---------------  S Y S T E M  ---------------

OS:
 Windows 11 , 64 bit Build 22000 (10.0.22000.708)
OS uptime: 0 days 3:15 hours
Hyper-V role detected

CPU: total 2 (initial active 2) (1 cores per cpu, 2 threads per core) family 6 model 85 stepping 7 microcode 0xffffffff, cx8, cmov, fxsr, ht, mmx, 3dnowpref, sse, sse2, sse3, ssse3, sse4.1, sse4.2, popcnt, lzcnt, tsc, avx, avx2, aes, erms, clmul, bmi1, bmi2, rtm, adx, avx512f, avx512dq, avx512cd, avx512bw, avx512vl, fma, vzeroupper, clflush, clflushopt, hv

Memory: 4k page, system-wide physical 8190M (1300M free)
TotalPageFile size 10238M (AvailPageFile size 14M)
current process WorkingSet (physical memory assigned to process): 131M, peak: 165M
current process commit charge ("private bytes"): 272M, peak: 310M

vm_info: Java HotSpot(TM) 64-Bit Server VM (18.0.2+9-61) for windows-amd64 JRE (18.0.2+9-61), built on Jun  7 2022 13:09:01 by "mach5one" with MS VC++ 16.8 / 16.9 (VS2019)

END.
